[2025-07-11T08:32:09.318619+00:00] zafkiel.INFO: Creating dispatcher [] []
[2025-07-11T08:32:09.320465+00:00] zafkiel.INFO: Inside route definition function [] []
[2025-07-11T08:32:09.320557+00:00] zafkiel.INFO: Route definition executed [] []
[2025-07-11T08:32:09.320612+00:00] zafkiel.INFO: Dispatcher created [] []
[2025-07-11T08:32:09.320718+00:00] zafkiel.INFO: Request details {"method":"GET","url":"/","path":"/","basePath":"/zafkiel","relativePath":"/"} []
[2025-07-11T08:32:09.320745+00:00] zafkiel.INFO: Request started {"method":"GET","uri":"/","ip":"127.0.0.1"} []
[2025-07-11T08:32:09.320762+00:00] zafkiel.INFO: Dispatching route [] []
[2025-07-11T08:32:09.320777+00:00] zafkiel.INFO: Route dispatched {"route":[1,["Zafkiel\\Presentation\\Controllers\\HomeController","index"],[]]} []
[2025-07-11T08:32:09.320817+00:00] zafkiel.INFO: Route found {"handler":["Zafkiel\\Presentation\\Controllers\\HomeController","index"],"vars":[]} []
[2025-07-11T08:32:09.326214+00:00] zafkiel.INFO: Request completed {"method":"GET","uri":"/","status":500} []
[2025-07-11T08:32:09.397884+00:00] zafkiel.INFO: Creating dispatcher [] []
[2025-07-11T08:32:09.398264+00:00] zafkiel.INFO: Inside route definition function [] []
[2025-07-11T08:32:09.398466+00:00] zafkiel.INFO: Route definition executed [] []
[2025-07-11T08:32:09.398549+00:00] zafkiel.INFO: Dispatcher created [] []
[2025-07-11T08:32:09.398688+00:00] zafkiel.INFO: Request details {"method":"GET","url":"/public/img/backoffice/core/zafkiel_logo.png","path":"/public/img/backoffice/core/zafkiel_logo.png","basePath":"/zafkiel","relativePath":"/public/img/backoffice/core/zafkiel_logo.png"} []
[2025-07-11T08:32:09.398726+00:00] zafkiel.INFO: Request started {"method":"GET","uri":"/public/img/backoffice/core/zafkiel_logo.png","ip":"127.0.0.1"} []
[2025-07-11T08:32:09.398756+00:00] zafkiel.INFO: Dispatching route [] []
[2025-07-11T08:32:09.398784+00:00] zafkiel.INFO: Route dispatched {"route":[0]} []
[2025-07-11T08:32:09.398832+00:00] zafkiel.INFO: Request completed {"method":"GET","uri":"/public/img/backoffice/core/zafkiel_logo.png","status":404} []
[2025-07-11T08:32:09.401442+00:00] zafkiel.INFO: Creating dispatcher [] []
[2025-07-11T08:32:09.401618+00:00] zafkiel.INFO: Inside route definition function [] []
[2025-07-11T08:32:09.401687+00:00] zafkiel.INFO: Route definition executed [] []
[2025-07-11T08:32:09.401739+00:00] zafkiel.INFO: Dispatcher created [] []
[2025-07-11T08:32:09.401842+00:00] zafkiel.INFO: Request details {"method":"GET","url":"/public/img/zafkiel/zafkiel_logo.png","path":"/public/img/zafkiel/zafkiel_logo.png","basePath":"/zafkiel","relativePath":"/public/img/zafkiel/zafkiel_logo.png"} []
[2025-07-11T08:32:09.401878+00:00] zafkiel.INFO: Request started {"method":"GET","uri":"/public/img/zafkiel/zafkiel_logo.png","ip":"127.0.0.1"} []
[2025-07-11T08:32:09.401903+00:00] zafkiel.INFO: Dispatching route [] []
[2025-07-11T08:32:09.401928+00:00] zafkiel.INFO: Route dispatched {"route":[0]} []
[2025-07-11T08:32:09.401974+00:00] zafkiel.INFO: Request completed {"method":"GET","uri":"/public/img/zafkiel/zafkiel_logo.png","status":404} []
