[2025-07-15T06:21:09.354600+00:00] zafkiel.INFO: Creating dispatcher [] []
[2025-07-15T06:21:09.355214+00:00] zafkiel.INFO: Inside route definition function [] []
[2025-07-15T06:21:09.355360+00:00] zafkiel.INFO: Route definition executed [] []
[2025-07-15T06:21:09.355483+00:00] zafkiel.INFO: Dispatcher created [] []
[2025-07-15T06:21:09.355637+00:00] zafkiel.INFO: Request details {"method":"GET","url":"/","path":"/","basePath":"/zafkiel","relativePath":"/"} []
[2025-07-15T06:21:09.355671+00:00] zafkiel.INFO: Request started {"method":"GET","uri":"/","ip":"127.0.0.1"} []
[2025-07-15T06:21:09.355694+00:00] zafkiel.INFO: Dispatching route [] []
[2025-07-15T06:21:09.355713+00:00] zafkiel.INFO: Route dispatched {"route":[1,["Zafkiel\\Presentation\\Controllers\\HomeController","index"],[]]} []
[2025-07-15T06:21:09.355777+00:00] zafkiel.INFO: Route found {"handler":["Zafkiel\\Presentation\\Controllers\\HomeController","index"],"vars":[]} []
[2025-07-15T06:21:09.366925+00:00] zafkiel.ERROR: Erreur dans HomeController::index: [Semantical Error] line 0, col 128 near 'perm LEFT JOIN': Error: Class Zafkiel\Domain\Entities\ZafkielAdmin has no association named permissions [] []
[2025-07-15T06:21:09.367125+00:00] zafkiel.ERROR: Request failed {"method":"GET","uri":"/","error":"[Semantical Error] line 0, col 128 near 'perm LEFT JOIN': Error: Class Zafkiel\\Domain\\Entities\\ZafkielAdmin has no association named permissions","trace":"#0 /var/www/zafkiel/vendor/doctrine/orm/src/Query/Parser.php(516): Doctrine\\ORM\\Query\\QueryException::semanticalError()\n#1 /var/www/zafkiel/vendor/doctrine/orm/src/Query/Parser.php(1110): Doctrine\\ORM\\Query\\Parser->semanticalError()\n#2 /var/www/zafkiel/vendor/doctrine/orm/src/Query/Parser.php(1829): Doctrine\\ORM\\Query\\Parser->JoinAssociationPathExpression()\n#3 /var/www/zafkiel/vendor/doctrine/orm/src/Query/Parser.php(1762): Doctrine\\ORM\\Query\\Parser->JoinAssociationDeclaration()\n#4 /var/www/zafkiel/vendor/doctrine/orm/src/Query/Parser.php(1655): Doctrine\\ORM\\Query\\Parser->Join()\n#5 /var/www/zafkiel/vendor/doctrine/orm/src/Query/Parser.php(1373): Doctrine\\ORM\\Query\\Parser->IdentificationVariableDeclaration()\n#6 /var/www/zafkiel/vendor/doctrine/orm/src/Query/Parser.php(902): Doctrine\\ORM\\Query\\Parser->FromClause()\n#7 /var/www/zafkiel/vendor/doctrine/orm/src/Query/Parser.php(871): Doctrine\\ORM\\Query\\Parser->SelectStatement()\n#8 /var/www/zafkiel/vendor/doctrine/orm/src/Query/Parser.php(263): Doctrine\\ORM\\Query\\Parser->QueryLanguage()\n#9 /var/www/zafkiel/vendor/doctrine/orm/src/Query/Parser.php(363): Doctrine\\ORM\\Query\\Parser->getAST()\n#10 /var/www/zafkiel/vendor/doctrine/orm/src/Query.php(279): Doctrine\\ORM\\Query\\Parser->parse()\n#11 /var/www/zafkiel/vendor/doctrine/orm/src/Query.php(865): Doctrine\\ORM\\Query->parse()\n#12 /var/www/zafkiel/vendor/doctrine/orm/src/Query.php(291): Doctrine\\ORM\\Query->getSqlExecutor()\n#13 /var/www/zafkiel/vendor/doctrine/orm/src/AbstractQuery.php(1218): Doctrine\\ORM\\Query->_doExecute()\n#14 /var/www/zafkiel/vendor/doctrine/orm/src/AbstractQuery.php(1172): Doctrine\\ORM\\AbstractQuery->executeIgnoreQueryCache()\n#15 /var/www/zafkiel/vendor/doctrine/orm/src/AbstractQuery.php(907): Doctrine\\ORM\\AbstractQuery->execute()\n#16 /var/www/zafkiel/src/Infrastructure/Services/AdminService.php(36): Doctrine\\ORM\\AbstractQuery->getResult()\n#17 /var/www/zafkiel/src/Application/UseCases/Admin/GetAdminDetailsUseCase.php(22): Zafkiel\\Infrastructure\\Services\\AdminService->getAdmins()\n#18 /var/www/zafkiel/src/Presentation/Controllers/HomeController.php(34): Zafkiel\\Application\\UseCases\\Admin\\GetAdminDetailsUseCase->execute()\n#19 /var/www/zafkiel/public/index.php(135): Zafkiel\\Presentation\\Controllers\\HomeController->index()\n#20 {main}"} []
[2025-07-15T06:21:09.435355+00:00] zafkiel.INFO: Creating dispatcher [] []
[2025-07-15T06:21:09.435580+00:00] zafkiel.INFO: Inside route definition function [] []
[2025-07-15T06:21:09.435658+00:00] zafkiel.INFO: Route definition executed [] []
[2025-07-15T06:21:09.435721+00:00] zafkiel.INFO: Dispatcher created [] []
[2025-07-15T06:21:09.435846+00:00] zafkiel.INFO: Request details {"method":"GET","url":"/favicon.ico","path":"/favicon.ico","basePath":"/zafkiel","relativePath":"/favicon.ico"} []
[2025-07-15T06:21:09.435888+00:00] zafkiel.INFO: Request started {"method":"GET","uri":"/favicon.ico","ip":"127.0.0.1"} []
[2025-07-15T06:21:09.435918+00:00] zafkiel.INFO: Dispatching route [] []
[2025-07-15T06:21:09.435948+00:00] zafkiel.INFO: Route dispatched {"route":[0]} []
[2025-07-15T06:21:09.436003+00:00] zafkiel.INFO: Request completed {"method":"GET","uri":"/favicon.ico","status":404} []
[2025-07-15T06:21:37.912962+00:00] zafkiel.INFO: Creating dispatcher [] []
[2025-07-15T06:21:37.913237+00:00] zafkiel.INFO: Inside route definition function [] []
[2025-07-15T06:21:37.913334+00:00] zafkiel.INFO: Route definition executed [] []
[2025-07-15T06:21:37.913424+00:00] zafkiel.INFO: Dispatcher created [] []
[2025-07-15T06:21:37.913604+00:00] zafkiel.INFO: Request details {"method":"GET","url":"/","path":"/","basePath":"/zafkiel","relativePath":"/"} []
[2025-07-15T06:21:37.913643+00:00] zafkiel.INFO: Request started {"method":"GET","uri":"/","ip":"127.0.0.1"} []
[2025-07-15T06:21:37.913671+00:00] zafkiel.INFO: Dispatching route [] []
[2025-07-15T06:21:37.913699+00:00] zafkiel.INFO: Route dispatched {"route":[1,["Zafkiel\\Presentation\\Controllers\\HomeController","index"],[]]} []
[2025-07-15T06:21:37.913756+00:00] zafkiel.INFO: Route found {"handler":["Zafkiel\\Presentation\\Controllers\\HomeController","index"],"vars":[]} []
[2025-07-15T06:21:37.915774+00:00] zafkiel.ERROR: Erreur dans HomeController::index: [Semantical Error] line 0, col 122 near 'priv LEFT JOIN': Error: Class Zafkiel\Domain\Entities\ZafkielAdmin has no association named permissions [] []
[2025-07-15T06:21:37.915818+00:00] zafkiel.ERROR: Request failed {"method":"GET","uri":"/","error":"[Semantical Error] line 0, col 122 near 'priv LEFT JOIN': Error: Class Zafkiel\\Domain\\Entities\\ZafkielAdmin has no association named permissions","trace":"#0 /var/www/zafkiel/vendor/doctrine/orm/src/Query/Parser.php(516): Doctrine\\ORM\\Query\\QueryException::semanticalError()\n#1 /var/www/zafkiel/vendor/doctrine/orm/src/Query/Parser.php(1110): Doctrine\\ORM\\Query\\Parser->semanticalError()\n#2 /var/www/zafkiel/vendor/doctrine/orm/src/Query/Parser.php(1829): Doctrine\\ORM\\Query\\Parser->JoinAssociationPathExpression()\n#3 /var/www/zafkiel/vendor/doctrine/orm/src/Query/Parser.php(1762): Doctrine\\ORM\\Query\\Parser->JoinAssociationDeclaration()\n#4 /var/www/zafkiel/vendor/doctrine/orm/src/Query/Parser.php(1655): Doctrine\\ORM\\Query\\Parser->Join()\n#5 /var/www/zafkiel/vendor/doctrine/orm/src/Query/Parser.php(1373): Doctrine\\ORM\\Query\\Parser->IdentificationVariableDeclaration()\n#6 /var/www/zafkiel/vendor/doctrine/orm/src/Query/Parser.php(902): Doctrine\\ORM\\Query\\Parser->FromClause()\n#7 /var/www/zafkiel/vendor/doctrine/orm/src/Query/Parser.php(871): Doctrine\\ORM\\Query\\Parser->SelectStatement()\n#8 /var/www/zafkiel/vendor/doctrine/orm/src/Query/Parser.php(263): Doctrine\\ORM\\Query\\Parser->QueryLanguage()\n#9 /var/www/zafkiel/vendor/doctrine/orm/src/Query/Parser.php(363): Doctrine\\ORM\\Query\\Parser->getAST()\n#10 /var/www/zafkiel/vendor/doctrine/orm/src/Query.php(279): Doctrine\\ORM\\Query\\Parser->parse()\n#11 /var/www/zafkiel/vendor/doctrine/orm/src/Query.php(865): Doctrine\\ORM\\Query->parse()\n#12 /var/www/zafkiel/vendor/doctrine/orm/src/Query.php(291): Doctrine\\ORM\\Query->getSqlExecutor()\n#13 /var/www/zafkiel/vendor/doctrine/orm/src/AbstractQuery.php(1218): Doctrine\\ORM\\Query->_doExecute()\n#14 /var/www/zafkiel/vendor/doctrine/orm/src/AbstractQuery.php(1172): Doctrine\\ORM\\AbstractQuery->executeIgnoreQueryCache()\n#15 /var/www/zafkiel/vendor/doctrine/orm/src/AbstractQuery.php(907): Doctrine\\ORM\\AbstractQuery->execute()\n#16 /var/www/zafkiel/src/Infrastructure/Services/AdminService.php(36): Doctrine\\ORM\\AbstractQuery->getResult()\n#17 /var/www/zafkiel/src/Application/UseCases/Admin/GetAdminDetailsUseCase.php(22): Zafkiel\\Infrastructure\\Services\\AdminService->getAdmins()\n#18 /var/www/zafkiel/src/Presentation/Controllers/HomeController.php(34): Zafkiel\\Application\\UseCases\\Admin\\GetAdminDetailsUseCase->execute()\n#19 /var/www/zafkiel/public/index.php(135): Zafkiel\\Presentation\\Controllers\\HomeController->index()\n#20 {main}"} []
[2025-07-15T06:21:37.959326+00:00] zafkiel.INFO: Creating dispatcher [] []
[2025-07-15T06:21:37.959500+00:00] zafkiel.INFO: Inside route definition function [] []
[2025-07-15T06:21:37.959567+00:00] zafkiel.INFO: Route definition executed [] []
[2025-07-15T06:21:37.959627+00:00] zafkiel.INFO: Dispatcher created [] []
[2025-07-15T06:21:37.959716+00:00] zafkiel.INFO: Request details {"method":"GET","url":"/favicon.ico","path":"/favicon.ico","basePath":"/zafkiel","relativePath":"/favicon.ico"} []
[2025-07-15T06:21:37.959743+00:00] zafkiel.INFO: Request started {"method":"GET","uri":"/favicon.ico","ip":"127.0.0.1"} []
[2025-07-15T06:21:37.959761+00:00] zafkiel.INFO: Dispatching route [] []
[2025-07-15T06:21:37.959779+00:00] zafkiel.INFO: Route dispatched {"route":[0]} []
[2025-07-15T06:21:37.959810+00:00] zafkiel.INFO: Request completed {"method":"GET","uri":"/favicon.ico","status":404} []
[2025-07-15T06:21:59.415315+00:00] zafkiel.INFO: Creating dispatcher [] []
[2025-07-15T06:21:59.415557+00:00] zafkiel.INFO: Inside route definition function [] []
[2025-07-15T06:21:59.415616+00:00] zafkiel.INFO: Route definition executed [] []
[2025-07-15T06:21:59.415685+00:00] zafkiel.INFO: Dispatcher created [] []
[2025-07-15T06:21:59.415841+00:00] zafkiel.INFO: Request details {"method":"GET","url":"/","path":"/","basePath":"/zafkiel","relativePath":"/"} []
[2025-07-15T06:21:59.415883+00:00] zafkiel.INFO: Request started {"method":"GET","uri":"/","ip":"127.0.0.1"} []
[2025-07-15T06:21:59.415904+00:00] zafkiel.INFO: Dispatching route [] []
[2025-07-15T06:21:59.415928+00:00] zafkiel.INFO: Route dispatched {"route":[1,["Zafkiel\\Presentation\\Controllers\\HomeController","index"],[]]} []
[2025-07-15T06:21:59.415986+00:00] zafkiel.INFO: Route found {"handler":["Zafkiel\\Presentation\\Controllers\\HomeController","index"],"vars":[]} []
[2025-07-15T06:21:59.417539+00:00] zafkiel.ERROR: Erreur dans HomeController::index: [Semantical Error] line 0, col 14 near 'scope FROM Zafkiel\Domain\Entities\ZafkielAdmin': Error: 'scope' is not defined. [] []
[2025-07-15T06:21:59.417585+00:00] zafkiel.ERROR: Request failed {"method":"GET","uri":"/","error":"[Semantical Error] line 0, col 14 near 'scope FROM Zafkiel\\Domain\\Entities\\ZafkielAdmin': Error: 'scope' is not defined.","trace":"#0 /var/www/zafkiel/vendor/doctrine/orm/src/Query/Parser.php(516): Doctrine\\ORM\\Query\\QueryException::semanticalError()\n#1 /var/www/zafkiel/vendor/doctrine/orm/src/Query/Parser.php(623): Doctrine\\ORM\\Query\\Parser->semanticalError()\n#2 /var/www/zafkiel/vendor/doctrine/orm/src/Query/Parser.php(267): Doctrine\\ORM\\Query\\Parser->processDeferredIdentificationVariables()\n#3 /var/www/zafkiel/vendor/doctrine/orm/src/Query/Parser.php(363): Doctrine\\ORM\\Query\\Parser->getAST()\n#4 /var/www/zafkiel/vendor/doctrine/orm/src/Query.php(279): Doctrine\\ORM\\Query\\Parser->parse()\n#5 /var/www/zafkiel/vendor/doctrine/orm/src/Query.php(865): Doctrine\\ORM\\Query->parse()\n#6 /var/www/zafkiel/vendor/doctrine/orm/src/Query.php(291): Doctrine\\ORM\\Query->getSqlExecutor()\n#7 /var/www/zafkiel/vendor/doctrine/orm/src/AbstractQuery.php(1218): Doctrine\\ORM\\Query->_doExecute()\n#8 /var/www/zafkiel/vendor/doctrine/orm/src/AbstractQuery.php(1172): Doctrine\\ORM\\AbstractQuery->executeIgnoreQueryCache()\n#9 /var/www/zafkiel/vendor/doctrine/orm/src/AbstractQuery.php(907): Doctrine\\ORM\\AbstractQuery->execute()\n#10 /var/www/zafkiel/src/Infrastructure/Services/AdminService.php(36): Doctrine\\ORM\\AbstractQuery->getResult()\n#11 /var/www/zafkiel/src/Application/UseCases/Admin/GetAdminDetailsUseCase.php(22): Zafkiel\\Infrastructure\\Services\\AdminService->getAdmins()\n#12 /var/www/zafkiel/src/Presentation/Controllers/HomeController.php(34): Zafkiel\\Application\\UseCases\\Admin\\GetAdminDetailsUseCase->execute()\n#13 /var/www/zafkiel/public/index.php(135): Zafkiel\\Presentation\\Controllers\\HomeController->index()\n#14 {main}"} []
[2025-07-15T06:21:59.454588+00:00] zafkiel.INFO: Creating dispatcher [] []
[2025-07-15T06:21:59.454769+00:00] zafkiel.INFO: Inside route definition function [] []
[2025-07-15T06:21:59.454841+00:00] zafkiel.INFO: Route definition executed [] []
[2025-07-15T06:21:59.454904+00:00] zafkiel.INFO: Dispatcher created [] []
[2025-07-15T06:21:59.455036+00:00] zafkiel.INFO: Request details {"method":"GET","url":"/favicon.ico","path":"/favicon.ico","basePath":"/zafkiel","relativePath":"/favicon.ico"} []
[2025-07-15T06:21:59.455074+00:00] zafkiel.INFO: Request started {"method":"GET","uri":"/favicon.ico","ip":"127.0.0.1"} []
[2025-07-15T06:21:59.455101+00:00] zafkiel.INFO: Dispatching route [] []
[2025-07-15T06:21:59.455128+00:00] zafkiel.INFO: Route dispatched {"route":[0]} []
[2025-07-15T06:21:59.455179+00:00] zafkiel.INFO: Request completed {"method":"GET","uri":"/favicon.ico","status":404} []
[2025-07-15T06:22:08.669957+00:00] zafkiel.INFO: Creating dispatcher [] []
[2025-07-15T06:22:08.670221+00:00] zafkiel.INFO: Inside route definition function [] []
[2025-07-15T06:22:08.670293+00:00] zafkiel.INFO: Route definition executed [] []
[2025-07-15T06:22:08.670379+00:00] zafkiel.INFO: Dispatcher created [] []
[2025-07-15T06:22:08.670523+00:00] zafkiel.INFO: Request details {"method":"GET","url":"/","path":"/","basePath":"/zafkiel","relativePath":"/"} []
[2025-07-15T06:22:08.670554+00:00] zafkiel.INFO: Request started {"method":"GET","uri":"/","ip":"127.0.0.1"} []
[2025-07-15T06:22:08.670583+00:00] zafkiel.INFO: Dispatching route [] []
[2025-07-15T06:22:08.670610+00:00] zafkiel.INFO: Route dispatched {"route":[1,["Zafkiel\\Presentation\\Controllers\\HomeController","index"],[]]} []
[2025-07-15T06:22:08.670680+00:00] zafkiel.INFO: Route found {"handler":["Zafkiel\\Presentation\\Controllers\\HomeController","index"],"vars":[]} []
[2025-07-15T06:22:08.676455+00:00] zafkiel.ERROR: Erreur dans HomeController::index: [Semantical Error] line 0, col 88 near 'perm LEFT JOIN': Error: Class Zafkiel\Domain\Entities\ZafkielApps has no association named permissions [] []
[2025-07-15T06:22:08.676543+00:00] zafkiel.ERROR: Request failed {"method":"GET","uri":"/","error":"[Semantical Error] line 0, col 88 near 'perm LEFT JOIN': Error: Class Zafkiel\\Domain\\Entities\\ZafkielApps has no association named permissions","trace":"#0 /var/www/zafkiel/vendor/doctrine/orm/src/Query/Parser.php(516): Doctrine\\ORM\\Query\\QueryException::semanticalError()\n#1 /var/www/zafkiel/vendor/doctrine/orm/src/Query/Parser.php(1110): Doctrine\\ORM\\Query\\Parser->semanticalError()\n#2 /var/www/zafkiel/vendor/doctrine/orm/src/Query/Parser.php(1829): Doctrine\\ORM\\Query\\Parser->JoinAssociationPathExpression()\n#3 /var/www/zafkiel/vendor/doctrine/orm/src/Query/Parser.php(1762): Doctrine\\ORM\\Query\\Parser->JoinAssociationDeclaration()\n#4 /var/www/zafkiel/vendor/doctrine/orm/src/Query/Parser.php(1655): Doctrine\\ORM\\Query\\Parser->Join()\n#5 /var/www/zafkiel/vendor/doctrine/orm/src/Query/Parser.php(1373): Doctrine\\ORM\\Query\\Parser->IdentificationVariableDeclaration()\n#6 /var/www/zafkiel/vendor/doctrine/orm/src/Query/Parser.php(902): Doctrine\\ORM\\Query\\Parser->FromClause()\n#7 /var/www/zafkiel/vendor/doctrine/orm/src/Query/Parser.php(871): Doctrine\\ORM\\Query\\Parser->SelectStatement()\n#8 /var/www/zafkiel/vendor/doctrine/orm/src/Query/Parser.php(263): Doctrine\\ORM\\Query\\Parser->QueryLanguage()\n#9 /var/www/zafkiel/vendor/doctrine/orm/src/Query/Parser.php(363): Doctrine\\ORM\\Query\\Parser->getAST()\n#10 /var/www/zafkiel/vendor/doctrine/orm/src/Query.php(279): Doctrine\\ORM\\Query\\Parser->parse()\n#11 /var/www/zafkiel/vendor/doctrine/orm/src/Query.php(865): Doctrine\\ORM\\Query->parse()\n#12 /var/www/zafkiel/vendor/doctrine/orm/src/Query.php(291): Doctrine\\ORM\\Query->getSqlExecutor()\n#13 /var/www/zafkiel/vendor/doctrine/orm/src/AbstractQuery.php(1218): Doctrine\\ORM\\Query->_doExecute()\n#14 /var/www/zafkiel/vendor/doctrine/orm/src/AbstractQuery.php(1172): Doctrine\\ORM\\AbstractQuery->executeIgnoreQueryCache()\n#15 /var/www/zafkiel/vendor/doctrine/orm/src/AbstractQuery.php(907): Doctrine\\ORM\\AbstractQuery->execute()\n#16 /var/www/zafkiel/src/Infrastructure/Services/AppsService.php(28): Doctrine\\ORM\\AbstractQuery->getResult()\n#17 /var/www/zafkiel/src/Application/UseCases/Apps/GetAppsDetailsUseCase.php(17): Zafkiel\\Infrastructure\\Services\\AppsService->getApps()\n#18 /var/www/zafkiel/src/Presentation/Controllers/HomeController.php(35): Zafkiel\\Application\\UseCases\\Apps\\GetAppsDetailsUseCase->execute()\n#19 /var/www/zafkiel/public/index.php(135): Zafkiel\\Presentation\\Controllers\\HomeController->index()\n#20 {main}"} []
[2025-07-15T06:22:08.719193+00:00] zafkiel.INFO: Creating dispatcher [] []
[2025-07-15T06:22:08.719341+00:00] zafkiel.INFO: Inside route definition function [] []
[2025-07-15T06:22:08.719391+00:00] zafkiel.INFO: Route definition executed [] []
[2025-07-15T06:22:08.719429+00:00] zafkiel.INFO: Dispatcher created [] []
[2025-07-15T06:22:08.719502+00:00] zafkiel.INFO: Request details {"method":"GET","url":"/favicon.ico","path":"/favicon.ico","basePath":"/zafkiel","relativePath":"/favicon.ico"} []
[2025-07-15T06:22:08.719530+00:00] zafkiel.INFO: Request started {"method":"GET","uri":"/favicon.ico","ip":"127.0.0.1"} []
[2025-07-15T06:22:08.719547+00:00] zafkiel.INFO: Dispatching route [] []
[2025-07-15T06:22:08.719564+00:00] zafkiel.INFO: Route dispatched {"route":[0]} []
[2025-07-15T06:22:08.719597+00:00] zafkiel.INFO: Request completed {"method":"GET","uri":"/favicon.ico","status":404} []
[2025-07-15T06:22:20.726323+00:00] zafkiel.INFO: Creating dispatcher [] []
[2025-07-15T06:22:20.727327+00:00] zafkiel.INFO: Inside route definition function [] []
[2025-07-15T06:22:20.727688+00:00] zafkiel.INFO: Route definition executed [] []
[2025-07-15T06:22:20.728094+00:00] zafkiel.INFO: Dispatcher created [] []
[2025-07-15T06:22:20.728518+00:00] zafkiel.INFO: Request details {"method":"GET","url":"/","path":"/","basePath":"/zafkiel","relativePath":"/"} []
[2025-07-15T06:22:20.728594+00:00] zafkiel.INFO: Request started {"method":"GET","uri":"/","ip":"127.0.0.1"} []
[2025-07-15T06:22:20.728644+00:00] zafkiel.INFO: Dispatching route [] []
[2025-07-15T06:22:20.728688+00:00] zafkiel.INFO: Route dispatched {"route":[1,["Zafkiel\\Presentation\\Controllers\\HomeController","index"],[]]} []
[2025-07-15T06:22:20.728822+00:00] zafkiel.INFO: Route found {"handler":["Zafkiel\\Presentation\\Controllers\\HomeController","index"],"vars":[]} []
[2025-07-15T06:22:20.740265+00:00] zafkiel.INFO: Request completed {"method":"GET","uri":"/","status":500} []
[2025-07-15T06:22:20.891995+00:00] zafkiel.INFO: Creating dispatcher [] []
[2025-07-15T06:22:20.892206+00:00] zafkiel.INFO: Inside route definition function [] []
[2025-07-15T06:22:20.892273+00:00] zafkiel.INFO: Route definition executed [] []
[2025-07-15T06:22:20.892322+00:00] zafkiel.INFO: Dispatcher created [] []
[2025-07-15T06:22:20.892433+00:00] zafkiel.INFO: Request details {"method":"GET","url":"/public/img/backoffice/core/zafkiel_logo.png","path":"/public/img/backoffice/core/zafkiel_logo.png","basePath":"/zafkiel","relativePath":"/public/img/backoffice/core/zafkiel_logo.png"} []
[2025-07-15T06:22:20.892465+00:00] zafkiel.INFO: Request started {"method":"GET","uri":"/public/img/backoffice/core/zafkiel_logo.png","ip":"127.0.0.1"} []
[2025-07-15T06:22:20.892493+00:00] zafkiel.INFO: Dispatching route [] []
[2025-07-15T06:22:20.892525+00:00] zafkiel.INFO: Route dispatched {"route":[0]} []
[2025-07-15T06:22:20.892568+00:00] zafkiel.INFO: Request completed {"method":"GET","uri":"/public/img/backoffice/core/zafkiel_logo.png","status":404} []
[2025-07-15T06:22:26.216650+00:00] zafkiel.INFO: Creating dispatcher [] []
[2025-07-15T06:22:26.216998+00:00] zafkiel.INFO: Inside route definition function [] []
[2025-07-15T06:22:26.217138+00:00] zafkiel.INFO: Route definition executed [] []
[2025-07-15T06:22:26.217274+00:00] zafkiel.INFO: Dispatcher created [] []
[2025-07-15T06:22:26.217525+00:00] zafkiel.INFO: Request details {"method":"POST","url":"/zafkiel/auth/refresh","path":"/zafkiel/auth/refresh","basePath":"/zafkiel","relativePath":"/auth/refresh"} []
[2025-07-15T06:22:26.217587+00:00] zafkiel.INFO: Request started {"method":"POST","uri":"/zafkiel/auth/refresh","ip":"127.0.0.1"} []
[2025-07-15T06:22:26.217620+00:00] zafkiel.INFO: Dispatching route [] []
[2025-07-15T06:22:26.217650+00:00] zafkiel.INFO: Route dispatched {"route":[1,["Zafkiel\\Presentation\\Controllers\\AuthController","refreshToken"],[]]} []
[2025-07-15T06:22:26.217742+00:00] zafkiel.INFO: Route found {"handler":["Zafkiel\\Presentation\\Controllers\\AuthController","refreshToken"],"vars":[]} []
[2025-07-15T06:22:26.228853+00:00] zafkiel.INFO: Request completed {"method":"POST","uri":"/zafkiel/auth/refresh","status":200} []
[2025-07-15T06:22:26.250019+00:00] zafkiel.INFO: Creating dispatcher [] []
[2025-07-15T06:22:26.250228+00:00] zafkiel.INFO: Inside route definition function [] []
[2025-07-15T06:22:26.250302+00:00] zafkiel.INFO: Route definition executed [] []
[2025-07-15T06:22:26.250370+00:00] zafkiel.INFO: Dispatcher created [] []
[2025-07-15T06:22:26.250482+00:00] zafkiel.INFO: Request details {"method":"POST","url":"/admin/fetchAdminDetails","path":"/admin/fetchAdminDetails","basePath":"/zafkiel","relativePath":"/admin/fetchAdminDetails"} []
[2025-07-15T06:22:26.250523+00:00] zafkiel.INFO: Request started {"method":"POST","uri":"/admin/fetchAdminDetails","ip":"127.0.0.1"} []
[2025-07-15T06:22:26.250554+00:00] zafkiel.INFO: Dispatching route [] []
[2025-07-15T06:22:26.250583+00:00] zafkiel.INFO: Route dispatched {"route":[1,["Zafkiel\\Presentation\\Controllers\\AdminController","fetchAdminDetails"],[]]} []
[2025-07-15T06:22:26.250634+00:00] zafkiel.INFO: Route found {"handler":["Zafkiel\\Presentation\\Controllers\\AdminController","fetchAdminDetails"],"vars":[]} []
[2025-07-15T06:22:26.263864+00:00] zafkiel.INFO: Request completed {"method":"POST","uri":"/admin/fetchAdminDetails","status":200} []
