[2025-07-09T05:20:42.760288+00:00] zafkiel.INFO: Creating dispatcher [] []
[2025-07-09T05:20:42.761415+00:00] zafkiel.INFO: Inside route definition function [] []
[2025-07-09T05:20:42.761643+00:00] zafkiel.INFO: Route definition executed [] []
[2025-07-09T05:20:42.761787+00:00] zafkiel.INFO: Dispatcher created [] []
[2025-07-09T05:20:42.762065+00:00] zafkiel.INFO: Request details {"method":"GET","url":"/zafkiel/api/online-admins","path":"/zafkiel/api/online-admins","basePath":"/zafkiel","relativePath":"/api/online-admins"} []
[2025-07-09T05:20:42.762147+00:00] zafkiel.INFO: Request started {"method":"GET","uri":"/zafkiel/api/online-admins","ip":"127.0.0.1"} []
[2025-07-09T05:20:42.762198+00:00] zafkiel.INFO: Dispatching route [] []
[2025-07-09T05:20:42.762241+00:00] zafkiel.INFO: Route dispatched {"route":[1,["Zafkiel\\Presentation\\Controllers\\HomeController","getOnlineAdmins"],[]]} []
[2025-07-09T05:20:42.762347+00:00] zafkiel.INFO: Route found {"handler":["Zafkiel\\Presentation\\Controllers\\HomeController","getOnlineAdmins"],"vars":[]} []
[2025-07-09T05:20:42.763711+00:00] zafkiel.ERROR: Request failed {"method":"GET","uri":"/zafkiel/api/online-admins","error":"Call to undefined method Zafkiel\\Presentation\\Controllers\\HomeController::getOnlineAdmins()","trace":"#0 {main}"} []
[2025-07-09T05:20:46.898973+00:00] zafkiel.INFO: Creating dispatcher [] []
[2025-07-09T05:20:46.899194+00:00] zafkiel.INFO: Inside route definition function [] []
[2025-07-09T05:20:46.899254+00:00] zafkiel.INFO: Route definition executed [] []
[2025-07-09T05:20:46.899311+00:00] zafkiel.INFO: Dispatcher created [] []
[2025-07-09T05:20:46.899414+00:00] zafkiel.INFO: Request details {"method":"GET","url":"/","path":"/","basePath":"/zafkiel","relativePath":"/"} []
[2025-07-09T05:20:46.899457+00:00] zafkiel.INFO: Request started {"method":"GET","uri":"/","ip":"127.0.0.1"} []
[2025-07-09T05:20:46.899478+00:00] zafkiel.INFO: Dispatching route [] []
[2025-07-09T05:20:46.899495+00:00] zafkiel.INFO: Route dispatched {"route":[1,["Zafkiel\\Presentation\\Controllers\\HomeController","index"],[]]} []
[2025-07-09T05:20:46.899538+00:00] zafkiel.INFO: Route found {"handler":["Zafkiel\\Presentation\\Controllers\\HomeController","index"],"vars":[]} []
[2025-07-09T05:20:46.905318+00:00] zafkiel.INFO: Request completed {"method":"GET","uri":"/","status":500} []
[2025-07-09T05:20:47.004580+00:00] zafkiel.INFO: Creating dispatcher [] []
[2025-07-09T05:20:47.004802+00:00] zafkiel.INFO: Inside route definition function [] []
[2025-07-09T05:20:47.004875+00:00] zafkiel.INFO: Route definition executed [] []
[2025-07-09T05:20:47.004802+00:00] zafkiel.INFO: Creating dispatcher [] []
[2025-07-09T05:20:47.004935+00:00] zafkiel.INFO: Dispatcher created [] []
[2025-07-09T05:20:47.004980+00:00] zafkiel.INFO: Inside route definition function [] []
[2025-07-09T05:20:47.005046+00:00] zafkiel.INFO: Route definition executed [] []
[2025-07-09T05:20:47.005058+00:00] zafkiel.INFO: Request details {"method":"GET","url":"/public/img/backoffice/core/zafkiel_logo.png","path":"/public/img/backoffice/core/zafkiel_logo.png","basePath":"/zafkiel","relativePath":"/public/img/backoffice/core/zafkiel_logo.png"} []
[2025-07-09T05:20:47.005097+00:00] zafkiel.INFO: Request started {"method":"GET","uri":"/public/img/backoffice/core/zafkiel_logo.png","ip":"127.0.0.1"} []
[2025-07-09T05:20:47.005109+00:00] zafkiel.INFO: Dispatcher created [] []
[2025-07-09T05:20:47.005129+00:00] zafkiel.INFO: Dispatching route [] []
[2025-07-09T05:20:47.005158+00:00] zafkiel.INFO: Route dispatched {"route":[0]} []
[2025-07-09T05:20:47.005213+00:00] zafkiel.INFO: Request completed {"method":"GET","uri":"/public/img/backoffice/core/zafkiel_logo.png","status":404} []
[2025-07-09T05:20:47.005215+00:00] zafkiel.INFO: Request details {"method":"GET","url":"/public/img/zafkiel/zafkiel_logo.png","path":"/public/img/zafkiel/zafkiel_logo.png","basePath":"/zafkiel","relativePath":"/public/img/zafkiel/zafkiel_logo.png"} []
[2025-07-09T05:20:47.005255+00:00] zafkiel.INFO: Request started {"method":"GET","uri":"/public/img/zafkiel/zafkiel_logo.png","ip":"127.0.0.1"} []
[2025-07-09T05:20:47.005297+00:00] zafkiel.INFO: Dispatching route [] []
[2025-07-09T05:20:47.005324+00:00] zafkiel.INFO: Route dispatched {"route":[0]} []
[2025-07-09T05:20:47.005369+00:00] zafkiel.INFO: Request completed {"method":"GET","uri":"/public/img/zafkiel/zafkiel_logo.png","status":404} []
[2025-07-09T05:20:47.031507+00:00] zafkiel.INFO: Creating dispatcher [] []
[2025-07-09T05:20:47.031719+00:00] zafkiel.INFO: Inside route definition function [] []
[2025-07-09T05:20:47.031789+00:00] zafkiel.INFO: Route definition executed [] []
[2025-07-09T05:20:47.031844+00:00] zafkiel.INFO: Dispatcher created [] []
[2025-07-09T05:20:47.031973+00:00] zafkiel.INFO: Request details {"method":"POST","url":"/zafkiel/auth/refresh","path":"/zafkiel/auth/refresh","basePath":"/zafkiel","relativePath":"/auth/refresh"} []
[2025-07-09T05:20:47.032005+00:00] zafkiel.INFO: Request started {"method":"POST","uri":"/zafkiel/auth/refresh","ip":"127.0.0.1"} []
[2025-07-09T05:20:47.032032+00:00] zafkiel.INFO: Dispatching route [] []
[2025-07-09T05:20:47.032056+00:00] zafkiel.INFO: Route dispatched {"route":[1,["Zafkiel\\Presentation\\Controllers\\AuthController","refreshToken"],[]]} []
[2025-07-09T05:20:47.032104+00:00] zafkiel.INFO: Route found {"handler":["Zafkiel\\Presentation\\Controllers\\AuthController","refreshToken"],"vars":[]} []
[2025-07-09T05:20:47.039748+00:00] zafkiel.INFO: Request completed {"method":"POST","uri":"/zafkiel/auth/refresh","status":200} []
[2025-07-09T05:20:47.067975+00:00] zafkiel.INFO: Creating dispatcher [] []
[2025-07-09T05:20:47.068145+00:00] zafkiel.INFO: Inside route definition function [] []
[2025-07-09T05:20:47.068197+00:00] zafkiel.INFO: Route definition executed [] []
[2025-07-09T05:20:47.068235+00:00] zafkiel.INFO: Dispatcher created [] []
[2025-07-09T05:20:47.068306+00:00] zafkiel.INFO: Request details {"method":"GET","url":"/zafkiel/api/online-admins","path":"/zafkiel/api/online-admins","basePath":"/zafkiel","relativePath":"/api/online-admins"} []
[2025-07-09T05:20:47.068332+00:00] zafkiel.INFO: Request started {"method":"GET","uri":"/zafkiel/api/online-admins","ip":"127.0.0.1"} []
[2025-07-09T05:20:47.068350+00:00] zafkiel.INFO: Dispatching route [] []
[2025-07-09T05:20:47.068365+00:00] zafkiel.INFO: Route dispatched {"route":[1,["Zafkiel\\Presentation\\Controllers\\HomeController","getOnlineAdmins"],[]]} []
[2025-07-09T05:20:47.068397+00:00] zafkiel.INFO: Route found {"handler":["Zafkiel\\Presentation\\Controllers\\HomeController","getOnlineAdmins"],"vars":[]} []
[2025-07-09T05:20:47.068781+00:00] zafkiel.ERROR: Request failed {"method":"GET","uri":"/zafkiel/api/online-admins","error":"Call to undefined method Zafkiel\\Presentation\\Controllers\\HomeController::getOnlineAdmins()","trace":"#0 {main}"} []
[2025-07-09T05:20:47.098750+00:00] zafkiel.INFO: Creating dispatcher [] []
[2025-07-09T05:20:47.098921+00:00] zafkiel.INFO: Inside route definition function [] []
[2025-07-09T05:20:47.098989+00:00] zafkiel.INFO: Route definition executed [] []
[2025-07-09T05:20:47.099045+00:00] zafkiel.INFO: Dispatcher created [] []
[2025-07-09T05:20:47.099128+00:00] zafkiel.INFO: Request details {"method":"GET","url":"/favicon.ico","path":"/favicon.ico","basePath":"/zafkiel","relativePath":"/favicon.ico"} []
[2025-07-09T05:20:47.099158+00:00] zafkiel.INFO: Request started {"method":"GET","uri":"/favicon.ico","ip":"127.0.0.1"} []
[2025-07-09T05:20:47.099178+00:00] zafkiel.INFO: Dispatching route [] []
[2025-07-09T05:20:47.099197+00:00] zafkiel.INFO: Route dispatched {"route":[0]} []
[2025-07-09T05:20:47.099232+00:00] zafkiel.INFO: Request completed {"method":"GET","uri":"/favicon.ico","status":404} []
[2025-07-09T05:21:04.744910+00:00] zafkiel.INFO: Creating dispatcher [] []
[2025-07-09T05:21:04.745109+00:00] zafkiel.INFO: Inside route definition function [] []
[2025-07-09T05:21:04.745166+00:00] zafkiel.INFO: Route definition executed [] []
[2025-07-09T05:21:04.745220+00:00] zafkiel.INFO: Dispatcher created [] []
[2025-07-09T05:21:04.745318+00:00] zafkiel.INFO: Request details {"method":"POST","url":"/zafkiel/auth/refresh","path":"/zafkiel/auth/refresh","basePath":"/zafkiel","relativePath":"/auth/refresh"} []
[2025-07-09T05:21:04.745362+00:00] zafkiel.INFO: Request started {"method":"POST","uri":"/zafkiel/auth/refresh","ip":"127.0.0.1"} []
[2025-07-09T05:21:04.745389+00:00] zafkiel.INFO: Dispatching route [] []
[2025-07-09T05:21:04.745414+00:00] zafkiel.INFO: Route dispatched {"route":[1,["Zafkiel\\Presentation\\Controllers\\AuthController","refreshToken"],[]]} []
[2025-07-09T05:21:04.745476+00:00] zafkiel.INFO: Route found {"handler":["Zafkiel\\Presentation\\Controllers\\AuthController","refreshToken"],"vars":[]} []
[2025-07-09T05:21:04.753023+00:00] zafkiel.INFO: Request completed {"method":"POST","uri":"/zafkiel/auth/refresh","status":200} []
[2025-07-09T05:21:04.768790+00:00] zafkiel.INFO: Creating dispatcher [] []
[2025-07-09T05:21:04.768922+00:00] zafkiel.INFO: Inside route definition function [] []
[2025-07-09T05:21:04.768969+00:00] zafkiel.INFO: Route definition executed [] []
[2025-07-09T05:21:04.769006+00:00] zafkiel.INFO: Dispatcher created [] []
[2025-07-09T05:21:04.769076+00:00] zafkiel.INFO: Request details {"method":"POST","url":"/slideshow/fetchPictures","path":"/slideshow/fetchPictures","basePath":"/zafkiel","relativePath":"/slideshow/fetchPictures"} []
[2025-07-09T05:21:04.769103+00:00] zafkiel.INFO: Request started {"method":"POST","uri":"/slideshow/fetchPictures","ip":"127.0.0.1"} []
[2025-07-09T05:21:04.769120+00:00] zafkiel.INFO: Dispatching route [] []
[2025-07-09T05:21:04.769135+00:00] zafkiel.INFO: Route dispatched {"route":[1,["Zafkiel\\Presentation\\Controllers\\SlideshowController","fetchPictures"],[]]} []
[2025-07-09T05:21:04.769166+00:00] zafkiel.INFO: Route found {"handler":["Zafkiel\\Presentation\\Controllers\\SlideshowController","fetchPictures"],"vars":[]} []
[2025-07-09T05:21:04.775783+00:00] zafkiel.INFO: Request completed {"method":"POST","uri":"/slideshow/fetchPictures","status":200} []
[2025-07-09T05:21:04.800651+00:00] zafkiel.INFO: Creating dispatcher [] []
[2025-07-09T05:21:04.800844+00:00] zafkiel.INFO: Inside route definition function [] []
[2025-07-09T05:21:04.800910+00:00] zafkiel.INFO: Route definition executed [] []
[2025-07-09T05:21:04.800958+00:00] zafkiel.INFO: Dispatcher created [] []
[2025-07-09T05:21:04.801050+00:00] zafkiel.INFO: Request details {"method":"GET","url":"/img/zafkiel/backgrounds/file1.jpg","path":"/img/zafkiel/backgrounds/file1.jpg","basePath":"/zafkiel","relativePath":"/img/zafkiel/backgrounds/file1.jpg"} []
[2025-07-09T05:21:04.801078+00:00] zafkiel.INFO: Request started {"method":"GET","uri":"/img/zafkiel/backgrounds/file1.jpg","ip":"127.0.0.1"} []
[2025-07-09T05:21:04.801096+00:00] zafkiel.INFO: Dispatching route [] []
[2025-07-09T05:21:04.801113+00:00] zafkiel.INFO: Route dispatched {"route":[0]} []
[2025-07-09T05:21:04.801145+00:00] zafkiel.INFO: Request completed {"method":"GET","uri":"/img/zafkiel/backgrounds/file1.jpg","status":404} []
[2025-07-09T05:21:06.458855+00:00] zafkiel.INFO: Creating dispatcher [] []
[2025-07-09T05:21:06.459119+00:00] zafkiel.INFO: Inside route definition function [] []
[2025-07-09T05:21:06.459208+00:00] zafkiel.INFO: Route definition executed [] []
[2025-07-09T05:21:06.459281+00:00] zafkiel.INFO: Dispatcher created [] []
[2025-07-09T05:21:06.459418+00:00] zafkiel.INFO: Request details {"method":"POST","url":"/zafkiel/auth/refresh","path":"/zafkiel/auth/refresh","basePath":"/zafkiel","relativePath":"/auth/refresh"} []
[2025-07-09T05:21:06.459468+00:00] zafkiel.INFO: Request started {"method":"POST","uri":"/zafkiel/auth/refresh","ip":"127.0.0.1"} []
[2025-07-09T05:21:06.459504+00:00] zafkiel.INFO: Dispatching route [] []
[2025-07-09T05:21:06.459537+00:00] zafkiel.INFO: Route dispatched {"route":[1,["Zafkiel\\Presentation\\Controllers\\AuthController","refreshToken"],[]]} []
[2025-07-09T05:21:06.459599+00:00] zafkiel.INFO: Route found {"handler":["Zafkiel\\Presentation\\Controllers\\AuthController","refreshToken"],"vars":[]} []
[2025-07-09T05:21:06.470532+00:00] zafkiel.INFO: Request completed {"method":"POST","uri":"/zafkiel/auth/refresh","status":200} []
[2025-07-09T05:21:06.487780+00:00] zafkiel.INFO: Creating dispatcher [] []
[2025-07-09T05:21:06.487919+00:00] zafkiel.INFO: Inside route definition function [] []
[2025-07-09T05:21:06.487964+00:00] zafkiel.INFO: Route definition executed [] []
[2025-07-09T05:21:06.488001+00:00] zafkiel.INFO: Dispatcher created [] []
[2025-07-09T05:21:06.488070+00:00] zafkiel.INFO: Request details {"method":"POST","url":"/slideshow/fetchPictures","path":"/slideshow/fetchPictures","basePath":"/zafkiel","relativePath":"/slideshow/fetchPictures"} []
[2025-07-09T05:21:06.488096+00:00] zafkiel.INFO: Request started {"method":"POST","uri":"/slideshow/fetchPictures","ip":"127.0.0.1"} []
[2025-07-09T05:21:06.488113+00:00] zafkiel.INFO: Dispatching route [] []
[2025-07-09T05:21:06.488128+00:00] zafkiel.INFO: Route dispatched {"route":[1,["Zafkiel\\Presentation\\Controllers\\SlideshowController","fetchPictures"],[]]} []
[2025-07-09T05:21:06.488158+00:00] zafkiel.INFO: Route found {"handler":["Zafkiel\\Presentation\\Controllers\\SlideshowController","fetchPictures"],"vars":[]} []
[2025-07-09T05:21:06.490499+00:00] zafkiel.INFO: Request completed {"method":"POST","uri":"/slideshow/fetchPictures","status":200} []
[2025-07-09T05:21:47.041802+00:00] zafkiel.INFO: Creating dispatcher [] []
[2025-07-09T05:21:47.042106+00:00] zafkiel.INFO: Inside route definition function [] []
[2025-07-09T05:21:47.042197+00:00] zafkiel.INFO: Route definition executed [] []
[2025-07-09T05:21:47.042278+00:00] zafkiel.INFO: Dispatcher created [] []
[2025-07-09T05:21:47.042432+00:00] zafkiel.INFO: Request details {"method":"POST","url":"/zafkiel/auth/refresh","path":"/zafkiel/auth/refresh","basePath":"/zafkiel","relativePath":"/auth/refresh"} []
[2025-07-09T05:21:47.042483+00:00] zafkiel.INFO: Request started {"method":"POST","uri":"/zafkiel/auth/refresh","ip":"127.0.0.1"} []
[2025-07-09T05:21:47.042516+00:00] zafkiel.INFO: Dispatching route [] []
[2025-07-09T05:21:47.042544+00:00] zafkiel.INFO: Route dispatched {"route":[1,["Zafkiel\\Presentation\\Controllers\\AuthController","refreshToken"],[]]} []
[2025-07-09T05:21:47.042610+00:00] zafkiel.INFO: Route found {"handler":["Zafkiel\\Presentation\\Controllers\\AuthController","refreshToken"],"vars":[]} []
[2025-07-09T05:21:47.052893+00:00] zafkiel.INFO: Request completed {"method":"POST","uri":"/zafkiel/auth/refresh","status":200} []
[2025-07-09T05:21:47.067342+00:00] zafkiel.INFO: Creating dispatcher [] []
[2025-07-09T05:21:47.067492+00:00] zafkiel.INFO: Inside route definition function [] []
[2025-07-09T05:21:47.067546+00:00] zafkiel.INFO: Route definition executed [] []
[2025-07-09T05:21:47.067589+00:00] zafkiel.INFO: Dispatcher created [] []
[2025-07-09T05:21:47.067670+00:00] zafkiel.INFO: Request details {"method":"GET","url":"/zafkiel/api/online-admins","path":"/zafkiel/api/online-admins","basePath":"/zafkiel","relativePath":"/api/online-admins"} []
[2025-07-09T05:21:47.067701+00:00] zafkiel.INFO: Request started {"method":"GET","uri":"/zafkiel/api/online-admins","ip":"127.0.0.1"} []
[2025-07-09T05:21:47.067721+00:00] zafkiel.INFO: Dispatching route [] []
[2025-07-09T05:21:47.067739+00:00] zafkiel.INFO: Route dispatched {"route":[1,["Zafkiel\\Presentation\\Controllers\\HomeController","getOnlineAdmins"],[]]} []
[2025-07-09T05:21:47.067776+00:00] zafkiel.INFO: Route found {"handler":["Zafkiel\\Presentation\\Controllers\\HomeController","getOnlineAdmins"],"vars":[]} []
[2025-07-09T05:21:47.068292+00:00] zafkiel.ERROR: Request failed {"method":"GET","uri":"/zafkiel/api/online-admins","error":"Call to undefined method Zafkiel\\Presentation\\Controllers\\HomeController::getOnlineAdmins()","trace":"#0 {main}"} []
[2025-07-09T05:22:47.043508+00:00] zafkiel.INFO: Creating dispatcher [] []
[2025-07-09T05:22:47.043867+00:00] zafkiel.INFO: Inside route definition function [] []
[2025-07-09T05:22:47.043975+00:00] zafkiel.INFO: Route definition executed [] []
[2025-07-09T05:22:47.044080+00:00] zafkiel.INFO: Dispatcher created [] []
[2025-07-09T05:22:47.044262+00:00] zafkiel.INFO: Request details {"method":"POST","url":"/zafkiel/auth/refresh","path":"/zafkiel/auth/refresh","basePath":"/zafkiel","relativePath":"/auth/refresh"} []
[2025-07-09T05:22:47.044335+00:00] zafkiel.INFO: Request started {"method":"POST","uri":"/zafkiel/auth/refresh","ip":"127.0.0.1"} []
[2025-07-09T05:22:47.044377+00:00] zafkiel.INFO: Dispatching route [] []
[2025-07-09T05:22:47.044411+00:00] zafkiel.INFO: Route dispatched {"route":[1,["Zafkiel\\Presentation\\Controllers\\AuthController","refreshToken"],[]]} []
[2025-07-09T05:22:47.044497+00:00] zafkiel.INFO: Route found {"handler":["Zafkiel\\Presentation\\Controllers\\AuthController","refreshToken"],"vars":[]} []
[2025-07-09T05:22:47.054533+00:00] zafkiel.INFO: Request completed {"method":"POST","uri":"/zafkiel/auth/refresh","status":200} []
[2025-07-09T05:22:47.079717+00:00] zafkiel.INFO: Creating dispatcher [] []
[2025-07-09T05:22:47.079926+00:00] zafkiel.INFO: Inside route definition function [] []
[2025-07-09T05:22:47.080003+00:00] zafkiel.INFO: Route definition executed [] []
[2025-07-09T05:22:47.080069+00:00] zafkiel.INFO: Dispatcher created [] []
[2025-07-09T05:22:47.080211+00:00] zafkiel.INFO: Request details {"method":"GET","url":"/zafkiel/api/online-admins","path":"/zafkiel/api/online-admins","basePath":"/zafkiel","relativePath":"/api/online-admins"} []
[2025-07-09T05:22:47.080259+00:00] zafkiel.INFO: Request started {"method":"GET","uri":"/zafkiel/api/online-admins","ip":"127.0.0.1"} []
[2025-07-09T05:22:47.080291+00:00] zafkiel.INFO: Dispatching route [] []
[2025-07-09T05:22:47.080317+00:00] zafkiel.INFO: Route dispatched {"route":[1,["Zafkiel\\Presentation\\Controllers\\HomeController","getOnlineAdmins"],[]]} []
[2025-07-09T05:22:47.080370+00:00] zafkiel.INFO: Route found {"handler":["Zafkiel\\Presentation\\Controllers\\HomeController","getOnlineAdmins"],"vars":[]} []
[2025-07-09T05:22:47.081192+00:00] zafkiel.ERROR: Request failed {"method":"GET","uri":"/zafkiel/api/online-admins","error":"Call to undefined method Zafkiel\\Presentation\\Controllers\\HomeController::getOnlineAdmins()","trace":"#0 {main}"} []
[2025-07-09T05:23:47.044675+00:00] zafkiel.INFO: Creating dispatcher [] []
[2025-07-09T05:23:47.044947+00:00] zafkiel.INFO: Inside route definition function [] []
[2025-07-09T05:23:47.045037+00:00] zafkiel.INFO: Route definition executed [] []
[2025-07-09T05:23:47.045130+00:00] zafkiel.INFO: Dispatcher created [] []
[2025-07-09T05:23:47.045297+00:00] zafkiel.INFO: Request details {"method":"POST","url":"/zafkiel/auth/refresh","path":"/zafkiel/auth/refresh","basePath":"/zafkiel","relativePath":"/auth/refresh"} []
[2025-07-09T05:23:47.045346+00:00] zafkiel.INFO: Request started {"method":"POST","uri":"/zafkiel/auth/refresh","ip":"127.0.0.1"} []
[2025-07-09T05:23:47.045384+00:00] zafkiel.INFO: Dispatching route [] []
[2025-07-09T05:23:47.045415+00:00] zafkiel.INFO: Route dispatched {"route":[1,["Zafkiel\\Presentation\\Controllers\\AuthController","refreshToken"],[]]} []
[2025-07-09T05:23:47.045490+00:00] zafkiel.INFO: Route found {"handler":["Zafkiel\\Presentation\\Controllers\\AuthController","refreshToken"],"vars":[]} []
[2025-07-09T05:23:47.055412+00:00] zafkiel.INFO: Request completed {"method":"POST","uri":"/zafkiel/auth/refresh","status":200} []
[2025-07-09T05:23:47.071016+00:00] zafkiel.INFO: Creating dispatcher [] []
[2025-07-09T05:23:47.071198+00:00] zafkiel.INFO: Inside route definition function [] []
[2025-07-09T05:23:47.071279+00:00] zafkiel.INFO: Route definition executed [] []
[2025-07-09T05:23:47.071350+00:00] zafkiel.INFO: Dispatcher created [] []
[2025-07-09T05:23:47.071478+00:00] zafkiel.INFO: Request details {"method":"GET","url":"/zafkiel/api/online-admins","path":"/zafkiel/api/online-admins","basePath":"/zafkiel","relativePath":"/api/online-admins"} []
[2025-07-09T05:23:47.071526+00:00] zafkiel.INFO: Request started {"method":"GET","uri":"/zafkiel/api/online-admins","ip":"127.0.0.1"} []
[2025-07-09T05:23:47.071563+00:00] zafkiel.INFO: Dispatching route [] []
[2025-07-09T05:23:47.071594+00:00] zafkiel.INFO: Route dispatched {"route":[1,["Zafkiel\\Presentation\\Controllers\\HomeController","getOnlineAdmins"],[]]} []
[2025-07-09T05:23:47.071717+00:00] zafkiel.INFO: Route found {"handler":["Zafkiel\\Presentation\\Controllers\\HomeController","getOnlineAdmins"],"vars":[]} []
[2025-07-09T05:23:47.072399+00:00] zafkiel.ERROR: Request failed {"method":"GET","uri":"/zafkiel/api/online-admins","error":"Call to undefined method Zafkiel\\Presentation\\Controllers\\HomeController::getOnlineAdmins()","trace":"#0 {main}"} []
[2025-07-09T05:24:05.832747+00:00] zafkiel.INFO: Creating dispatcher [] []
[2025-07-09T05:24:05.832942+00:00] zafkiel.INFO: Inside route definition function [] []
[2025-07-09T05:24:05.833000+00:00] zafkiel.INFO: Route definition executed [] []
[2025-07-09T05:24:05.833054+00:00] zafkiel.INFO: Dispatcher created [] []
[2025-07-09T05:24:05.833150+00:00] zafkiel.INFO: Request details {"method":"GET","url":"/","path":"/","basePath":"/zafkiel","relativePath":"/"} []
[2025-07-09T05:24:05.833180+00:00] zafkiel.INFO: Request started {"method":"GET","uri":"/","ip":"127.0.0.1"} []
[2025-07-09T05:24:05.833201+00:00] zafkiel.INFO: Dispatching route [] []
[2025-07-09T05:24:05.833225+00:00] zafkiel.INFO: Route dispatched {"route":[1,["Zafkiel\\Presentation\\Controllers\\HomeController","index"],[]]} []
[2025-07-09T05:24:05.833288+00:00] zafkiel.INFO: Route found {"handler":["Zafkiel\\Presentation\\Controllers\\HomeController","index"],"vars":[]} []
[2025-07-09T05:24:05.839093+00:00] zafkiel.INFO: Request completed {"method":"GET","uri":"/","status":500} []
[2025-07-09T05:24:06.004658+00:00] zafkiel.INFO: Creating dispatcher [] []
[2025-07-09T05:24:06.004822+00:00] zafkiel.INFO: Creating dispatcher [] []
[2025-07-09T05:24:06.004939+00:00] zafkiel.INFO: Inside route definition function [] []
[2025-07-09T05:24:06.004999+00:00] zafkiel.INFO: Inside route definition function [] []
[2025-07-09T05:24:06.005032+00:00] zafkiel.INFO: Route definition executed [] []
[2025-07-09T05:24:06.005059+00:00] zafkiel.INFO: Route definition executed [] []
[2025-07-09T05:24:06.005109+00:00] zafkiel.INFO: Dispatcher created [] []
[2025-07-09T05:24:06.005116+00:00] zafkiel.INFO: Dispatcher created [] []
[2025-07-09T05:24:06.005217+00:00] zafkiel.INFO: Request details {"method":"GET","url":"/public/img/backoffice/core/zafkiel_logo.png","path":"/public/img/backoffice/core/zafkiel_logo.png","basePath":"/zafkiel","relativePath":"/public/img/backoffice/core/zafkiel_logo.png"} []
[2025-07-09T05:24:06.005254+00:00] zafkiel.INFO: Request started {"method":"GET","uri":"/public/img/backoffice/core/zafkiel_logo.png","ip":"127.0.0.1"} []
[2025-07-09T05:24:06.005261+00:00] zafkiel.INFO: Request details {"method":"GET","url":"/public/img/zafkiel/zafkiel_logo.png","path":"/public/img/zafkiel/zafkiel_logo.png","basePath":"/zafkiel","relativePath":"/public/img/zafkiel/zafkiel_logo.png"} []
[2025-07-09T05:24:06.005284+00:00] zafkiel.INFO: Dispatching route [] []
[2025-07-09T05:24:06.005313+00:00] zafkiel.INFO: Request started {"method":"GET","uri":"/public/img/zafkiel/zafkiel_logo.png","ip":"127.0.0.1"} []
[2025-07-09T05:24:06.005320+00:00] zafkiel.INFO: Route dispatched {"route":[0]} []
[2025-07-09T05:24:06.005355+00:00] zafkiel.INFO: Dispatching route [] []
[2025-07-09T05:24:06.005390+00:00] zafkiel.INFO: Route dispatched {"route":[0]} []
[2025-07-09T05:24:06.005390+00:00] zafkiel.INFO: Request completed {"method":"GET","uri":"/public/img/backoffice/core/zafkiel_logo.png","status":404} []
[2025-07-09T05:24:06.005454+00:00] zafkiel.INFO: Request completed {"method":"GET","uri":"/public/img/zafkiel/zafkiel_logo.png","status":404} []
[2025-07-09T05:24:06.021451+00:00] zafkiel.INFO: Creating dispatcher [] []
[2025-07-09T05:24:06.021656+00:00] zafkiel.INFO: Inside route definition function [] []
[2025-07-09T05:24:06.021724+00:00] zafkiel.INFO: Route definition executed [] []
[2025-07-09T05:24:06.021782+00:00] zafkiel.INFO: Dispatcher created [] []
[2025-07-09T05:24:06.021911+00:00] zafkiel.INFO: Request details {"method":"POST","url":"/zafkiel/auth/refresh","path":"/zafkiel/auth/refresh","basePath":"/zafkiel","relativePath":"/auth/refresh"} []
[2025-07-09T05:24:06.021958+00:00] zafkiel.INFO: Request started {"method":"POST","uri":"/zafkiel/auth/refresh","ip":"127.0.0.1"} []
[2025-07-09T05:24:06.021987+00:00] zafkiel.INFO: Dispatching route [] []
[2025-07-09T05:24:06.022023+00:00] zafkiel.INFO: Route dispatched {"route":[1,["Zafkiel\\Presentation\\Controllers\\AuthController","refreshToken"],[]]} []
[2025-07-09T05:24:06.022075+00:00] zafkiel.INFO: Route found {"handler":["Zafkiel\\Presentation\\Controllers\\AuthController","refreshToken"],"vars":[]} []
[2025-07-09T05:24:06.030537+00:00] zafkiel.INFO: Request completed {"method":"POST","uri":"/zafkiel/auth/refresh","status":200} []
[2025-07-09T05:24:06.050345+00:00] zafkiel.INFO: Creating dispatcher [] []
[2025-07-09T05:24:06.050503+00:00] zafkiel.INFO: Inside route definition function [] []
[2025-07-09T05:24:06.050552+00:00] zafkiel.INFO: Route definition executed [] []
[2025-07-09T05:24:06.050594+00:00] zafkiel.INFO: Dispatcher created [] []
[2025-07-09T05:24:06.050674+00:00] zafkiel.INFO: Request details {"method":"GET","url":"/zafkiel/api/online-admins","path":"/zafkiel/api/online-admins","basePath":"/zafkiel","relativePath":"/api/online-admins"} []
[2025-07-09T05:24:06.050702+00:00] zafkiel.INFO: Request started {"method":"GET","uri":"/zafkiel/api/online-admins","ip":"127.0.0.1"} []
[2025-07-09T05:24:06.050722+00:00] zafkiel.INFO: Dispatching route [] []
[2025-07-09T05:24:06.050740+00:00] zafkiel.INFO: Route dispatched {"route":[1,["Zafkiel\\Presentation\\Controllers\\HomeController","getOnlineAdmins"],[]]} []
[2025-07-09T05:24:06.050775+00:00] zafkiel.INFO: Route found {"handler":["Zafkiel\\Presentation\\Controllers\\HomeController","getOnlineAdmins"],"vars":[]} []
[2025-07-09T05:24:06.051233+00:00] zafkiel.ERROR: Request failed {"method":"GET","uri":"/zafkiel/api/online-admins","error":"Call to undefined method Zafkiel\\Presentation\\Controllers\\HomeController::getOnlineAdmins()","trace":"#0 {main}"} []
[2025-07-09T05:24:06.103573+00:00] zafkiel.INFO: Creating dispatcher [] []
[2025-07-09T05:24:06.104396+00:00] zafkiel.INFO: Inside route definition function [] []
[2025-07-09T05:24:06.104600+00:00] zafkiel.INFO: Route definition executed [] []
[2025-07-09T05:24:06.104662+00:00] zafkiel.INFO: Dispatcher created [] []
[2025-07-09T05:24:06.104779+00:00] zafkiel.INFO: Request details {"method":"GET","url":"/favicon.ico","path":"/favicon.ico","basePath":"/zafkiel","relativePath":"/favicon.ico"} []
[2025-07-09T05:24:06.104821+00:00] zafkiel.INFO: Request started {"method":"GET","uri":"/favicon.ico","ip":"127.0.0.1"} []
[2025-07-09T05:24:06.104851+00:00] zafkiel.INFO: Dispatching route [] []
[2025-07-09T05:24:06.104881+00:00] zafkiel.INFO: Route dispatched {"route":[0]} []
[2025-07-09T05:24:06.104935+00:00] zafkiel.INFO: Request completed {"method":"GET","uri":"/favicon.ico","status":404} []
[2025-07-09T05:24:07.572613+00:00] zafkiel.INFO: Creating dispatcher [] []
[2025-07-09T05:24:07.572796+00:00] zafkiel.INFO: Inside route definition function [] []
[2025-07-09T05:24:07.572862+00:00] zafkiel.INFO: Route definition executed [] []
[2025-07-09T05:24:07.572915+00:00] zafkiel.INFO: Dispatcher created [] []
[2025-07-09T05:24:07.573016+00:00] zafkiel.INFO: Request details {"method":"POST","url":"/zafkiel/auth/refresh","path":"/zafkiel/auth/refresh","basePath":"/zafkiel","relativePath":"/auth/refresh"} []
[2025-07-09T05:24:07.573055+00:00] zafkiel.INFO: Request started {"method":"POST","uri":"/zafkiel/auth/refresh","ip":"127.0.0.1"} []
[2025-07-09T05:24:07.573082+00:00] zafkiel.INFO: Dispatching route [] []
[2025-07-09T05:24:07.573106+00:00] zafkiel.INFO: Route dispatched {"route":[1,["Zafkiel\\Presentation\\Controllers\\AuthController","refreshToken"],[]]} []
[2025-07-09T05:24:07.573152+00:00] zafkiel.INFO: Route found {"handler":["Zafkiel\\Presentation\\Controllers\\AuthController","refreshToken"],"vars":[]} []
[2025-07-09T05:24:07.580388+00:00] zafkiel.INFO: Request completed {"method":"POST","uri":"/zafkiel/auth/refresh","status":200} []
[2025-07-09T05:24:07.594030+00:00] zafkiel.INFO: Creating dispatcher [] []
[2025-07-09T05:24:07.594161+00:00] zafkiel.INFO: Inside route definition function [] []
[2025-07-09T05:24:07.594205+00:00] zafkiel.INFO: Route definition executed [] []
[2025-07-09T05:24:07.594239+00:00] zafkiel.INFO: Dispatcher created [] []
[2025-07-09T05:24:07.594306+00:00] zafkiel.INFO: Request details {"method":"POST","url":"/slideshow/fetchPictures","path":"/slideshow/fetchPictures","basePath":"/zafkiel","relativePath":"/slideshow/fetchPictures"} []
[2025-07-09T05:24:07.594334+00:00] zafkiel.INFO: Request started {"method":"POST","uri":"/slideshow/fetchPictures","ip":"127.0.0.1"} []
[2025-07-09T05:24:07.594351+00:00] zafkiel.INFO: Dispatching route [] []
[2025-07-09T05:24:07.594365+00:00] zafkiel.INFO: Route dispatched {"route":[1,["Zafkiel\\Presentation\\Controllers\\SlideshowController","fetchPictures"],[]]} []
[2025-07-09T05:24:07.594395+00:00] zafkiel.INFO: Route found {"handler":["Zafkiel\\Presentation\\Controllers\\SlideshowController","fetchPictures"],"vars":[]} []
[2025-07-09T05:24:07.596781+00:00] zafkiel.INFO: Request completed {"method":"POST","uri":"/slideshow/fetchPictures","status":200} []
[2025-07-09T05:24:07.629728+00:00] zafkiel.INFO: Creating dispatcher [] []
[2025-07-09T05:24:07.629870+00:00] zafkiel.INFO: Inside route definition function [] []
[2025-07-09T05:24:07.629932+00:00] zafkiel.INFO: Route definition executed [] []
[2025-07-09T05:24:07.629987+00:00] zafkiel.INFO: Dispatcher created [] []
[2025-07-09T05:24:07.630104+00:00] zafkiel.INFO: Request details {"method":"GET","url":"/img/zafkiel/backgrounds/file1.jpg","path":"/img/zafkiel/backgrounds/file1.jpg","basePath":"/zafkiel","relativePath":"/img/zafkiel/backgrounds/file1.jpg"} []
[2025-07-09T05:24:07.630144+00:00] zafkiel.INFO: Request started {"method":"GET","uri":"/img/zafkiel/backgrounds/file1.jpg","ip":"127.0.0.1"} []
[2025-07-09T05:24:07.630173+00:00] zafkiel.INFO: Dispatching route [] []
[2025-07-09T05:24:07.630198+00:00] zafkiel.INFO: Route dispatched {"route":[0]} []
[2025-07-09T05:24:07.630247+00:00] zafkiel.INFO: Request completed {"method":"GET","uri":"/img/zafkiel/backgrounds/file1.jpg","status":404} []
[2025-07-09T05:24:08.905744+00:00] zafkiel.INFO: Creating dispatcher [] []
[2025-07-09T05:24:08.906478+00:00] zafkiel.INFO: Inside route definition function [] []
[2025-07-09T05:24:08.906713+00:00] zafkiel.INFO: Route definition executed [] []
[2025-07-09T05:24:08.906891+00:00] zafkiel.INFO: Dispatcher created [] []
[2025-07-09T05:24:08.907224+00:00] zafkiel.INFO: Request details {"method":"POST","url":"/zafkiel/auth/refresh","path":"/zafkiel/auth/refresh","basePath":"/zafkiel","relativePath":"/auth/refresh"} []
[2025-07-09T05:24:08.907319+00:00] zafkiel.INFO: Request started {"method":"POST","uri":"/zafkiel/auth/refresh","ip":"127.0.0.1"} []
[2025-07-09T05:24:08.907364+00:00] zafkiel.INFO: Dispatching route [] []
[2025-07-09T05:24:08.907396+00:00] zafkiel.INFO: Route dispatched {"route":[1,["Zafkiel\\Presentation\\Controllers\\AuthController","refreshToken"],[]]} []
[2025-07-09T05:24:08.907496+00:00] zafkiel.INFO: Route found {"handler":["Zafkiel\\Presentation\\Controllers\\AuthController","refreshToken"],"vars":[]} []
[2025-07-09T05:24:08.917410+00:00] zafkiel.INFO: Request completed {"method":"POST","uri":"/zafkiel/auth/refresh","status":200} []
[2025-07-09T05:24:08.942918+00:00] zafkiel.INFO: Creating dispatcher [] []
[2025-07-09T05:24:08.943155+00:00] zafkiel.INFO: Inside route definition function [] []
[2025-07-09T05:24:08.943242+00:00] zafkiel.INFO: Route definition executed [] []
[2025-07-09T05:24:08.943299+00:00] zafkiel.INFO: Dispatcher created [] []
[2025-07-09T05:24:08.943415+00:00] zafkiel.INFO: Request details {"method":"POST","url":"/slideshow/fetchPictures","path":"/slideshow/fetchPictures","basePath":"/zafkiel","relativePath":"/slideshow/fetchPictures"} []
[2025-07-09T05:24:08.943453+00:00] zafkiel.INFO: Request started {"method":"POST","uri":"/slideshow/fetchPictures","ip":"127.0.0.1"} []
[2025-07-09T05:24:08.943478+00:00] zafkiel.INFO: Dispatching route [] []
[2025-07-09T05:24:08.943507+00:00] zafkiel.INFO: Route dispatched {"route":[1,["Zafkiel\\Presentation\\Controllers\\SlideshowController","fetchPictures"],[]]} []
[2025-07-09T05:24:08.943573+00:00] zafkiel.INFO: Route found {"handler":["Zafkiel\\Presentation\\Controllers\\SlideshowController","fetchPictures"],"vars":[]} []
[2025-07-09T05:24:08.949169+00:00] zafkiel.INFO: Request completed {"method":"POST","uri":"/slideshow/fetchPictures","status":200} []
[2025-07-09T05:25:06.064820+00:00] zafkiel.INFO: Creating dispatcher [] []
[2025-07-09T05:25:06.065005+00:00] zafkiel.INFO: Inside route definition function [] []
[2025-07-09T05:25:06.065059+00:00] zafkiel.INFO: Route definition executed [] []
[2025-07-09T05:25:06.065108+00:00] zafkiel.INFO: Dispatcher created [] []
[2025-07-09T05:25:06.065203+00:00] zafkiel.INFO: Request details {"method":"POST","url":"/zafkiel/auth/refresh","path":"/zafkiel/auth/refresh","basePath":"/zafkiel","relativePath":"/auth/refresh"} []
[2025-07-09T05:25:06.065236+00:00] zafkiel.INFO: Request started {"method":"POST","uri":"/zafkiel/auth/refresh","ip":"127.0.0.1"} []
[2025-07-09T05:25:06.065254+00:00] zafkiel.INFO: Dispatching route [] []
[2025-07-09T05:25:06.065270+00:00] zafkiel.INFO: Route dispatched {"route":[1,["Zafkiel\\Presentation\\Controllers\\AuthController","refreshToken"],[]]} []
[2025-07-09T05:25:06.065310+00:00] zafkiel.INFO: Route found {"handler":["Zafkiel\\Presentation\\Controllers\\AuthController","refreshToken"],"vars":[]} []
[2025-07-09T05:25:06.071669+00:00] zafkiel.INFO: Request completed {"method":"POST","uri":"/zafkiel/auth/refresh","status":200} []
[2025-07-09T05:25:06.088563+00:00] zafkiel.INFO: Creating dispatcher [] []
[2025-07-09T05:25:06.088700+00:00] zafkiel.INFO: Inside route definition function [] []
[2025-07-09T05:25:06.088745+00:00] zafkiel.INFO: Route definition executed [] []
[2025-07-09T05:25:06.088781+00:00] zafkiel.INFO: Dispatcher created [] []
[2025-07-09T05:25:06.088850+00:00] zafkiel.INFO: Request details {"method":"GET","url":"/zafkiel/api/online-admins","path":"/zafkiel/api/online-admins","basePath":"/zafkiel","relativePath":"/api/online-admins"} []
[2025-07-09T05:25:06.088879+00:00] zafkiel.INFO: Request started {"method":"GET","uri":"/zafkiel/api/online-admins","ip":"127.0.0.1"} []
[2025-07-09T05:25:06.088902+00:00] zafkiel.INFO: Dispatching route [] []
[2025-07-09T05:25:06.088917+00:00] zafkiel.INFO: Route dispatched {"route":[1,["Zafkiel\\Presentation\\Controllers\\HomeController","getOnlineAdmins"],[]]} []
[2025-07-09T05:25:06.088948+00:00] zafkiel.INFO: Route found {"handler":["Zafkiel\\Presentation\\Controllers\\HomeController","getOnlineAdmins"],"vars":[]} []
[2025-07-09T05:25:06.089456+00:00] zafkiel.ERROR: Request failed {"method":"GET","uri":"/zafkiel/api/online-admins","error":"Call to undefined method Zafkiel\\Presentation\\Controllers\\HomeController::getOnlineAdmins()","trace":"#0 {main}"} []
[2025-07-09T05:26:06.041431+00:00] zafkiel.INFO: Creating dispatcher [] []
[2025-07-09T05:26:06.041713+00:00] zafkiel.INFO: Inside route definition function [] []
[2025-07-09T05:26:06.041796+00:00] zafkiel.INFO: Route definition executed [] []
[2025-07-09T05:26:06.041876+00:00] zafkiel.INFO: Dispatcher created [] []
[2025-07-09T05:26:06.042027+00:00] zafkiel.INFO: Request details {"method":"POST","url":"/zafkiel/auth/refresh","path":"/zafkiel/auth/refresh","basePath":"/zafkiel","relativePath":"/auth/refresh"} []
[2025-07-09T05:26:06.042076+00:00] zafkiel.INFO: Request started {"method":"POST","uri":"/zafkiel/auth/refresh","ip":"127.0.0.1"} []
[2025-07-09T05:26:06.042108+00:00] zafkiel.INFO: Dispatching route [] []
[2025-07-09T05:26:06.042132+00:00] zafkiel.INFO: Route dispatched {"route":[1,["Zafkiel\\Presentation\\Controllers\\AuthController","refreshToken"],[]]} []
[2025-07-09T05:26:06.042197+00:00] zafkiel.INFO: Route found {"handler":["Zafkiel\\Presentation\\Controllers\\AuthController","refreshToken"],"vars":[]} []
[2025-07-09T05:26:06.051951+00:00] zafkiel.INFO: Request completed {"method":"POST","uri":"/zafkiel/auth/refresh","status":200} []
[2025-07-09T05:26:06.078339+00:00] zafkiel.INFO: Creating dispatcher [] []
[2025-07-09T05:26:06.078588+00:00] zafkiel.INFO: Inside route definition function [] []
[2025-07-09T05:26:06.078673+00:00] zafkiel.INFO: Route definition executed [] []
[2025-07-09T05:26:06.078745+00:00] zafkiel.INFO: Dispatcher created [] []
[2025-07-09T05:26:06.078874+00:00] zafkiel.INFO: Request details {"method":"GET","url":"/zafkiel/api/online-admins","path":"/zafkiel/api/online-admins","basePath":"/zafkiel","relativePath":"/api/online-admins"} []
[2025-07-09T05:26:06.078925+00:00] zafkiel.INFO: Request started {"method":"GET","uri":"/zafkiel/api/online-admins","ip":"127.0.0.1"} []
[2025-07-09T05:26:06.078959+00:00] zafkiel.INFO: Dispatching route [] []
[2025-07-09T05:26:06.078987+00:00] zafkiel.INFO: Route dispatched {"route":[1,["Zafkiel\\Presentation\\Controllers\\HomeController","getOnlineAdmins"],[]]} []
[2025-07-09T05:26:06.079045+00:00] zafkiel.INFO: Route found {"handler":["Zafkiel\\Presentation\\Controllers\\HomeController","getOnlineAdmins"],"vars":[]} []
[2025-07-09T05:26:06.079997+00:00] zafkiel.ERROR: Request failed {"method":"GET","uri":"/zafkiel/api/online-admins","error":"Call to undefined method Zafkiel\\Presentation\\Controllers\\HomeController::getOnlineAdmins()","trace":"#0 {main}"} []
[2025-07-09T05:27:06.035777+00:00] zafkiel.INFO: Creating dispatcher [] []
[2025-07-09T05:27:06.036034+00:00] zafkiel.INFO: Inside route definition function [] []
[2025-07-09T05:27:06.036109+00:00] zafkiel.INFO: Route definition executed [] []
[2025-07-09T05:27:06.036181+00:00] zafkiel.INFO: Dispatcher created [] []
[2025-07-09T05:27:06.036316+00:00] zafkiel.INFO: Request details {"method":"POST","url":"/zafkiel/auth/refresh","path":"/zafkiel/auth/refresh","basePath":"/zafkiel","relativePath":"/auth/refresh"} []
[2025-07-09T05:27:06.036364+00:00] zafkiel.INFO: Request started {"method":"POST","uri":"/zafkiel/auth/refresh","ip":"127.0.0.1"} []
[2025-07-09T05:27:06.036391+00:00] zafkiel.INFO: Dispatching route [] []
[2025-07-09T05:27:06.036414+00:00] zafkiel.INFO: Route dispatched {"route":[1,["Zafkiel\\Presentation\\Controllers\\AuthController","refreshToken"],[]]} []
[2025-07-09T05:27:06.036474+00:00] zafkiel.INFO: Route found {"handler":["Zafkiel\\Presentation\\Controllers\\AuthController","refreshToken"],"vars":[]} []
[2025-07-09T05:27:06.045989+00:00] zafkiel.INFO: Request completed {"method":"POST","uri":"/zafkiel/auth/refresh","status":200} []
[2025-07-09T05:27:06.067243+00:00] zafkiel.INFO: Creating dispatcher [] []
[2025-07-09T05:27:06.067427+00:00] zafkiel.INFO: Inside route definition function [] []
[2025-07-09T05:27:06.067494+00:00] zafkiel.INFO: Route definition executed [] []
[2025-07-09T05:27:06.067549+00:00] zafkiel.INFO: Dispatcher created [] []
[2025-07-09T05:27:06.067672+00:00] zafkiel.INFO: Request details {"method":"GET","url":"/zafkiel/api/online-admins","path":"/zafkiel/api/online-admins","basePath":"/zafkiel","relativePath":"/api/online-admins"} []
[2025-07-09T05:27:06.067715+00:00] zafkiel.INFO: Request started {"method":"GET","uri":"/zafkiel/api/online-admins","ip":"127.0.0.1"} []
[2025-07-09T05:27:06.067742+00:00] zafkiel.INFO: Dispatching route [] []
[2025-07-09T05:27:06.067765+00:00] zafkiel.INFO: Route dispatched {"route":[1,["Zafkiel\\Presentation\\Controllers\\HomeController","getOnlineAdmins"],[]]} []
[2025-07-09T05:27:06.067811+00:00] zafkiel.INFO: Route found {"handler":["Zafkiel\\Presentation\\Controllers\\HomeController","getOnlineAdmins"],"vars":[]} []
[2025-07-09T05:27:06.068552+00:00] zafkiel.ERROR: Request failed {"method":"GET","uri":"/zafkiel/api/online-admins","error":"Call to undefined method Zafkiel\\Presentation\\Controllers\\HomeController::getOnlineAdmins()","trace":"#0 {main}"} []
[2025-07-09T05:28:06.030338+00:00] zafkiel.INFO: Creating dispatcher [] []
[2025-07-09T05:28:06.030588+00:00] zafkiel.INFO: Inside route definition function [] []
[2025-07-09T05:28:06.030655+00:00] zafkiel.INFO: Route definition executed [] []
[2025-07-09T05:28:06.030717+00:00] zafkiel.INFO: Dispatcher created [] []
[2025-07-09T05:28:06.030829+00:00] zafkiel.INFO: Request details {"method":"POST","url":"/zafkiel/auth/refresh","path":"/zafkiel/auth/refresh","basePath":"/zafkiel","relativePath":"/auth/refresh"} []
[2025-07-09T05:28:06.030872+00:00] zafkiel.INFO: Request started {"method":"POST","uri":"/zafkiel/auth/refresh","ip":"127.0.0.1"} []
[2025-07-09T05:28:06.030896+00:00] zafkiel.INFO: Dispatching route [] []
[2025-07-09T05:28:06.030916+00:00] zafkiel.INFO: Route dispatched {"route":[1,["Zafkiel\\Presentation\\Controllers\\AuthController","refreshToken"],[]]} []
[2025-07-09T05:28:06.030965+00:00] zafkiel.INFO: Route found {"handler":["Zafkiel\\Presentation\\Controllers\\AuthController","refreshToken"],"vars":[]} []
[2025-07-09T05:28:06.038614+00:00] zafkiel.INFO: Request completed {"method":"POST","uri":"/zafkiel/auth/refresh","status":200} []
[2025-07-09T05:28:06.058484+00:00] zafkiel.INFO: Creating dispatcher [] []
[2025-07-09T05:28:06.058685+00:00] zafkiel.INFO: Inside route definition function [] []
[2025-07-09T05:28:06.058774+00:00] zafkiel.INFO: Route definition executed [] []
[2025-07-09T05:28:06.058816+00:00] zafkiel.INFO: Dispatcher created [] []
[2025-07-09T05:28:06.058901+00:00] zafkiel.INFO: Request details {"method":"GET","url":"/zafkiel/api/online-admins","path":"/zafkiel/api/online-admins","basePath":"/zafkiel","relativePath":"/api/online-admins"} []
[2025-07-09T05:28:06.058930+00:00] zafkiel.INFO: Request started {"method":"GET","uri":"/zafkiel/api/online-admins","ip":"127.0.0.1"} []
[2025-07-09T05:28:06.058950+00:00] zafkiel.INFO: Dispatching route [] []
[2025-07-09T05:28:06.058967+00:00] zafkiel.INFO: Route dispatched {"route":[1,["Zafkiel\\Presentation\\Controllers\\HomeController","getOnlineAdmins"],[]]} []
[2025-07-09T05:28:06.059002+00:00] zafkiel.INFO: Route found {"handler":["Zafkiel\\Presentation\\Controllers\\HomeController","getOnlineAdmins"],"vars":[]} []
[2025-07-09T05:28:06.059586+00:00] zafkiel.ERROR: Request failed {"method":"GET","uri":"/zafkiel/api/online-admins","error":"Call to undefined method Zafkiel\\Presentation\\Controllers\\HomeController::getOnlineAdmins()","trace":"#0 {main}"} []
[2025-07-09T05:29:06.133984+00:00] zafkiel.INFO: Creating dispatcher [] []
[2025-07-09T05:29:06.134317+00:00] zafkiel.INFO: Inside route definition function [] []
[2025-07-09T05:29:06.134388+00:00] zafkiel.INFO: Route definition executed [] []
[2025-07-09T05:29:06.134453+00:00] zafkiel.INFO: Dispatcher created [] []
[2025-07-09T05:29:06.134591+00:00] zafkiel.INFO: Request details {"method":"POST","url":"/zafkiel/auth/refresh","path":"/zafkiel/auth/refresh","basePath":"/zafkiel","relativePath":"/auth/refresh"} []
[2025-07-09T05:29:06.134628+00:00] zafkiel.INFO: Request started {"method":"POST","uri":"/zafkiel/auth/refresh","ip":"127.0.0.1"} []
[2025-07-09T05:29:06.134651+00:00] zafkiel.INFO: Dispatching route [] []
[2025-07-09T05:29:06.134676+00:00] zafkiel.INFO: Route dispatched {"route":[1,["Zafkiel\\Presentation\\Controllers\\AuthController","refreshToken"],[]]} []
[2025-07-09T05:29:06.134728+00:00] zafkiel.INFO: Route found {"handler":["Zafkiel\\Presentation\\Controllers\\AuthController","refreshToken"],"vars":[]} []
[2025-07-09T05:29:06.143877+00:00] zafkiel.INFO: Request completed {"method":"POST","uri":"/zafkiel/auth/refresh","status":200} []
[2025-07-09T05:29:06.173585+00:00] zafkiel.INFO: Creating dispatcher [] []
[2025-07-09T05:29:06.174246+00:00] zafkiel.INFO: Inside route definition function [] []
[2025-07-09T05:29:06.174525+00:00] zafkiel.INFO: Route definition executed [] []
[2025-07-09T05:29:06.174765+00:00] zafkiel.INFO: Dispatcher created [] []
[2025-07-09T05:29:06.175187+00:00] zafkiel.INFO: Request details {"method":"GET","url":"/zafkiel/api/online-admins","path":"/zafkiel/api/online-admins","basePath":"/zafkiel","relativePath":"/api/online-admins"} []
[2025-07-09T05:29:06.175347+00:00] zafkiel.INFO: Request started {"method":"GET","uri":"/zafkiel/api/online-admins","ip":"127.0.0.1"} []
[2025-07-09T05:29:06.175473+00:00] zafkiel.INFO: Dispatching route [] []
[2025-07-09T05:29:06.175577+00:00] zafkiel.INFO: Route dispatched {"route":[1,["Zafkiel\\Presentation\\Controllers\\HomeController","getOnlineAdmins"],[]]} []
[2025-07-09T05:29:06.175821+00:00] zafkiel.INFO: Route found {"handler":["Zafkiel\\Presentation\\Controllers\\HomeController","getOnlineAdmins"],"vars":[]} []
[2025-07-09T05:29:06.178141+00:00] zafkiel.ERROR: Request failed {"method":"GET","uri":"/zafkiel/api/online-admins","error":"Call to undefined method Zafkiel\\Presentation\\Controllers\\HomeController::getOnlineAdmins()","trace":"#0 {main}"} []
[2025-07-09T05:30:06.126737+00:00] zafkiel.INFO: Creating dispatcher [] []
[2025-07-09T05:30:06.126936+00:00] zafkiel.INFO: Inside route definition function [] []
[2025-07-09T05:30:06.127147+00:00] zafkiel.INFO: Route definition executed [] []
[2025-07-09T05:30:06.127238+00:00] zafkiel.INFO: Dispatcher created [] []
[2025-07-09T05:30:06.127385+00:00] zafkiel.INFO: Request details {"method":"POST","url":"/zafkiel/auth/refresh","path":"/zafkiel/auth/refresh","basePath":"/zafkiel","relativePath":"/auth/refresh"} []
[2025-07-09T05:30:06.127421+00:00] zafkiel.INFO: Request started {"method":"POST","uri":"/zafkiel/auth/refresh","ip":"127.0.0.1"} []
[2025-07-09T05:30:06.127442+00:00] zafkiel.INFO: Dispatching route [] []
[2025-07-09T05:30:06.127460+00:00] zafkiel.INFO: Route dispatched {"route":[1,["Zafkiel\\Presentation\\Controllers\\AuthController","refreshToken"],[]]} []
[2025-07-09T05:30:06.127504+00:00] zafkiel.INFO: Route found {"handler":["Zafkiel\\Presentation\\Controllers\\AuthController","refreshToken"],"vars":[]} []
[2025-07-09T05:30:06.134219+00:00] zafkiel.INFO: Request completed {"method":"POST","uri":"/zafkiel/auth/refresh","status":200} []
[2025-07-09T05:30:06.152840+00:00] zafkiel.INFO: Creating dispatcher [] []
[2025-07-09T05:30:06.152968+00:00] zafkiel.INFO: Inside route definition function [] []
[2025-07-09T05:30:06.153014+00:00] zafkiel.INFO: Route definition executed [] []
[2025-07-09T05:30:06.153050+00:00] zafkiel.INFO: Dispatcher created [] []
[2025-07-09T05:30:06.153118+00:00] zafkiel.INFO: Request details {"method":"GET","url":"/zafkiel/api/online-admins","path":"/zafkiel/api/online-admins","basePath":"/zafkiel","relativePath":"/api/online-admins"} []
[2025-07-09T05:30:06.153144+00:00] zafkiel.INFO: Request started {"method":"GET","uri":"/zafkiel/api/online-admins","ip":"127.0.0.1"} []
[2025-07-09T05:30:06.153161+00:00] zafkiel.INFO: Dispatching route [] []
[2025-07-09T05:30:06.153176+00:00] zafkiel.INFO: Route dispatched {"route":[1,["Zafkiel\\Presentation\\Controllers\\HomeController","getOnlineAdmins"],[]]} []
[2025-07-09T05:30:06.153207+00:00] zafkiel.INFO: Route found {"handler":["Zafkiel\\Presentation\\Controllers\\HomeController","getOnlineAdmins"],"vars":[]} []
[2025-07-09T05:30:06.153725+00:00] zafkiel.ERROR: Request failed {"method":"GET","uri":"/zafkiel/api/online-admins","error":"Call to undefined method Zafkiel\\Presentation\\Controllers\\HomeController::getOnlineAdmins()","trace":"#0 {main}"} []
[2025-07-09T05:31:06.145765+00:00] zafkiel.INFO: Creating dispatcher [] []
[2025-07-09T05:31:06.146042+00:00] zafkiel.INFO: Inside route definition function [] []
[2025-07-09T05:31:06.146317+00:00] zafkiel.INFO: Route definition executed [] []
[2025-07-09T05:31:06.146411+00:00] zafkiel.INFO: Dispatcher created [] []
[2025-07-09T05:31:06.146568+00:00] zafkiel.INFO: Request details {"method":"POST","url":"/zafkiel/auth/refresh","path":"/zafkiel/auth/refresh","basePath":"/zafkiel","relativePath":"/auth/refresh"} []
[2025-07-09T05:31:06.146612+00:00] zafkiel.INFO: Request started {"method":"POST","uri":"/zafkiel/auth/refresh","ip":"127.0.0.1"} []
[2025-07-09T05:31:06.146640+00:00] zafkiel.INFO: Dispatching route [] []
[2025-07-09T05:31:06.146664+00:00] zafkiel.INFO: Route dispatched {"route":[1,["Zafkiel\\Presentation\\Controllers\\AuthController","refreshToken"],[]]} []
[2025-07-09T05:31:06.146722+00:00] zafkiel.INFO: Route found {"handler":["Zafkiel\\Presentation\\Controllers\\AuthController","refreshToken"],"vars":[]} []
[2025-07-09T05:31:06.154746+00:00] zafkiel.INFO: Request completed {"method":"POST","uri":"/zafkiel/auth/refresh","status":200} []
[2025-07-09T05:31:06.177966+00:00] zafkiel.INFO: Creating dispatcher [] []
[2025-07-09T05:31:06.178162+00:00] zafkiel.INFO: Inside route definition function [] []
[2025-07-09T05:31:06.178230+00:00] zafkiel.INFO: Route definition executed [] []
[2025-07-09T05:31:06.178285+00:00] zafkiel.INFO: Dispatcher created [] []
[2025-07-09T05:31:06.178386+00:00] zafkiel.INFO: Request details {"method":"GET","url":"/zafkiel/api/online-admins","path":"/zafkiel/api/online-admins","basePath":"/zafkiel","relativePath":"/api/online-admins"} []
[2025-07-09T05:31:06.178425+00:00] zafkiel.INFO: Request started {"method":"GET","uri":"/zafkiel/api/online-admins","ip":"127.0.0.1"} []
[2025-07-09T05:31:06.178450+00:00] zafkiel.INFO: Dispatching route [] []
[2025-07-09T05:31:06.178474+00:00] zafkiel.INFO: Route dispatched {"route":[0]} []
[2025-07-09T05:31:06.178520+00:00] zafkiel.INFO: Request completed {"method":"GET","uri":"/zafkiel/api/online-admins","status":404} []
[2025-07-09T05:31:22.135166+00:00] zafkiel.INFO: Creating dispatcher [] []
[2025-07-09T05:31:22.135747+00:00] zafkiel.INFO: Inside route definition function [] []
[2025-07-09T05:31:22.135957+00:00] zafkiel.INFO: Route definition executed [] []
[2025-07-09T05:31:22.136110+00:00] zafkiel.INFO: Dispatcher created [] []
[2025-07-09T05:31:22.136372+00:00] zafkiel.INFO: Request details {"method":"GET","url":"/","path":"/","basePath":"/zafkiel","relativePath":"/"} []
[2025-07-09T05:31:22.136434+00:00] zafkiel.INFO: Request started {"method":"GET","uri":"/","ip":"127.0.0.1"} []
[2025-07-09T05:31:22.136469+00:00] zafkiel.INFO: Dispatching route [] []
[2025-07-09T05:31:22.136505+00:00] zafkiel.INFO: Route dispatched {"route":[1,["Zafkiel\\Presentation\\Controllers\\HomeController","index"],[]]} []
[2025-07-09T05:31:22.136589+00:00] zafkiel.INFO: Route found {"handler":["Zafkiel\\Presentation\\Controllers\\HomeController","index"],"vars":[]} []
[2025-07-09T05:31:22.149659+00:00] zafkiel.INFO: Request completed {"method":"GET","uri":"/","status":500} []
[2025-07-09T05:31:22.324730+00:00] zafkiel.INFO: Creating dispatcher [] []
[2025-07-09T05:31:22.324981+00:00] zafkiel.INFO: Inside route definition function [] []
[2025-07-09T05:31:22.325078+00:00] zafkiel.INFO: Route definition executed [] []
[2025-07-09T05:31:22.325149+00:00] zafkiel.INFO: Dispatcher created [] []
[2025-07-09T05:31:22.325163+00:00] zafkiel.INFO: Creating dispatcher [] []
[2025-07-09T05:31:22.325288+00:00] zafkiel.INFO: Request details {"method":"GET","url":"/public/img/backoffice/core/zafkiel_logo.png","path":"/public/img/backoffice/core/zafkiel_logo.png","basePath":"/zafkiel","relativePath":"/public/img/backoffice/core/zafkiel_logo.png"} []
[2025-07-09T05:31:22.325338+00:00] zafkiel.INFO: Request started {"method":"GET","uri":"/public/img/backoffice/core/zafkiel_logo.png","ip":"127.0.0.1"} []
[2025-07-09T05:31:22.325374+00:00] zafkiel.INFO: Dispatching route [] []
[2025-07-09T05:31:22.325407+00:00] zafkiel.INFO: Route dispatched {"route":[0]} []
[2025-07-09T05:31:22.325395+00:00] zafkiel.INFO: Inside route definition function [] []
[2025-07-09T05:31:22.325487+00:00] zafkiel.INFO: Request completed {"method":"GET","uri":"/public/img/backoffice/core/zafkiel_logo.png","status":404} []
[2025-07-09T05:31:22.325518+00:00] zafkiel.INFO: Route definition executed [] []
[2025-07-09T05:31:22.325594+00:00] zafkiel.INFO: Dispatcher created [] []
[2025-07-09T05:31:22.325742+00:00] zafkiel.INFO: Request details {"method":"GET","url":"/public/img/zafkiel/zafkiel_logo.png","path":"/public/img/zafkiel/zafkiel_logo.png","basePath":"/zafkiel","relativePath":"/public/img/zafkiel/zafkiel_logo.png"} []
[2025-07-09T05:31:22.325798+00:00] zafkiel.INFO: Request started {"method":"GET","uri":"/public/img/zafkiel/zafkiel_logo.png","ip":"127.0.0.1"} []
[2025-07-09T05:31:22.325837+00:00] zafkiel.INFO: Dispatching route [] []
[2025-07-09T05:31:22.325874+00:00] zafkiel.INFO: Route dispatched {"route":[0]} []
[2025-07-09T05:31:22.325939+00:00] zafkiel.INFO: Request completed {"method":"GET","uri":"/public/img/zafkiel/zafkiel_logo.png","status":404} []
[2025-07-09T05:31:22.504832+00:00] zafkiel.INFO: Creating dispatcher [] []
[2025-07-09T05:31:22.505045+00:00] zafkiel.INFO: Inside route definition function [] []
[2025-07-09T05:31:22.505141+00:00] zafkiel.INFO: Route definition executed [] []
[2025-07-09T05:31:22.505198+00:00] zafkiel.INFO: Dispatcher created [] []
[2025-07-09T05:31:22.505311+00:00] zafkiel.INFO: Request details {"method":"POST","url":"/zafkiel/auth/refresh","path":"/zafkiel/auth/refresh","basePath":"/zafkiel","relativePath":"/auth/refresh"} []
[2025-07-09T05:31:22.505343+00:00] zafkiel.INFO: Request started {"method":"POST","uri":"/zafkiel/auth/refresh","ip":"127.0.0.1"} []
[2025-07-09T05:31:22.505378+00:00] zafkiel.INFO: Dispatching route [] []
[2025-07-09T05:31:22.505403+00:00] zafkiel.INFO: Route dispatched {"route":[1,["Zafkiel\\Presentation\\Controllers\\AuthController","refreshToken"],[]]} []
[2025-07-09T05:31:22.505450+00:00] zafkiel.INFO: Route found {"handler":["Zafkiel\\Presentation\\Controllers\\AuthController","refreshToken"],"vars":[]} []
[2025-07-09T05:31:22.515755+00:00] zafkiel.INFO: Request completed {"method":"POST","uri":"/zafkiel/auth/refresh","status":200} []
[2025-07-09T05:31:22.591187+00:00] zafkiel.INFO: Creating dispatcher [] []
[2025-07-09T05:31:22.591520+00:00] zafkiel.INFO: Inside route definition function [] []
[2025-07-09T05:31:22.591637+00:00] zafkiel.INFO: Route definition executed [] []
[2025-07-09T05:31:22.591711+00:00] zafkiel.INFO: Dispatcher created [] []
[2025-07-09T05:31:22.591844+00:00] zafkiel.INFO: Request details {"method":"GET","url":"/favicon.ico","path":"/favicon.ico","basePath":"/zafkiel","relativePath":"/favicon.ico"} []
[2025-07-09T05:31:22.591891+00:00] zafkiel.INFO: Request started {"method":"GET","uri":"/favicon.ico","ip":"127.0.0.1"} []
[2025-07-09T05:31:22.591923+00:00] zafkiel.INFO: Dispatching route [] []
[2025-07-09T05:31:22.591953+00:00] zafkiel.INFO: Route dispatched {"route":[0]} []
[2025-07-09T05:31:22.592012+00:00] zafkiel.INFO: Request completed {"method":"GET","uri":"/favicon.ico","status":404} []
[2025-07-09T05:31:22.608959+00:00] zafkiel.INFO: Creating dispatcher [] []
[2025-07-09T05:31:22.609541+00:00] zafkiel.INFO: Inside route definition function [] []
[2025-07-09T05:31:22.609677+00:00] zafkiel.INFO: Route definition executed [] []
[2025-07-09T05:31:22.609732+00:00] zafkiel.INFO: Dispatcher created [] []
[2025-07-09T05:31:22.609864+00:00] zafkiel.INFO: Request details {"method":"GET","url":"/zafkiel/api/online-admins","path":"/zafkiel/api/online-admins","basePath":"/zafkiel","relativePath":"/api/online-admins"} []
[2025-07-09T05:31:22.609903+00:00] zafkiel.INFO: Request started {"method":"GET","uri":"/zafkiel/api/online-admins","ip":"127.0.0.1"} []
[2025-07-09T05:31:22.609925+00:00] zafkiel.INFO: Dispatching route [] []
[2025-07-09T05:31:22.609952+00:00] zafkiel.INFO: Route dispatched {"route":[0]} []
[2025-07-09T05:31:22.610042+00:00] zafkiel.INFO: Request completed {"method":"GET","uri":"/zafkiel/api/online-admins","status":404} []
[2025-07-09T05:32:22.463002+00:00] zafkiel.INFO: Creating dispatcher [] []
[2025-07-09T05:32:22.463311+00:00] zafkiel.INFO: Inside route definition function [] []
[2025-07-09T05:32:22.463416+00:00] zafkiel.INFO: Route definition executed [] []
[2025-07-09T05:32:22.463506+00:00] zafkiel.INFO: Dispatcher created [] []
[2025-07-09T05:32:22.463662+00:00] zafkiel.INFO: Request details {"method":"POST","url":"/zafkiel/auth/refresh","path":"/zafkiel/auth/refresh","basePath":"/zafkiel","relativePath":"/auth/refresh"} []
[2025-07-09T05:32:22.463713+00:00] zafkiel.INFO: Request started {"method":"POST","uri":"/zafkiel/auth/refresh","ip":"127.0.0.1"} []
[2025-07-09T05:32:22.463746+00:00] zafkiel.INFO: Dispatching route [] []
[2025-07-09T05:32:22.463774+00:00] zafkiel.INFO: Route dispatched {"route":[1,["Zafkiel\\Presentation\\Controllers\\AuthController","refreshToken"],[]]} []
[2025-07-09T05:32:22.463845+00:00] zafkiel.INFO: Route found {"handler":["Zafkiel\\Presentation\\Controllers\\AuthController","refreshToken"],"vars":[]} []
[2025-07-09T05:32:22.471922+00:00] zafkiel.INFO: Request completed {"method":"POST","uri":"/zafkiel/auth/refresh","status":200} []
[2025-07-09T05:32:22.510673+00:00] zafkiel.INFO: Creating dispatcher [] []
[2025-07-09T05:32:22.511223+00:00] zafkiel.INFO: Inside route definition function [] []
[2025-07-09T05:32:22.511418+00:00] zafkiel.INFO: Route definition executed [] []
[2025-07-09T05:32:22.511576+00:00] zafkiel.INFO: Dispatcher created [] []
[2025-07-09T05:32:22.511853+00:00] zafkiel.INFO: Request details {"method":"GET","url":"/zafkiel/api/online-admins","path":"/zafkiel/api/online-admins","basePath":"/zafkiel","relativePath":"/api/online-admins"} []
[2025-07-09T05:32:22.511980+00:00] zafkiel.INFO: Request started {"method":"GET","uri":"/zafkiel/api/online-admins","ip":"127.0.0.1"} []
[2025-07-09T05:32:22.512056+00:00] zafkiel.INFO: Dispatching route [] []
[2025-07-09T05:32:22.512127+00:00] zafkiel.INFO: Route dispatched {"route":[0]} []
[2025-07-09T05:32:22.512258+00:00] zafkiel.INFO: Request completed {"method":"GET","uri":"/zafkiel/api/online-admins","status":404} []
[2025-07-09T05:32:34.986710+00:00] zafkiel.INFO: Creating dispatcher [] []
[2025-07-09T05:32:34.986958+00:00] zafkiel.INFO: Inside route definition function [] []
[2025-07-09T05:32:34.987043+00:00] zafkiel.INFO: Route definition executed [] []
[2025-07-09T05:32:34.987122+00:00] zafkiel.INFO: Dispatcher created [] []
[2025-07-09T05:32:34.987285+00:00] zafkiel.INFO: Request details {"method":"GET","url":"/","path":"/","basePath":"/zafkiel","relativePath":"/"} []
[2025-07-09T05:32:34.987332+00:00] zafkiel.INFO: Request started {"method":"GET","uri":"/","ip":"127.0.0.1"} []
[2025-07-09T05:32:34.987364+00:00] zafkiel.INFO: Dispatching route [] []
[2025-07-09T05:32:34.987393+00:00] zafkiel.INFO: Route dispatched {"route":[1,["Zafkiel\\Presentation\\Controllers\\HomeController","index"],[]]} []
[2025-07-09T05:32:34.987456+00:00] zafkiel.INFO: Route found {"handler":["Zafkiel\\Presentation\\Controllers\\HomeController","index"],"vars":[]} []
[2025-07-09T05:32:34.994599+00:00] zafkiel.INFO: Request completed {"method":"GET","uri":"/","status":500} []
[2025-07-09T05:32:35.088383+00:00] zafkiel.INFO: Creating dispatcher [] []
[2025-07-09T05:32:35.088383+00:00] zafkiel.INFO: Creating dispatcher [] []
[2025-07-09T05:32:35.088592+00:00] zafkiel.INFO: Inside route definition function [] []
[2025-07-09T05:32:35.088594+00:00] zafkiel.INFO: Inside route definition function [] []
[2025-07-09T05:32:35.088660+00:00] zafkiel.INFO: Route definition executed [] []
[2025-07-09T05:32:35.088677+00:00] zafkiel.INFO: Route definition executed [] []
[2025-07-09T05:32:35.088704+00:00] zafkiel.INFO: Dispatcher created [] []
[2025-07-09T05:32:35.088738+00:00] zafkiel.INFO: Dispatcher created [] []
[2025-07-09T05:32:35.088805+00:00] zafkiel.INFO: Request details {"method":"GET","url":"/public/img/backoffice/core/zafkiel_logo.png","path":"/public/img/backoffice/core/zafkiel_logo.png","basePath":"/zafkiel","relativePath":"/public/img/backoffice/core/zafkiel_logo.png"} []
[2025-07-09T05:32:35.088835+00:00] zafkiel.INFO: Request started {"method":"GET","uri":"/public/img/backoffice/core/zafkiel_logo.png","ip":"127.0.0.1"} []
[2025-07-09T05:32:35.088827+00:00] zafkiel.INFO: Request details {"method":"GET","url":"/public/img/zafkiel/zafkiel_logo.png","path":"/public/img/zafkiel/zafkiel_logo.png","basePath":"/zafkiel","relativePath":"/public/img/zafkiel/zafkiel_logo.png"} []
[2025-07-09T05:32:35.088852+00:00] zafkiel.INFO: Dispatching route [] []
[2025-07-09T05:32:35.088860+00:00] zafkiel.INFO: Request started {"method":"GET","uri":"/public/img/zafkiel/zafkiel_logo.png","ip":"127.0.0.1"} []
[2025-07-09T05:32:35.088870+00:00] zafkiel.INFO: Route dispatched {"route":[0]} []
[2025-07-09T05:32:35.088879+00:00] zafkiel.INFO: Dispatching route [] []
[2025-07-09T05:32:35.088922+00:00] zafkiel.INFO: Route dispatched {"route":[0]} []
[2025-07-09T05:32:35.088931+00:00] zafkiel.INFO: Request completed {"method":"GET","uri":"/public/img/backoffice/core/zafkiel_logo.png","status":404} []
[2025-07-09T05:32:35.088954+00:00] zafkiel.INFO: Request completed {"method":"GET","uri":"/public/img/zafkiel/zafkiel_logo.png","status":404} []
[2025-07-09T05:32:35.236746+00:00] zafkiel.INFO: Creating dispatcher [] []
[2025-07-09T05:32:35.236970+00:00] zafkiel.INFO: Inside route definition function [] []
[2025-07-09T05:32:35.237046+00:00] zafkiel.INFO: Route definition executed [] []
[2025-07-09T05:32:35.237109+00:00] zafkiel.INFO: Dispatcher created [] []
[2025-07-09T05:32:35.237242+00:00] zafkiel.INFO: Request details {"method":"GET","url":"/favicon.ico","path":"/favicon.ico","basePath":"/zafkiel","relativePath":"/favicon.ico"} []
[2025-07-09T05:32:35.237283+00:00] zafkiel.INFO: Request started {"method":"GET","uri":"/favicon.ico","ip":"127.0.0.1"} []
[2025-07-09T05:32:35.237313+00:00] zafkiel.INFO: Dispatching route [] []
[2025-07-09T05:32:35.237344+00:00] zafkiel.INFO: Route dispatched {"route":[0]} []
[2025-07-09T05:32:35.237415+00:00] zafkiel.INFO: Request completed {"method":"GET","uri":"/favicon.ico","status":404} []
[2025-07-09T05:33:09.300034+00:00] zafkiel.INFO: Creating dispatcher [] []
[2025-07-09T05:33:09.300294+00:00] zafkiel.INFO: Inside route definition function [] []
[2025-07-09T05:33:09.300383+00:00] zafkiel.INFO: Route definition executed [] []
[2025-07-09T05:33:09.300456+00:00] zafkiel.INFO: Dispatcher created [] []
[2025-07-09T05:33:09.300596+00:00] zafkiel.INFO: Request details {"method":"GET","url":"/","path":"/","basePath":"/zafkiel","relativePath":"/"} []
[2025-07-09T05:33:09.300637+00:00] zafkiel.INFO: Request started {"method":"GET","uri":"/","ip":"127.0.0.1"} []
[2025-07-09T05:33:09.300661+00:00] zafkiel.INFO: Dispatching route [] []
[2025-07-09T05:33:09.300683+00:00] zafkiel.INFO: Route dispatched {"route":[1,["Zafkiel\\Presentation\\Controllers\\HomeController","index"],[]]} []
[2025-07-09T05:33:09.300766+00:00] zafkiel.INFO: Route found {"handler":["Zafkiel\\Presentation\\Controllers\\HomeController","index"],"vars":[]} []
[2025-07-09T05:33:09.321213+00:00] zafkiel.INFO: Request completed {"method":"GET","uri":"/","status":500} []
[2025-07-09T05:33:09.533396+00:00] zafkiel.INFO: Creating dispatcher [] []
[2025-07-09T05:33:09.533739+00:00] zafkiel.INFO: Inside route definition function [] []
[2025-07-09T05:33:09.533811+00:00] zafkiel.INFO: Route definition executed [] []
[2025-07-09T05:33:09.533868+00:00] zafkiel.INFO: Dispatcher created [] []
[2025-07-09T05:33:09.533980+00:00] zafkiel.INFO: Request details {"method":"GET","url":"/public/img/backoffice/core/zafkiel_logo.png","path":"/public/img/backoffice/core/zafkiel_logo.png","basePath":"/zafkiel","relativePath":"/public/img/backoffice/core/zafkiel_logo.png"} []
[2025-07-09T05:33:09.534077+00:00] zafkiel.INFO: Request started {"method":"GET","uri":"/public/img/backoffice/core/zafkiel_logo.png","ip":"127.0.0.1"} []
[2025-07-09T05:33:09.534110+00:00] zafkiel.INFO: Dispatching route [] []
[2025-07-09T05:33:09.534139+00:00] zafkiel.INFO: Route dispatched {"route":[0]} []
[2025-07-09T05:33:09.534192+00:00] zafkiel.INFO: Request completed {"method":"GET","uri":"/public/img/backoffice/core/zafkiel_logo.png","status":404} []
[2025-07-09T05:33:09.535303+00:00] zafkiel.INFO: Creating dispatcher [] []
[2025-07-09T05:33:09.535464+00:00] zafkiel.INFO: Inside route definition function [] []
[2025-07-09T05:33:09.535537+00:00] zafkiel.INFO: Route definition executed [] []
[2025-07-09T05:33:09.535594+00:00] zafkiel.INFO: Dispatcher created [] []
[2025-07-09T05:33:09.535706+00:00] zafkiel.INFO: Request details {"method":"GET","url":"/public/img/zafkiel/zafkiel_logo.png","path":"/public/img/zafkiel/zafkiel_logo.png","basePath":"/zafkiel","relativePath":"/public/img/zafkiel/zafkiel_logo.png"} []
[2025-07-09T05:33:09.535754+00:00] zafkiel.INFO: Request started {"method":"GET","uri":"/public/img/zafkiel/zafkiel_logo.png","ip":"127.0.0.1"} []
[2025-07-09T05:33:09.535785+00:00] zafkiel.INFO: Dispatching route [] []
[2025-07-09T05:33:09.535811+00:00] zafkiel.INFO: Route dispatched {"route":[0]} []
[2025-07-09T05:33:09.535861+00:00] zafkiel.INFO: Request completed {"method":"GET","uri":"/public/img/zafkiel/zafkiel_logo.png","status":404} []
[2025-07-09T05:33:09.823355+00:00] zafkiel.INFO: Creating dispatcher [] []
[2025-07-09T05:33:09.823623+00:00] zafkiel.INFO: Inside route definition function [] []
[2025-07-09T05:33:09.823712+00:00] zafkiel.INFO: Route definition executed [] []
[2025-07-09T05:33:09.823789+00:00] zafkiel.INFO: Dispatcher created [] []
[2025-07-09T05:33:09.823941+00:00] zafkiel.INFO: Request details {"method":"GET","url":"/favicon.ico","path":"/favicon.ico","basePath":"/zafkiel","relativePath":"/favicon.ico"} []
[2025-07-09T05:33:09.823994+00:00] zafkiel.INFO: Request started {"method":"GET","uri":"/favicon.ico","ip":"127.0.0.1"} []
[2025-07-09T05:33:09.824032+00:00] zafkiel.INFO: Dispatching route [] []
[2025-07-09T05:33:09.824069+00:00] zafkiel.INFO: Route dispatched {"route":[0]} []
[2025-07-09T05:33:09.824147+00:00] zafkiel.INFO: Request completed {"method":"GET","uri":"/favicon.ico","status":404} []
[2025-07-09T05:33:13.932529+00:00] zafkiel.INFO: Creating dispatcher [] []
[2025-07-09T05:33:13.932923+00:00] zafkiel.INFO: Inside route definition function [] []
[2025-07-09T05:33:13.933051+00:00] zafkiel.INFO: Route definition executed [] []
[2025-07-09T05:33:13.933175+00:00] zafkiel.INFO: Dispatcher created [] []
[2025-07-09T05:33:13.933390+00:00] zafkiel.INFO: Request details {"method":"POST","url":"/zafkiel/auth/refresh","path":"/zafkiel/auth/refresh","basePath":"/zafkiel","relativePath":"/auth/refresh"} []
[2025-07-09T05:33:13.933462+00:00] zafkiel.INFO: Request started {"method":"POST","uri":"/zafkiel/auth/refresh","ip":"127.0.0.1"} []
[2025-07-09T05:33:13.933509+00:00] zafkiel.INFO: Dispatching route [] []
[2025-07-09T05:33:13.933548+00:00] zafkiel.INFO: Route dispatched {"route":[1,["Zafkiel\\Presentation\\Controllers\\AuthController","refreshToken"],[]]} []
[2025-07-09T05:33:13.933645+00:00] zafkiel.INFO: Route found {"handler":["Zafkiel\\Presentation\\Controllers\\AuthController","refreshToken"],"vars":[]} []
[2025-07-09T05:33:13.955614+00:00] zafkiel.INFO: Request completed {"method":"POST","uri":"/zafkiel/auth/refresh","status":200} []
[2025-07-09T05:33:13.982250+00:00] zafkiel.INFO: Creating dispatcher [] []
[2025-07-09T05:33:13.982446+00:00] zafkiel.INFO: Inside route definition function [] []
[2025-07-09T05:33:13.982519+00:00] zafkiel.INFO: Route definition executed [] []
[2025-07-09T05:33:13.982576+00:00] zafkiel.INFO: Dispatcher created [] []
[2025-07-09T05:33:13.982689+00:00] zafkiel.INFO: Request details {"method":"POST","url":"/admin/fetchAdmins","path":"/admin/fetchAdmins","basePath":"/zafkiel","relativePath":"/admin/fetchAdmins"} []
[2025-07-09T05:33:13.982742+00:00] zafkiel.INFO: Request started {"method":"POST","uri":"/admin/fetchAdmins","ip":"127.0.0.1"} []
[2025-07-09T05:33:13.982771+00:00] zafkiel.INFO: Dispatching route [] []
[2025-07-09T05:33:13.982808+00:00] zafkiel.INFO: Route dispatched {"route":[1,["Zafkiel\\Presentation\\Controllers\\AdminController","fetchAdmins"],[]]} []
[2025-07-09T05:33:13.982861+00:00] zafkiel.INFO: Route found {"handler":["Zafkiel\\Presentation\\Controllers\\AdminController","fetchAdmins"],"vars":[]} []
[2025-07-09T05:33:13.983794+00:00] zafkiel.ERROR: Request failed {"method":"POST","uri":"/admin/fetchAdmins","error":"Call to undefined method Zafkiel\\Presentation\\Controllers\\AdminController::fetchAdmins()","trace":"#0 {main}"} []
[2025-07-09T05:34:05.870694+00:00] zafkiel.INFO: Creating dispatcher [] []
[2025-07-09T05:34:05.871024+00:00] zafkiel.INFO: Inside route definition function [] []
[2025-07-09T05:34:05.871113+00:00] zafkiel.INFO: Route definition executed [] []
[2025-07-09T05:34:05.871181+00:00] zafkiel.INFO: Dispatcher created [] []
[2025-07-09T05:34:05.871340+00:00] zafkiel.INFO: Request details {"method":"GET","url":"/","path":"/","basePath":"/zafkiel","relativePath":"/"} []
[2025-07-09T05:34:05.871389+00:00] zafkiel.INFO: Request started {"method":"GET","uri":"/","ip":"127.0.0.1"} []
[2025-07-09T05:34:05.871414+00:00] zafkiel.INFO: Dispatching route [] []
[2025-07-09T05:34:05.871442+00:00] zafkiel.INFO: Route dispatched {"route":[1,["Zafkiel\\Presentation\\Controllers\\HomeController","index"],[]]} []
[2025-07-09T05:34:05.871573+00:00] zafkiel.INFO: Route found {"handler":["Zafkiel\\Presentation\\Controllers\\HomeController","index"],"vars":[]} []
[2025-07-09T05:34:05.891050+00:00] zafkiel.INFO: Request completed {"method":"GET","uri":"/","status":500} []
[2025-07-09T05:34:06.189974+00:00] zafkiel.INFO: Creating dispatcher [] []
[2025-07-09T05:34:06.190188+00:00] zafkiel.INFO: Inside route definition function [] []
[2025-07-09T05:34:06.190268+00:00] zafkiel.INFO: Route definition executed [] []
[2025-07-09T05:34:06.190327+00:00] zafkiel.INFO: Dispatcher created [] []
[2025-07-09T05:34:06.190440+00:00] zafkiel.INFO: Request details {"method":"GET","url":"/public/img/backoffice/core/zafkiel_logo.png","path":"/public/img/backoffice/core/zafkiel_logo.png","basePath":"/zafkiel","relativePath":"/public/img/backoffice/core/zafkiel_logo.png"} []
[2025-07-09T05:34:06.190473+00:00] zafkiel.INFO: Request started {"method":"GET","uri":"/public/img/backoffice/core/zafkiel_logo.png","ip":"127.0.0.1"} []
[2025-07-09T05:34:06.190502+00:00] zafkiel.INFO: Dispatching route [] []
[2025-07-09T05:34:06.190528+00:00] zafkiel.INFO: Route dispatched {"route":[0]} []
[2025-07-09T05:34:06.190577+00:00] zafkiel.INFO: Request completed {"method":"GET","uri":"/public/img/backoffice/core/zafkiel_logo.png","status":404} []
[2025-07-09T05:34:06.195618+00:00] zafkiel.INFO: Creating dispatcher [] []
[2025-07-09T05:34:06.195839+00:00] zafkiel.INFO: Inside route definition function [] []
[2025-07-09T05:34:06.195909+00:00] zafkiel.INFO: Route definition executed [] []
[2025-07-09T05:34:06.195963+00:00] zafkiel.INFO: Dispatcher created [] []
[2025-07-09T05:34:06.196067+00:00] zafkiel.INFO: Request details {"method":"GET","url":"/public/img/zafkiel/zafkiel_logo.png","path":"/public/img/zafkiel/zafkiel_logo.png","basePath":"/zafkiel","relativePath":"/public/img/zafkiel/zafkiel_logo.png"} []
[2025-07-09T05:34:06.196104+00:00] zafkiel.INFO: Request started {"method":"GET","uri":"/public/img/zafkiel/zafkiel_logo.png","ip":"127.0.0.1"} []
[2025-07-09T05:34:06.196132+00:00] zafkiel.INFO: Dispatching route [] []
[2025-07-09T05:34:06.196157+00:00] zafkiel.INFO: Route dispatched {"route":[0]} []
[2025-07-09T05:34:06.196202+00:00] zafkiel.INFO: Request completed {"method":"GET","uri":"/public/img/zafkiel/zafkiel_logo.png","status":404} []
[2025-07-09T05:34:06.272294+00:00] zafkiel.INFO: Creating dispatcher [] []
[2025-07-09T05:34:06.272441+00:00] zafkiel.INFO: Inside route definition function [] []
[2025-07-09T05:34:06.272496+00:00] zafkiel.INFO: Route definition executed [] []
[2025-07-09T05:34:06.272534+00:00] zafkiel.INFO: Dispatcher created [] []
[2025-07-09T05:34:06.272604+00:00] zafkiel.INFO: Request details {"method":"GET","url":"/favicon.ico","path":"/favicon.ico","basePath":"/zafkiel","relativePath":"/favicon.ico"} []
[2025-07-09T05:34:06.272630+00:00] zafkiel.INFO: Request started {"method":"GET","uri":"/favicon.ico","ip":"127.0.0.1"} []
[2025-07-09T05:34:06.272647+00:00] zafkiel.INFO: Dispatching route [] []
[2025-07-09T05:34:06.272668+00:00] zafkiel.INFO: Route dispatched {"route":[0]} []
[2025-07-09T05:34:06.272711+00:00] zafkiel.INFO: Request completed {"method":"GET","uri":"/favicon.ico","status":404} []
[2025-07-09T05:34:09.124380+00:00] zafkiel.INFO: Creating dispatcher [] []
[2025-07-09T05:34:09.124581+00:00] zafkiel.INFO: Inside route definition function [] []
[2025-07-09T05:34:09.124680+00:00] zafkiel.INFO: Route definition executed [] []
[2025-07-09T05:34:09.124757+00:00] zafkiel.INFO: Dispatcher created [] []
[2025-07-09T05:34:09.124901+00:00] zafkiel.INFO: Request details {"method":"POST","url":"/zafkiel/auth/refresh","path":"/zafkiel/auth/refresh","basePath":"/zafkiel","relativePath":"/auth/refresh"} []
[2025-07-09T05:34:09.124945+00:00] zafkiel.INFO: Request started {"method":"POST","uri":"/zafkiel/auth/refresh","ip":"127.0.0.1"} []
[2025-07-09T05:34:09.124974+00:00] zafkiel.INFO: Dispatching route [] []
[2025-07-09T05:34:09.125001+00:00] zafkiel.INFO: Route dispatched {"route":[1,["Zafkiel\\Presentation\\Controllers\\AuthController","refreshToken"],[]]} []
[2025-07-09T05:34:09.125086+00:00] zafkiel.INFO: Route found {"handler":["Zafkiel\\Presentation\\Controllers\\AuthController","refreshToken"],"vars":[]} []
[2025-07-09T05:34:09.131508+00:00] zafkiel.INFO: Request completed {"method":"POST","uri":"/zafkiel/auth/refresh","status":200} []
[2025-07-09T05:34:09.150944+00:00] zafkiel.INFO: Creating dispatcher [] []
[2025-07-09T05:34:09.151104+00:00] zafkiel.INFO: Inside route definition function [] []
[2025-07-09T05:34:09.151155+00:00] zafkiel.INFO: Route definition executed [] []
[2025-07-09T05:34:09.151193+00:00] zafkiel.INFO: Dispatcher created [] []
[2025-07-09T05:34:09.151273+00:00] zafkiel.INFO: Request details {"method":"POST","url":"/admin/fetchAdmins","path":"/admin/fetchAdmins","basePath":"/zafkiel","relativePath":"/admin/fetchAdmins"} []
[2025-07-09T05:34:09.151301+00:00] zafkiel.INFO: Request started {"method":"POST","uri":"/admin/fetchAdmins","ip":"127.0.0.1"} []
[2025-07-09T05:34:09.151318+00:00] zafkiel.INFO: Dispatching route [] []
[2025-07-09T05:34:09.151334+00:00] zafkiel.INFO: Route dispatched {"route":[1,["Zafkiel\\Presentation\\Controllers\\AdminController","fetchAdmins"],[]]} []
[2025-07-09T05:34:09.151367+00:00] zafkiel.INFO: Route found {"handler":["Zafkiel\\Presentation\\Controllers\\AdminController","fetchAdmins"],"vars":[]} []
[2025-07-09T05:34:09.151619+00:00] zafkiel.ERROR: Request failed {"method":"POST","uri":"/admin/fetchAdmins","error":"Call to undefined method Zafkiel\\Presentation\\Controllers\\AdminController::fetchAdmins()","trace":"#0 {main}"} []
[2025-07-09T05:34:10.057537+00:00] zafkiel.INFO: Creating dispatcher [] []
[2025-07-09T05:34:10.057800+00:00] zafkiel.INFO: Inside route definition function [] []
[2025-07-09T05:34:10.057895+00:00] zafkiel.INFO: Route definition executed [] []
[2025-07-09T05:34:10.058007+00:00] zafkiel.INFO: Dispatcher created [] []
[2025-07-09T05:34:10.058171+00:00] zafkiel.INFO: Request details {"method":"POST","url":"/zafkiel/auth/refresh","path":"/zafkiel/auth/refresh","basePath":"/zafkiel","relativePath":"/auth/refresh"} []
[2025-07-09T05:34:10.058226+00:00] zafkiel.INFO: Request started {"method":"POST","uri":"/zafkiel/auth/refresh","ip":"127.0.0.1"} []
[2025-07-09T05:34:10.058263+00:00] zafkiel.INFO: Dispatching route [] []
[2025-07-09T05:34:10.058294+00:00] zafkiel.INFO: Route dispatched {"route":[1,["Zafkiel\\Presentation\\Controllers\\AuthController","refreshToken"],[]]} []
[2025-07-09T05:34:10.058356+00:00] zafkiel.INFO: Route found {"handler":["Zafkiel\\Presentation\\Controllers\\AuthController","refreshToken"],"vars":[]} []
[2025-07-09T05:34:10.080662+00:00] zafkiel.INFO: Request completed {"method":"POST","uri":"/zafkiel/auth/refresh","status":200} []
[2025-07-09T05:34:10.106477+00:00] zafkiel.INFO: Creating dispatcher [] []
[2025-07-09T05:34:10.106653+00:00] zafkiel.INFO: Inside route definition function [] []
[2025-07-09T05:34:10.106717+00:00] zafkiel.INFO: Route definition executed [] []
[2025-07-09T05:34:10.106768+00:00] zafkiel.INFO: Dispatcher created [] []
[2025-07-09T05:34:10.106864+00:00] zafkiel.INFO: Request details {"method":"POST","url":"/admin/fetchAdmins","path":"/admin/fetchAdmins","basePath":"/zafkiel","relativePath":"/admin/fetchAdmins"} []
[2025-07-09T05:34:10.106900+00:00] zafkiel.INFO: Request started {"method":"POST","uri":"/admin/fetchAdmins","ip":"127.0.0.1"} []
[2025-07-09T05:34:10.106924+00:00] zafkiel.INFO: Dispatching route [] []
[2025-07-09T05:34:10.106946+00:00] zafkiel.INFO: Route dispatched {"route":[1,["Zafkiel\\Presentation\\Controllers\\AdminController","fetchAdmins"],[]]} []
[2025-07-09T05:34:10.106988+00:00] zafkiel.INFO: Route found {"handler":["Zafkiel\\Presentation\\Controllers\\AdminController","fetchAdmins"],"vars":[]} []
[2025-07-09T05:34:10.107173+00:00] zafkiel.ERROR: Request failed {"method":"POST","uri":"/admin/fetchAdmins","error":"Call to undefined method Zafkiel\\Presentation\\Controllers\\AdminController::fetchAdmins()","trace":"#0 {main}"} []
[2025-07-09T05:34:14.038438+00:00] zafkiel.INFO: Creating dispatcher [] []
[2025-07-09T05:34:14.038681+00:00] zafkiel.INFO: Inside route definition function [] []
[2025-07-09T05:34:14.038748+00:00] zafkiel.INFO: Route definition executed [] []
[2025-07-09T05:34:14.038819+00:00] zafkiel.INFO: Dispatcher created [] []
[2025-07-09T05:34:14.038943+00:00] zafkiel.INFO: Request details {"method":"POST","url":"/zafkiel/auth/refresh","path":"/zafkiel/auth/refresh","basePath":"/zafkiel","relativePath":"/auth/refresh"} []
[2025-07-09T05:34:14.038991+00:00] zafkiel.INFO: Request started {"method":"POST","uri":"/zafkiel/auth/refresh","ip":"127.0.0.1"} []
[2025-07-09T05:34:14.039021+00:00] zafkiel.INFO: Dispatching route [] []
[2025-07-09T05:34:14.039047+00:00] zafkiel.INFO: Route dispatched {"route":[1,["Zafkiel\\Presentation\\Controllers\\AuthController","refreshToken"],[]]} []
[2025-07-09T05:34:14.039112+00:00] zafkiel.INFO: Route found {"handler":["Zafkiel\\Presentation\\Controllers\\AuthController","refreshToken"],"vars":[]} []
[2025-07-09T05:34:14.046325+00:00] zafkiel.INFO: Request completed {"method":"POST","uri":"/zafkiel/auth/refresh","status":200} []
[2025-07-09T05:34:14.069778+00:00] zafkiel.INFO: Creating dispatcher [] []
[2025-07-09T05:34:14.070354+00:00] zafkiel.INFO: Inside route definition function [] []
[2025-07-09T05:34:14.070614+00:00] zafkiel.INFO: Route definition executed [] []
[2025-07-09T05:34:14.070816+00:00] zafkiel.INFO: Dispatcher created [] []
[2025-07-09T05:34:14.071114+00:00] zafkiel.INFO: Request details {"method":"POST","url":"/admin/fetchAdmins","path":"/admin/fetchAdmins","basePath":"/zafkiel","relativePath":"/admin/fetchAdmins"} []
[2025-07-09T05:34:14.071227+00:00] zafkiel.INFO: Request started {"method":"POST","uri":"/admin/fetchAdmins","ip":"127.0.0.1"} []
[2025-07-09T05:34:14.071302+00:00] zafkiel.INFO: Dispatching route [] []
[2025-07-09T05:34:14.071366+00:00] zafkiel.INFO: Route dispatched {"route":[1,["Zafkiel\\Presentation\\Controllers\\AdminController","fetchAdmins"],[]]} []
[2025-07-09T05:34:14.071537+00:00] zafkiel.INFO: Route found {"handler":["Zafkiel\\Presentation\\Controllers\\AdminController","fetchAdmins"],"vars":[]} []
[2025-07-09T05:34:14.072332+00:00] zafkiel.ERROR: Request failed {"method":"POST","uri":"/admin/fetchAdmins","error":"Call to undefined method Zafkiel\\Presentation\\Controllers\\AdminController::fetchAdmins()","trace":"#0 {main}"} []
[2025-07-09T05:34:47.712643+00:00] zafkiel.INFO: Creating dispatcher [] []
[2025-07-09T05:34:47.712923+00:00] zafkiel.INFO: Inside route definition function [] []
[2025-07-09T05:34:47.713004+00:00] zafkiel.INFO: Route definition executed [] []
[2025-07-09T05:34:47.713086+00:00] zafkiel.INFO: Dispatcher created [] []
[2025-07-09T05:34:47.713245+00:00] zafkiel.INFO: Request details {"method":"GET","url":"/","path":"/","basePath":"/zafkiel","relativePath":"/"} []
[2025-07-09T05:34:47.713284+00:00] zafkiel.INFO: Request started {"method":"GET","uri":"/","ip":"127.0.0.1"} []
[2025-07-09T05:34:47.713311+00:00] zafkiel.INFO: Dispatching route [] []
[2025-07-09T05:34:47.713336+00:00] zafkiel.INFO: Route dispatched {"route":[1,["Zafkiel\\Presentation\\Controllers\\HomeController","index"],[]]} []
[2025-07-09T05:34:47.713397+00:00] zafkiel.INFO: Route found {"handler":["Zafkiel\\Presentation\\Controllers\\HomeController","index"],"vars":[]} []
[2025-07-09T05:34:47.721103+00:00] zafkiel.INFO: Request completed {"method":"GET","uri":"/","status":500} []
[2025-07-09T05:34:47.918343+00:00] zafkiel.INFO: Creating dispatcher [] []
[2025-07-09T05:34:47.918549+00:00] zafkiel.INFO: Inside route definition function [] []
[2025-07-09T05:34:47.918623+00:00] zafkiel.INFO: Route definition executed [] []
[2025-07-09T05:34:47.918689+00:00] zafkiel.INFO: Dispatcher created [] []
[2025-07-09T05:34:47.918830+00:00] zafkiel.INFO: Request details {"method":"GET","url":"/public/img/zafkiel/zafkiel_logo.png","path":"/public/img/zafkiel/zafkiel_logo.png","basePath":"/zafkiel","relativePath":"/public/img/zafkiel/zafkiel_logo.png"} []
[2025-07-09T05:34:47.918884+00:00] zafkiel.INFO: Request started {"method":"GET","uri":"/public/img/zafkiel/zafkiel_logo.png","ip":"127.0.0.1"} []
[2025-07-09T05:34:47.918917+00:00] zafkiel.INFO: Dispatching route [] []
[2025-07-09T05:34:47.918945+00:00] zafkiel.INFO: Route dispatched {"route":[0]} []
[2025-07-09T05:34:47.919000+00:00] zafkiel.INFO: Request completed {"method":"GET","uri":"/public/img/zafkiel/zafkiel_logo.png","status":404} []
[2025-07-09T05:34:47.920780+00:00] zafkiel.INFO: Creating dispatcher [] []
[2025-07-09T05:34:47.920995+00:00] zafkiel.INFO: Inside route definition function [] []
[2025-07-09T05:34:47.921072+00:00] zafkiel.INFO: Route definition executed [] []
[2025-07-09T05:34:47.921131+00:00] zafkiel.INFO: Dispatcher created [] []
[2025-07-09T05:34:47.921210+00:00] zafkiel.INFO: Request details {"method":"GET","url":"/public/img/backoffice/core/zafkiel_logo.png","path":"/public/img/backoffice/core/zafkiel_logo.png","basePath":"/zafkiel","relativePath":"/public/img/backoffice/core/zafkiel_logo.png"} []
[2025-07-09T05:34:47.921242+00:00] zafkiel.INFO: Request started {"method":"GET","uri":"/public/img/backoffice/core/zafkiel_logo.png","ip":"127.0.0.1"} []
[2025-07-09T05:34:47.921263+00:00] zafkiel.INFO: Dispatching route [] []
[2025-07-09T05:34:47.921280+00:00] zafkiel.INFO: Route dispatched {"route":[0]} []
[2025-07-09T05:34:47.921314+00:00] zafkiel.INFO: Request completed {"method":"GET","uri":"/public/img/backoffice/core/zafkiel_logo.png","status":404} []
[2025-07-09T05:34:48.130884+00:00] zafkiel.INFO: Creating dispatcher [] []
[2025-07-09T05:34:48.131078+00:00] zafkiel.INFO: Inside route definition function [] []
[2025-07-09T05:34:48.131152+00:00] zafkiel.INFO: Route definition executed [] []
[2025-07-09T05:34:48.131209+00:00] zafkiel.INFO: Dispatcher created [] []
[2025-07-09T05:34:48.131342+00:00] zafkiel.INFO: Request details {"method":"GET","url":"/favicon.ico","path":"/favicon.ico","basePath":"/zafkiel","relativePath":"/favicon.ico"} []
[2025-07-09T05:34:48.131380+00:00] zafkiel.INFO: Request started {"method":"GET","uri":"/favicon.ico","ip":"127.0.0.1"} []
[2025-07-09T05:34:48.131408+00:00] zafkiel.INFO: Dispatching route [] []
[2025-07-09T05:34:48.131436+00:00] zafkiel.INFO: Route dispatched {"route":[0]} []
[2025-07-09T05:34:48.131512+00:00] zafkiel.INFO: Request completed {"method":"GET","uri":"/favicon.ico","status":404} []
[2025-07-09T05:34:50.754697+00:00] zafkiel.INFO: Creating dispatcher [] []
[2025-07-09T05:34:50.755186+00:00] zafkiel.INFO: Inside route definition function [] []
[2025-07-09T05:34:50.755332+00:00] zafkiel.INFO: Route definition executed [] []
[2025-07-09T05:34:50.755474+00:00] zafkiel.INFO: Dispatcher created [] []
[2025-07-09T05:34:50.755754+00:00] zafkiel.INFO: Request details {"method":"POST","url":"/zafkiel/auth/refresh","path":"/zafkiel/auth/refresh","basePath":"/zafkiel","relativePath":"/auth/refresh"} []
[2025-07-09T05:34:50.755822+00:00] zafkiel.INFO: Request started {"method":"POST","uri":"/zafkiel/auth/refresh","ip":"127.0.0.1"} []
[2025-07-09T05:34:50.755866+00:00] zafkiel.INFO: Dispatching route [] []
[2025-07-09T05:34:50.755902+00:00] zafkiel.INFO: Route dispatched {"route":[1,["Zafkiel\\Presentation\\Controllers\\AuthController","refreshToken"],[]]} []
[2025-07-09T05:34:50.756001+00:00] zafkiel.INFO: Route found {"handler":["Zafkiel\\Presentation\\Controllers\\AuthController","refreshToken"],"vars":[]} []
[2025-07-09T05:34:50.770437+00:00] zafkiel.INFO: Request completed {"method":"POST","uri":"/zafkiel/auth/refresh","status":200} []
[2025-07-09T05:34:50.805012+00:00] zafkiel.INFO: Creating dispatcher [] []
[2025-07-09T05:34:50.805259+00:00] zafkiel.INFO: Inside route definition function [] []
[2025-07-09T05:34:50.805345+00:00] zafkiel.INFO: Route definition executed [] []
[2025-07-09T05:34:50.805436+00:00] zafkiel.INFO: Dispatcher created [] []
[2025-07-09T05:34:50.805571+00:00] zafkiel.INFO: Request details {"method":"POST","url":"/admin/fetchAdmins","path":"/admin/fetchAdmins","basePath":"/zafkiel","relativePath":"/admin/fetchAdmins"} []
[2025-07-09T05:34:50.805623+00:00] zafkiel.INFO: Request started {"method":"POST","uri":"/admin/fetchAdmins","ip":"127.0.0.1"} []
[2025-07-09T05:34:50.805672+00:00] zafkiel.INFO: Dispatching route [] []
[2025-07-09T05:34:50.805703+00:00] zafkiel.INFO: Route dispatched {"route":[1,["Zafkiel\\Presentation\\Controllers\\AdminController","fetchAdmins"],[]]} []
[2025-07-09T05:34:50.805764+00:00] zafkiel.INFO: Route found {"handler":["Zafkiel\\Presentation\\Controllers\\AdminController","fetchAdmins"],"vars":[]} []
[2025-07-09T05:34:50.806079+00:00] zafkiel.ERROR: Request failed {"method":"POST","uri":"/admin/fetchAdmins","error":"Call to undefined method Zafkiel\\Presentation\\Controllers\\AdminController::fetchAdmins()","trace":"#0 {main}"} []
[2025-07-09T05:35:53.444658+00:00] zafkiel.INFO: Creating dispatcher [] []
[2025-07-09T05:35:53.444886+00:00] zafkiel.INFO: Inside route definition function [] []
[2025-07-09T05:35:53.444956+00:00] zafkiel.INFO: Route definition executed [] []
[2025-07-09T05:35:53.445016+00:00] zafkiel.INFO: Dispatcher created [] []
[2025-07-09T05:35:53.445139+00:00] zafkiel.INFO: Request details {"method":"POST","url":"/zafkiel/auth/refresh","path":"/zafkiel/auth/refresh","basePath":"/zafkiel","relativePath":"/auth/refresh"} []
[2025-07-09T05:35:53.445181+00:00] zafkiel.INFO: Request started {"method":"POST","uri":"/zafkiel/auth/refresh","ip":"127.0.0.1"} []
[2025-07-09T05:35:53.445207+00:00] zafkiel.INFO: Dispatching route [] []
[2025-07-09T05:35:53.445228+00:00] zafkiel.INFO: Route dispatched {"route":[1,["Zafkiel\\Presentation\\Controllers\\AuthController","refreshToken"],[]]} []
[2025-07-09T05:35:53.445280+00:00] zafkiel.INFO: Route found {"handler":["Zafkiel\\Presentation\\Controllers\\AuthController","refreshToken"],"vars":[]} []
[2025-07-09T05:35:53.454473+00:00] zafkiel.INFO: Request completed {"method":"POST","uri":"/zafkiel/auth/refresh","status":200} []
[2025-07-09T05:35:53.477616+00:00] zafkiel.INFO: Creating dispatcher [] []
[2025-07-09T05:35:53.477778+00:00] zafkiel.INFO: Inside route definition function [] []
[2025-07-09T05:35:53.477845+00:00] zafkiel.INFO: Route definition executed [] []
[2025-07-09T05:35:53.477889+00:00] zafkiel.INFO: Dispatcher created [] []
[2025-07-09T05:35:53.477973+00:00] zafkiel.INFO: Request details {"method":"POST","url":"/admin/fetchAdmins","path":"/admin/fetchAdmins","basePath":"/zafkiel","relativePath":"/admin/fetchAdmins"} []
[2025-07-09T05:35:53.478004+00:00] zafkiel.INFO: Request started {"method":"POST","uri":"/admin/fetchAdmins","ip":"127.0.0.1"} []
[2025-07-09T05:35:53.478046+00:00] zafkiel.INFO: Dispatching route [] []
[2025-07-09T05:35:53.478066+00:00] zafkiel.INFO: Route dispatched {"route":[1,["Zafkiel\\Presentation\\Controllers\\AdminController","fetchAdmins"],[]]} []
[2025-07-09T05:35:53.478105+00:00] zafkiel.INFO: Route found {"handler":["Zafkiel\\Presentation\\Controllers\\AdminController","fetchAdmins"],"vars":[]} []
[2025-07-09T05:35:53.478288+00:00] zafkiel.ERROR: Request failed {"method":"POST","uri":"/admin/fetchAdmins","error":"Call to undefined method Zafkiel\\Presentation\\Controllers\\AdminController::fetchAdmins()","trace":"#0 {main}"} []
[2025-07-09T05:37:21.264923+00:00] zafkiel.INFO: Creating dispatcher [] []
[2025-07-09T05:37:21.265165+00:00] zafkiel.INFO: Inside route definition function [] []
[2025-07-09T05:37:21.265402+00:00] zafkiel.INFO: Route definition executed [] []
[2025-07-09T05:37:21.265506+00:00] zafkiel.INFO: Dispatcher created [] []
[2025-07-09T05:37:21.265685+00:00] zafkiel.INFO: Request details {"method":"GET","url":"/","path":"/","basePath":"/zafkiel","relativePath":"/"} []
[2025-07-09T05:37:21.265724+00:00] zafkiel.INFO: Request started {"method":"GET","uri":"/","ip":"127.0.0.1"} []
[2025-07-09T05:37:21.265748+00:00] zafkiel.INFO: Dispatching route [] []
[2025-07-09T05:37:21.265769+00:00] zafkiel.INFO: Route dispatched {"route":[1,["Zafkiel\\Presentation\\Controllers\\HomeController","index"],[]]} []
[2025-07-09T05:37:21.265819+00:00] zafkiel.INFO: Route found {"handler":["Zafkiel\\Presentation\\Controllers\\HomeController","index"],"vars":[]} []
[2025-07-09T05:37:21.276336+00:00] zafkiel.INFO: Request completed {"method":"GET","uri":"/","status":500} []
[2025-07-09T05:37:21.406890+00:00] zafkiel.INFO: Creating dispatcher [] []
[2025-07-09T05:37:21.407053+00:00] zafkiel.INFO: Inside route definition function [] []
[2025-07-09T05:37:21.407111+00:00] zafkiel.INFO: Route definition executed [] []
[2025-07-09T05:37:21.407151+00:00] zafkiel.INFO: Dispatcher created [] []
[2025-07-09T05:37:21.407225+00:00] zafkiel.INFO: Request details {"method":"GET","url":"/public/img/zafkiel/zafkiel_logo.png","path":"/public/img/zafkiel/zafkiel_logo.png","basePath":"/zafkiel","relativePath":"/public/img/zafkiel/zafkiel_logo.png"} []
[2025-07-09T05:37:21.407251+00:00] zafkiel.INFO: Request started {"method":"GET","uri":"/public/img/zafkiel/zafkiel_logo.png","ip":"127.0.0.1"} []
[2025-07-09T05:37:21.407269+00:00] zafkiel.INFO: Dispatching route [] []
[2025-07-09T05:37:21.407286+00:00] zafkiel.INFO: Route dispatched {"route":[0]} []
[2025-07-09T05:37:21.407317+00:00] zafkiel.INFO: Request completed {"method":"GET","uri":"/public/img/zafkiel/zafkiel_logo.png","status":404} []
[2025-07-09T05:37:21.409018+00:00] zafkiel.INFO: Creating dispatcher [] []
[2025-07-09T05:37:21.409182+00:00] zafkiel.INFO: Inside route definition function [] []
[2025-07-09T05:37:21.409256+00:00] zafkiel.INFO: Route definition executed [] []
[2025-07-09T05:37:21.409312+00:00] zafkiel.INFO: Dispatcher created [] []
[2025-07-09T05:37:21.409441+00:00] zafkiel.INFO: Request details {"method":"GET","url":"/public/img/backoffice/core/zafkiel_logo.png","path":"/public/img/backoffice/core/zafkiel_logo.png","basePath":"/zafkiel","relativePath":"/public/img/backoffice/core/zafkiel_logo.png"} []
[2025-07-09T05:37:21.409473+00:00] zafkiel.INFO: Request started {"method":"GET","uri":"/public/img/backoffice/core/zafkiel_logo.png","ip":"127.0.0.1"} []
[2025-07-09T05:37:21.409501+00:00] zafkiel.INFO: Dispatching route [] []
[2025-07-09T05:37:21.409527+00:00] zafkiel.INFO: Route dispatched {"route":[0]} []
[2025-07-09T05:37:21.409575+00:00] zafkiel.INFO: Request completed {"method":"GET","uri":"/public/img/backoffice/core/zafkiel_logo.png","status":404} []
[2025-07-09T05:37:21.609606+00:00] zafkiel.INFO: Creating dispatcher [] []
[2025-07-09T05:37:21.609821+00:00] zafkiel.INFO: Inside route definition function [] []
[2025-07-09T05:37:21.609890+00:00] zafkiel.INFO: Route definition executed [] []
[2025-07-09T05:37:21.609943+00:00] zafkiel.INFO: Dispatcher created [] []
[2025-07-09T05:37:21.610047+00:00] zafkiel.INFO: Request details {"method":"GET","url":"/favicon.ico","path":"/favicon.ico","basePath":"/zafkiel","relativePath":"/favicon.ico"} []
[2025-07-09T05:37:21.610091+00:00] zafkiel.INFO: Request started {"method":"GET","uri":"/favicon.ico","ip":"127.0.0.1"} []
[2025-07-09T05:37:21.610114+00:00] zafkiel.INFO: Dispatching route [] []
[2025-07-09T05:37:21.610135+00:00] zafkiel.INFO: Route dispatched {"route":[0]} []
[2025-07-09T05:37:21.610175+00:00] zafkiel.INFO: Request completed {"method":"GET","uri":"/favicon.ico","status":404} []
[2025-07-09T06:20:50.251132+00:00] zafkiel.INFO: Creating dispatcher [] []
[2025-07-09T06:20:50.251866+00:00] zafkiel.INFO: Inside route definition function [] []
[2025-07-09T06:20:50.252095+00:00] zafkiel.INFO: Route definition executed [] []
[2025-07-09T06:20:50.252270+00:00] zafkiel.INFO: Dispatcher created [] []
[2025-07-09T06:20:50.252537+00:00] zafkiel.INFO: Request details {"method":"POST","url":"/zafkiel/auth/refresh","path":"/zafkiel/auth/refresh","basePath":"/zafkiel","relativePath":"/auth/refresh"} []
[2025-07-09T06:20:50.252632+00:00] zafkiel.INFO: Request started {"method":"POST","uri":"/zafkiel/auth/refresh","ip":"127.0.0.1"} []
[2025-07-09T06:20:50.252686+00:00] zafkiel.INFO: Dispatching route [] []
[2025-07-09T06:20:50.252732+00:00] zafkiel.INFO: Route dispatched {"route":[1,["Zafkiel\\Presentation\\Controllers\\AuthController","refreshToken"],[]]} []
[2025-07-09T06:20:50.252845+00:00] zafkiel.INFO: Route found {"handler":["Zafkiel\\Presentation\\Controllers\\AuthController","refreshToken"],"vars":[]} []
[2025-07-09T06:20:50.264842+00:00] zafkiel.INFO: Request completed {"method":"POST","uri":"/zafkiel/auth/refresh","status":200} []
[2025-07-09T06:20:50.303221+00:00] zafkiel.INFO: Creating dispatcher [] []
[2025-07-09T06:20:50.303381+00:00] zafkiel.INFO: Inside route definition function [] []
[2025-07-09T06:20:50.303438+00:00] zafkiel.INFO: Route definition executed [] []
[2025-07-09T06:20:50.303480+00:00] zafkiel.INFO: Dispatcher created [] []
[2025-07-09T06:20:50.303561+00:00] zafkiel.INFO: Request details {"method":"POST","url":"/admin/fetchAdminDetails","path":"/admin/fetchAdminDetails","basePath":"/zafkiel","relativePath":"/admin/fetchAdminDetails"} []
[2025-07-09T06:20:50.303591+00:00] zafkiel.INFO: Request started {"method":"POST","uri":"/admin/fetchAdminDetails","ip":"127.0.0.1"} []
[2025-07-09T06:20:50.303615+00:00] zafkiel.INFO: Dispatching route [] []
[2025-07-09T06:20:50.303633+00:00] zafkiel.INFO: Route dispatched {"route":[1,["Zafkiel\\Presentation\\Controllers\\AdminController","fetchAdminDetails"],[]]} []
[2025-07-09T06:20:50.303668+00:00] zafkiel.INFO: Route found {"handler":["Zafkiel\\Presentation\\Controllers\\AdminController","fetchAdminDetails"],"vars":[]} []
[2025-07-09T06:20:50.303867+00:00] zafkiel.ERROR: Request failed {"method":"POST","uri":"/admin/fetchAdminDetails","error":"Unclosed '{' on line 18","trace":"#0 /var/www/zafkiel/vendor/composer/ClassLoader.php(433): Composer\\Autoload\\{closure}()\n#1 [internal function]: Composer\\Autoload\\ClassLoader->loadClass()\n#2 /var/www/zafkiel/vendor/php-di/php-di/src/Definition/Source/ReflectionBasedAutowiring.php(23): class_exists()\n#3 /var/www/zafkiel/vendor/php-di/php-di/src/Definition/Source/ReflectionBasedAutowiring.php(42): DI\\Definition\\Source\\ReflectionBasedAutowiring->autowire()\n#4 /var/www/zafkiel/vendor/php-di/php-di/src/Definition/Source/SourceChain.php(37): DI\\Definition\\Source\\ReflectionBasedAutowiring->getDefinition()\n#5 /var/www/zafkiel/vendor/php-di/php-di/src/Container.php(147): DI\\Definition\\Source\\SourceChain->getDefinition()\n#6 /var/www/zafkiel/vendor/php-di/php-di/src/Container.php(131): DI\\Container->getDefinition()\n#7 /var/www/zafkiel/public/index.php(134): DI\\Container->get()\n#8 {main}"} []
[2025-07-09T06:21:34.109901+00:00] zafkiel.INFO: Creating dispatcher [] []
[2025-07-09T06:21:34.110356+00:00] zafkiel.INFO: Inside route definition function [] []
[2025-07-09T06:21:34.110512+00:00] zafkiel.INFO: Route definition executed [] []
[2025-07-09T06:21:34.110649+00:00] zafkiel.INFO: Dispatcher created [] []
[2025-07-09T06:21:34.110880+00:00] zafkiel.INFO: Request details {"method":"POST","url":"/zafkiel/auth/refresh","path":"/zafkiel/auth/refresh","basePath":"/zafkiel","relativePath":"/auth/refresh"} []
[2025-07-09T06:21:34.110955+00:00] zafkiel.INFO: Request started {"method":"POST","uri":"/zafkiel/auth/refresh","ip":"127.0.0.1"} []
[2025-07-09T06:21:34.111005+00:00] zafkiel.INFO: Dispatching route [] []
[2025-07-09T06:21:34.111046+00:00] zafkiel.INFO: Route dispatched {"route":[1,["Zafkiel\\Presentation\\Controllers\\AuthController","refreshToken"],[]]} []
[2025-07-09T06:21:34.111174+00:00] zafkiel.INFO: Route found {"handler":["Zafkiel\\Presentation\\Controllers\\AuthController","refreshToken"],"vars":[]} []
[2025-07-09T06:21:34.127316+00:00] zafkiel.INFO: Request completed {"method":"POST","uri":"/zafkiel/auth/refresh","status":200} []
[2025-07-09T06:21:34.153263+00:00] zafkiel.INFO: Creating dispatcher [] []
[2025-07-09T06:21:34.153461+00:00] zafkiel.INFO: Inside route definition function [] []
[2025-07-09T06:21:34.153536+00:00] zafkiel.INFO: Route definition executed [] []
[2025-07-09T06:21:34.153597+00:00] zafkiel.INFO: Dispatcher created [] []
[2025-07-09T06:21:34.153709+00:00] zafkiel.INFO: Request details {"method":"POST","url":"/admin/fetchAdminDetails","path":"/admin/fetchAdminDetails","basePath":"/zafkiel","relativePath":"/admin/fetchAdminDetails"} []
[2025-07-09T06:21:34.153752+00:00] zafkiel.INFO: Request started {"method":"POST","uri":"/admin/fetchAdminDetails","ip":"127.0.0.1"} []
[2025-07-09T06:21:34.153794+00:00] zafkiel.INFO: Dispatching route [] []
[2025-07-09T06:21:34.153821+00:00] zafkiel.INFO: Route dispatched {"route":[1,["Zafkiel\\Presentation\\Controllers\\AdminController","fetchAdminDetails"],[]]} []
[2025-07-09T06:21:34.153874+00:00] zafkiel.INFO: Route found {"handler":["Zafkiel\\Presentation\\Controllers\\AdminController","fetchAdminDetails"],"vars":[]} []
[2025-07-09T06:21:34.154743+00:00] zafkiel.ERROR: Request failed {"method":"POST","uri":"/admin/fetchAdminDetails","error":"Zafkiel\\Application\\DTOs\\SetAdminDataProfileDTO::__construct(): Argument #2 ($data) must be of type array, null given, called in /var/www/zafkiel/src/Presentation/Controllers/AdminController.php on line 96","trace":"#0 /var/www/zafkiel/src/Presentation/Controllers/AdminController.php(96): Zafkiel\\Application\\DTOs\\SetAdminDataProfileDTO->__construct()\n#1 /var/www/zafkiel/public/index.php(135): Zafkiel\\Presentation\\Controllers\\AdminController->fetchAdminDetails()\n#2 {main}"} []
