[2025-07-19T15:09:37.189545+00:00] zafkiel.INFO: Creating dispatcher [] []
[2025-07-19T15:09:37.190981+00:00] zafkiel.INFO: Inside route definition function [] []
[2025-07-19T15:09:37.191097+00:00] zafkiel.INFO: Route definition executed [] []
[2025-07-19T15:09:37.191309+00:00] zafkiel.INFO: Dispatcher created [] []
[2025-07-19T15:09:37.191478+00:00] zafkiel.INFO: Request details {"method":"GET","url":"/","path":"/","basePath":"/zafkiel","relativePath":"/"} []
[2025-07-19T15:09:37.191510+00:00] zafkiel.INFO: Request started {"method":"GET","uri":"/","ip":"127.0.0.1"} []
[2025-07-19T15:09:37.191531+00:00] zafkiel.INFO: Dispatching route [] []
[2025-07-19T15:09:37.191548+00:00] zafkiel.INFO: Route dispatched {"route":[1,["Zafkiel\\Presentation\\Controllers\\HomeController","index"],[]]} []
[2025-07-19T15:09:37.191615+00:00] zafkiel.INFO: Route found {"handler":["Zafkiel\\Presentation\\Controllers\\HomeController","index"],"vars":[]} []
[2025-07-19T15:09:37.207055+00:00] zafkiel.INFO: Request completed {"method":"GET","uri":"/","status":500} []
[2025-07-19T15:09:37.327328+00:00] zafkiel.INFO: Creating dispatcher [] []
[2025-07-19T15:09:37.327582+00:00] zafkiel.INFO: Inside route definition function [] []
[2025-07-19T15:09:37.327674+00:00] zafkiel.INFO: Route definition executed [] []
[2025-07-19T15:09:37.327748+00:00] zafkiel.INFO: Dispatcher created [] []
[2025-07-19T15:09:37.327912+00:00] zafkiel.INFO: Request details {"method":"GET","url":"/public/img/backoffice/core/zafkiel_logo.png","path":"/public/img/backoffice/core/zafkiel_logo.png","basePath":"/zafkiel","relativePath":"/public/img/backoffice/core/zafkiel_logo.png"} []
[2025-07-19T15:09:37.327959+00:00] zafkiel.INFO: Request started {"method":"GET","uri":"/public/img/backoffice/core/zafkiel_logo.png","ip":"127.0.0.1"} []
[2025-07-19T15:09:37.327992+00:00] zafkiel.INFO: Dispatching route [] []
[2025-07-19T15:09:37.328024+00:00] zafkiel.INFO: Route dispatched {"route":[0]} []
[2025-07-19T15:09:37.328085+00:00] zafkiel.INFO: Request completed {"method":"GET","uri":"/public/img/backoffice/core/zafkiel_logo.png","status":404} []
[2025-07-19T15:09:40.325010+00:00] zafkiel.INFO: Creating dispatcher [] []
[2025-07-19T15:09:40.325255+00:00] zafkiel.INFO: Inside route definition function [] []
[2025-07-19T15:09:40.325318+00:00] zafkiel.INFO: Route definition executed [] []
[2025-07-19T15:09:40.325385+00:00] zafkiel.INFO: Dispatcher created [] []
[2025-07-19T15:09:40.325513+00:00] zafkiel.INFO: Request details {"method":"POST","url":"/zafkiel/auth/refresh","path":"/zafkiel/auth/refresh","basePath":"/zafkiel","relativePath":"/auth/refresh"} []
[2025-07-19T15:09:40.325539+00:00] zafkiel.INFO: Request started {"method":"POST","uri":"/zafkiel/auth/refresh","ip":"127.0.0.1"} []
[2025-07-19T15:09:40.325555+00:00] zafkiel.INFO: Dispatching route [] []
[2025-07-19T15:09:40.325568+00:00] zafkiel.INFO: Route dispatched {"route":[1,["Zafkiel\\Presentation\\Controllers\\AuthController","refreshToken"],[]]} []
[2025-07-19T15:09:40.325615+00:00] zafkiel.INFO: Route found {"handler":["Zafkiel\\Presentation\\Controllers\\AuthController","refreshToken"],"vars":[]} []
[2025-07-19T15:09:40.332167+00:00] zafkiel.INFO: Request completed {"method":"POST","uri":"/zafkiel/auth/refresh","status":200} []
[2025-07-19T15:09:40.348909+00:00] zafkiel.INFO: Creating dispatcher [] []
[2025-07-19T15:09:40.349063+00:00] zafkiel.INFO: Inside route definition function [] []
[2025-07-19T15:09:40.349133+00:00] zafkiel.INFO: Route definition executed [] []
[2025-07-19T15:09:40.349195+00:00] zafkiel.INFO: Dispatcher created [] []
[2025-07-19T15:09:40.349329+00:00] zafkiel.INFO: Request details {"method":"POST","url":"/slideshow/fetchPictures","path":"/slideshow/fetchPictures","basePath":"/zafkiel","relativePath":"/slideshow/fetchPictures"} []
[2025-07-19T15:09:40.349357+00:00] zafkiel.INFO: Request started {"method":"POST","uri":"/slideshow/fetchPictures","ip":"127.0.0.1"} []
[2025-07-19T15:09:40.349373+00:00] zafkiel.INFO: Dispatching route [] []
[2025-07-19T15:09:40.349387+00:00] zafkiel.INFO: Route dispatched {"route":[1,["Zafkiel\\Presentation\\Controllers\\SlideshowController","fetchPictures"],[]]} []
[2025-07-19T15:09:40.349426+00:00] zafkiel.INFO: Route found {"handler":["Zafkiel\\Presentation\\Controllers\\SlideshowController","fetchPictures"],"vars":[]} []
[2025-07-19T15:09:40.353950+00:00] zafkiel.INFO: Request completed {"method":"POST","uri":"/slideshow/fetchPictures","status":200} []
[2025-07-19T15:09:40.390374+00:00] zafkiel.INFO: Creating dispatcher [] []
[2025-07-19T15:09:40.390521+00:00] zafkiel.INFO: Inside route definition function [] []
[2025-07-19T15:09:40.390570+00:00] zafkiel.INFO: Route definition executed [] []
[2025-07-19T15:09:40.390607+00:00] zafkiel.INFO: Dispatcher created [] []
[2025-07-19T15:09:40.390690+00:00] zafkiel.INFO: Request details {"method":"GET","url":"/img/zafkiel/backgrounds/file1.jpg","path":"/img/zafkiel/backgrounds/file1.jpg","basePath":"/zafkiel","relativePath":"/img/zafkiel/backgrounds/file1.jpg"} []
[2025-07-19T15:09:40.390719+00:00] zafkiel.INFO: Request started {"method":"GET","uri":"/img/zafkiel/backgrounds/file1.jpg","ip":"127.0.0.1"} []
[2025-07-19T15:09:40.390737+00:00] zafkiel.INFO: Dispatching route [] []
[2025-07-19T15:09:40.390752+00:00] zafkiel.INFO: Route dispatched {"route":[0]} []
[2025-07-19T15:09:40.390785+00:00] zafkiel.INFO: Request completed {"method":"GET","uri":"/img/zafkiel/backgrounds/file1.jpg","status":404} []
[2025-07-19T15:10:44.860171+00:00] zafkiel.INFO: Creating dispatcher [] []
[2025-07-19T15:10:44.860945+00:00] zafkiel.INFO: Inside route definition function [] []
[2025-07-19T15:10:44.861257+00:00] zafkiel.INFO: Route definition executed [] []
[2025-07-19T15:10:44.861471+00:00] zafkiel.INFO: Dispatcher created [] []
[2025-07-19T15:10:44.861999+00:00] zafkiel.INFO: Request details {"method":"POST","url":"/zafkiel/auth/refresh","path":"/zafkiel/auth/refresh","basePath":"/zafkiel","relativePath":"/auth/refresh"} []
[2025-07-19T15:10:44.862107+00:00] zafkiel.INFO: Request started {"method":"POST","uri":"/zafkiel/auth/refresh","ip":"127.0.0.1"} []
[2025-07-19T15:10:44.862281+00:00] zafkiel.INFO: Dispatching route [] []
[2025-07-19T15:10:44.862346+00:00] zafkiel.INFO: Route dispatched {"route":[1,["Zafkiel\\Presentation\\Controllers\\AuthController","refreshToken"],[]]} []
[2025-07-19T15:10:44.862565+00:00] zafkiel.INFO: Route found {"handler":["Zafkiel\\Presentation\\Controllers\\AuthController","refreshToken"],"vars":[]} []
[2025-07-19T15:10:44.877079+00:00] zafkiel.INFO: Request completed {"method":"POST","uri":"/zafkiel/auth/refresh","status":200} []
[2025-07-19T15:10:44.906122+00:00] zafkiel.INFO: Creating dispatcher [] []
[2025-07-19T15:10:44.906300+00:00] zafkiel.INFO: Inside route definition function [] []
[2025-07-19T15:10:44.906349+00:00] zafkiel.INFO: Route definition executed [] []
[2025-07-19T15:10:44.906384+00:00] zafkiel.INFO: Dispatcher created [] []
[2025-07-19T15:10:44.906457+00:00] zafkiel.INFO: Request details {"method":"POST","url":"/slideshow/fetchPictures","path":"/slideshow/fetchPictures","basePath":"/zafkiel","relativePath":"/slideshow/fetchPictures"} []
[2025-07-19T15:10:44.906481+00:00] zafkiel.INFO: Request started {"method":"POST","uri":"/slideshow/fetchPictures","ip":"127.0.0.1"} []
[2025-07-19T15:10:44.906497+00:00] zafkiel.INFO: Dispatching route [] []
[2025-07-19T15:10:44.906512+00:00] zafkiel.INFO: Route dispatched {"route":[1,["Zafkiel\\Presentation\\Controllers\\SlideshowController","fetchPictures"],[]]} []
[2025-07-19T15:10:44.906541+00:00] zafkiel.INFO: Route found {"handler":["Zafkiel\\Presentation\\Controllers\\SlideshowController","fetchPictures"],"vars":[]} []
[2025-07-19T15:10:44.911842+00:00] zafkiel.INFO: Request completed {"method":"POST","uri":"/slideshow/fetchPictures","status":200} []
[2025-07-19T15:10:50.244663+00:00] zafkiel.INFO: Creating dispatcher [] []
[2025-07-19T15:10:50.244907+00:00] zafkiel.INFO: Inside route definition function [] []
[2025-07-19T15:10:50.245101+00:00] zafkiel.INFO: Route definition executed [] []
[2025-07-19T15:10:50.245169+00:00] zafkiel.INFO: Dispatcher created [] []
[2025-07-19T15:10:50.245292+00:00] zafkiel.INFO: Request details {"method":"POST","url":"/zafkiel/auth/refresh","path":"/zafkiel/auth/refresh","basePath":"/zafkiel","relativePath":"/auth/refresh"} []
[2025-07-19T15:10:50.245332+00:00] zafkiel.INFO: Request started {"method":"POST","uri":"/zafkiel/auth/refresh","ip":"127.0.0.1"} []
[2025-07-19T15:10:50.245353+00:00] zafkiel.INFO: Dispatching route [] []
[2025-07-19T15:10:50.245370+00:00] zafkiel.INFO: Route dispatched {"route":[1,["Zafkiel\\Presentation\\Controllers\\AuthController","refreshToken"],[]]} []
[2025-07-19T15:10:50.245414+00:00] zafkiel.INFO: Route found {"handler":["Zafkiel\\Presentation\\Controllers\\AuthController","refreshToken"],"vars":[]} []
[2025-07-19T15:10:50.252029+00:00] zafkiel.INFO: Request completed {"method":"POST","uri":"/zafkiel/auth/refresh","status":200} []
[2025-07-19T15:10:50.294848+00:00] zafkiel.INFO: Creating dispatcher [] []
[2025-07-19T15:10:50.295085+00:00] zafkiel.INFO: Inside route definition function [] []
[2025-07-19T15:10:50.295161+00:00] zafkiel.INFO: Route definition executed [] []
[2025-07-19T15:10:50.295220+00:00] zafkiel.INFO: Dispatcher created [] []
[2025-07-19T15:10:50.295336+00:00] zafkiel.INFO: Request details {"method":"POST","url":"/admin/fetchAdminDetails","path":"/admin/fetchAdminDetails","basePath":"/zafkiel","relativePath":"/admin/fetchAdminDetails"} []
[2025-07-19T15:10:50.295376+00:00] zafkiel.INFO: Request started {"method":"POST","uri":"/admin/fetchAdminDetails","ip":"127.0.0.1"} []
[2025-07-19T15:10:50.295402+00:00] zafkiel.INFO: Dispatching route [] []
[2025-07-19T15:10:50.295425+00:00] zafkiel.INFO: Route dispatched {"route":[1,["Zafkiel\\Presentation\\Controllers\\AdminController","fetchAdminDetails"],[]]} []
[2025-07-19T15:10:50.295472+00:00] zafkiel.INFO: Route found {"handler":["Zafkiel\\Presentation\\Controllers\\AdminController","fetchAdminDetails"],"vars":[]} []
[2025-07-19T15:10:50.301523+00:00] zafkiel.INFO: Request completed {"method":"POST","uri":"/admin/fetchAdminDetails","status":200} []
[2025-07-19T15:12:36.749644+00:00] zafkiel.INFO: Creating dispatcher [] []
[2025-07-19T15:12:36.749845+00:00] zafkiel.INFO: Inside route definition function [] []
[2025-07-19T15:12:36.751535+00:00] zafkiel.INFO: Route definition executed [] []
[2025-07-19T15:12:36.751636+00:00] zafkiel.INFO: Dispatcher created [] []
[2025-07-19T15:12:36.751760+00:00] zafkiel.INFO: Request details {"method":"GET","url":"/","path":"/","basePath":"/zafkiel","relativePath":"/"} []
[2025-07-19T15:12:36.751789+00:00] zafkiel.INFO: Request started {"method":"GET","uri":"/","ip":"127.0.0.1"} []
[2025-07-19T15:12:36.751808+00:00] zafkiel.INFO: Dispatching route [] []
[2025-07-19T15:12:36.751825+00:00] zafkiel.INFO: Route dispatched {"route":[1,["Zafkiel\\Presentation\\Controllers\\HomeController","index"],[]]} []
[2025-07-19T15:12:36.751864+00:00] zafkiel.INFO: Route found {"handler":["Zafkiel\\Presentation\\Controllers\\HomeController","index"],"vars":[]} []
[2025-07-19T15:12:36.758341+00:00] zafkiel.INFO: Request completed {"method":"GET","uri":"/","status":500} []
[2025-07-19T15:12:36.912471+00:00] zafkiel.INFO: Creating dispatcher [] []
[2025-07-19T15:12:36.912711+00:00] zafkiel.INFO: Inside route definition function [] []
[2025-07-19T15:12:36.912794+00:00] zafkiel.INFO: Route definition executed [] []
[2025-07-19T15:12:36.912860+00:00] zafkiel.INFO: Dispatcher created [] []
[2025-07-19T15:12:36.912975+00:00] zafkiel.INFO: Request details {"method":"GET","url":"/public/img/backoffice/core/zafkiel_logo.png","path":"/public/img/backoffice/core/zafkiel_logo.png","basePath":"/zafkiel","relativePath":"/public/img/backoffice/core/zafkiel_logo.png"} []
[2025-07-19T15:12:36.913019+00:00] zafkiel.INFO: Request started {"method":"GET","uri":"/public/img/backoffice/core/zafkiel_logo.png","ip":"127.0.0.1"} []
[2025-07-19T15:12:36.913049+00:00] zafkiel.INFO: Dispatching route [] []
[2025-07-19T15:12:36.913078+00:00] zafkiel.INFO: Route dispatched {"route":[0]} []
[2025-07-19T15:12:36.913133+00:00] zafkiel.INFO: Request completed {"method":"GET","uri":"/public/img/backoffice/core/zafkiel_logo.png","status":404} []
[2025-07-19T15:12:40.639094+00:00] zafkiel.INFO: Creating dispatcher [] []
[2025-07-19T15:12:40.639392+00:00] zafkiel.INFO: Inside route definition function [] []
[2025-07-19T15:12:40.639472+00:00] zafkiel.INFO: Route definition executed [] []
[2025-07-19T15:12:40.639559+00:00] zafkiel.INFO: Dispatcher created [] []
[2025-07-19T15:12:40.639709+00:00] zafkiel.INFO: Request details {"method":"POST","url":"/zafkiel/auth/refresh","path":"/zafkiel/auth/refresh","basePath":"/zafkiel","relativePath":"/auth/refresh"} []
[2025-07-19T15:12:40.639747+00:00] zafkiel.INFO: Request started {"method":"POST","uri":"/zafkiel/auth/refresh","ip":"127.0.0.1"} []
[2025-07-19T15:12:40.639771+00:00] zafkiel.INFO: Dispatching route [] []
[2025-07-19T15:12:40.639788+00:00] zafkiel.INFO: Route dispatched {"route":[1,["Zafkiel\\Presentation\\Controllers\\AuthController","refreshToken"],[]]} []
[2025-07-19T15:12:40.639843+00:00] zafkiel.INFO: Route found {"handler":["Zafkiel\\Presentation\\Controllers\\AuthController","refreshToken"],"vars":[]} []
[2025-07-19T15:12:40.645883+00:00] zafkiel.INFO: Request completed {"method":"POST","uri":"/zafkiel/auth/refresh","status":200} []
[2025-07-19T15:12:40.661901+00:00] zafkiel.INFO: Creating dispatcher [] []
[2025-07-19T15:12:40.662041+00:00] zafkiel.INFO: Inside route definition function [] []
[2025-07-19T15:12:40.662089+00:00] zafkiel.INFO: Route definition executed [] []
[2025-07-19T15:12:40.662125+00:00] zafkiel.INFO: Dispatcher created [] []
[2025-07-19T15:12:40.662210+00:00] zafkiel.INFO: Request details {"method":"POST","url":"/admin/fetchAdminDetails","path":"/admin/fetchAdminDetails","basePath":"/zafkiel","relativePath":"/admin/fetchAdminDetails"} []
[2025-07-19T15:12:40.662237+00:00] zafkiel.INFO: Request started {"method":"POST","uri":"/admin/fetchAdminDetails","ip":"127.0.0.1"} []
[2025-07-19T15:12:40.662255+00:00] zafkiel.INFO: Dispatching route [] []
[2025-07-19T15:12:40.662270+00:00] zafkiel.INFO: Route dispatched {"route":[1,["Zafkiel\\Presentation\\Controllers\\AdminController","fetchAdminDetails"],[]]} []
[2025-07-19T15:12:40.662300+00:00] zafkiel.INFO: Route found {"handler":["Zafkiel\\Presentation\\Controllers\\AdminController","fetchAdminDetails"],"vars":[]} []
[2025-07-19T15:12:40.666248+00:00] zafkiel.INFO: Request completed {"method":"POST","uri":"/admin/fetchAdminDetails","status":200} []
[2025-07-19T15:15:43.251870+00:00] zafkiel.INFO: Creating dispatcher [] []
[2025-07-19T15:15:43.252179+00:00] zafkiel.INFO: Inside route definition function [] []
[2025-07-19T15:15:43.252272+00:00] zafkiel.INFO: Route definition executed [] []
[2025-07-19T15:15:43.252367+00:00] zafkiel.INFO: Dispatcher created [] []
[2025-07-19T15:15:43.252664+00:00] zafkiel.INFO: Request details {"method":"GET","url":"/","path":"/","basePath":"/zafkiel","relativePath":"/"} []
[2025-07-19T15:15:43.252721+00:00] zafkiel.INFO: Request started {"method":"GET","uri":"/","ip":"127.0.0.1"} []
[2025-07-19T15:15:43.252756+00:00] zafkiel.INFO: Dispatching route [] []
[2025-07-19T15:15:43.252792+00:00] zafkiel.INFO: Route dispatched {"route":[1,["Zafkiel\\Presentation\\Controllers\\HomeController","index"],[]]} []
[2025-07-19T15:15:43.252915+00:00] zafkiel.INFO: Route found {"handler":["Zafkiel\\Presentation\\Controllers\\HomeController","index"],"vars":[]} []
[2025-07-19T15:15:43.261645+00:00] zafkiel.INFO: Request completed {"method":"GET","uri":"/","status":500} []
[2025-07-19T15:15:43.384108+00:00] zafkiel.INFO: Creating dispatcher [] []
[2025-07-19T15:15:43.384279+00:00] zafkiel.INFO: Inside route definition function [] []
[2025-07-19T15:15:43.384340+00:00] zafkiel.INFO: Route definition executed [] []
[2025-07-19T15:15:43.384379+00:00] zafkiel.INFO: Dispatcher created [] []
[2025-07-19T15:15:43.384454+00:00] zafkiel.INFO: Request details {"method":"GET","url":"/public/img/backoffice/core/zafkiel_logo.png","path":"/public/img/backoffice/core/zafkiel_logo.png","basePath":"/zafkiel","relativePath":"/public/img/backoffice/core/zafkiel_logo.png"} []
[2025-07-19T15:15:43.384480+00:00] zafkiel.INFO: Request started {"method":"GET","uri":"/public/img/backoffice/core/zafkiel_logo.png","ip":"127.0.0.1"} []
[2025-07-19T15:15:43.384508+00:00] zafkiel.INFO: Dispatching route [] []
[2025-07-19T15:15:43.384526+00:00] zafkiel.INFO: Route dispatched {"route":[0]} []
[2025-07-19T15:15:43.384560+00:00] zafkiel.INFO: Request completed {"method":"GET","uri":"/public/img/backoffice/core/zafkiel_logo.png","status":404} []
[2025-07-19T15:15:46.147010+00:00] zafkiel.INFO: Creating dispatcher [] []
[2025-07-19T15:15:46.147215+00:00] zafkiel.INFO: Inside route definition function [] []
[2025-07-19T15:15:46.147275+00:00] zafkiel.INFO: Route definition executed [] []
[2025-07-19T15:15:46.147325+00:00] zafkiel.INFO: Dispatcher created [] []
[2025-07-19T15:15:46.147417+00:00] zafkiel.INFO: Request details {"method":"POST","url":"/zafkiel/auth/refresh","path":"/zafkiel/auth/refresh","basePath":"/zafkiel","relativePath":"/auth/refresh"} []
[2025-07-19T15:15:46.147450+00:00] zafkiel.INFO: Request started {"method":"POST","uri":"/zafkiel/auth/refresh","ip":"127.0.0.1"} []
[2025-07-19T15:15:46.147469+00:00] zafkiel.INFO: Dispatching route [] []
[2025-07-19T15:15:46.147484+00:00] zafkiel.INFO: Route dispatched {"route":[1,["Zafkiel\\Presentation\\Controllers\\AuthController","refreshToken"],[]]} []
[2025-07-19T15:15:46.147523+00:00] zafkiel.INFO: Route found {"handler":["Zafkiel\\Presentation\\Controllers\\AuthController","refreshToken"],"vars":[]} []
[2025-07-19T15:15:46.153555+00:00] zafkiel.INFO: Request completed {"method":"POST","uri":"/zafkiel/auth/refresh","status":200} []
[2025-07-19T15:15:46.202937+00:00] zafkiel.INFO: Creating dispatcher [] []
[2025-07-19T15:15:46.203120+00:00] zafkiel.INFO: Inside route definition function [] []
[2025-07-19T15:15:46.203180+00:00] zafkiel.INFO: Route definition executed [] []
[2025-07-19T15:15:46.203222+00:00] zafkiel.INFO: Dispatcher created [] []
[2025-07-19T15:15:46.203296+00:00] zafkiel.INFO: Request details {"method":"POST","url":"/slideshow/fetchPictures","path":"/slideshow/fetchPictures","basePath":"/zafkiel","relativePath":"/slideshow/fetchPictures"} []
[2025-07-19T15:15:46.203323+00:00] zafkiel.INFO: Request started {"method":"POST","uri":"/slideshow/fetchPictures","ip":"127.0.0.1"} []
[2025-07-19T15:15:46.203340+00:00] zafkiel.INFO: Dispatching route [] []
[2025-07-19T15:15:46.203355+00:00] zafkiel.INFO: Route dispatched {"route":[1,["Zafkiel\\Presentation\\Controllers\\SlideshowController","fetchPictures"],[]]} []
[2025-07-19T15:15:46.203387+00:00] zafkiel.INFO: Route found {"handler":["Zafkiel\\Presentation\\Controllers\\SlideshowController","fetchPictures"],"vars":[]} []
[2025-07-19T15:15:46.206856+00:00] zafkiel.INFO: Request completed {"method":"POST","uri":"/slideshow/fetchPictures","status":200} []
[2025-07-19T15:15:46.239320+00:00] zafkiel.INFO: Creating dispatcher [] []
[2025-07-19T15:15:46.239474+00:00] zafkiel.INFO: Inside route definition function [] []
[2025-07-19T15:15:46.239523+00:00] zafkiel.INFO: Route definition executed [] []
[2025-07-19T15:15:46.239579+00:00] zafkiel.INFO: Dispatcher created [] []
[2025-07-19T15:15:46.239654+00:00] zafkiel.INFO: Request details {"method":"GET","url":"/img/zafkiel/backgrounds/file1.jpg","path":"/img/zafkiel/backgrounds/file1.jpg","basePath":"/zafkiel","relativePath":"/img/zafkiel/backgrounds/file1.jpg"} []
[2025-07-19T15:15:46.239681+00:00] zafkiel.INFO: Request started {"method":"GET","uri":"/img/zafkiel/backgrounds/file1.jpg","ip":"127.0.0.1"} []
[2025-07-19T15:15:46.239699+00:00] zafkiel.INFO: Dispatching route [] []
[2025-07-19T15:15:46.239715+00:00] zafkiel.INFO: Route dispatched {"route":[0]} []
[2025-07-19T15:15:46.239747+00:00] zafkiel.INFO: Request completed {"method":"GET","uri":"/img/zafkiel/backgrounds/file1.jpg","status":404} []
[2025-07-19T15:15:59.378055+00:00] zafkiel.INFO: Creating dispatcher [] []
[2025-07-19T15:15:59.378340+00:00] zafkiel.INFO: Inside route definition function [] []
[2025-07-19T15:15:59.378413+00:00] zafkiel.INFO: Route definition executed [] []
[2025-07-19T15:15:59.378481+00:00] zafkiel.INFO: Dispatcher created [] []
[2025-07-19T15:15:59.378630+00:00] zafkiel.INFO: Request details {"method":"GET","url":"/","path":"/","basePath":"/zafkiel","relativePath":"/"} []
[2025-07-19T15:15:59.378668+00:00] zafkiel.INFO: Request started {"method":"GET","uri":"/","ip":"127.0.0.1"} []
[2025-07-19T15:15:59.378692+00:00] zafkiel.INFO: Dispatching route [] []
[2025-07-19T15:15:59.378712+00:00] zafkiel.INFO: Route dispatched {"route":[1,["Zafkiel\\Presentation\\Controllers\\HomeController","index"],[]]} []
[2025-07-19T15:15:59.378767+00:00] zafkiel.INFO: Route found {"handler":["Zafkiel\\Presentation\\Controllers\\HomeController","index"],"vars":[]} []
[2025-07-19T15:15:59.393068+00:00] zafkiel.INFO: Request completed {"method":"GET","uri":"/","status":500} []
[2025-07-19T15:15:59.556222+00:00] zafkiel.INFO: Creating dispatcher [] []
[2025-07-19T15:15:59.556404+00:00] zafkiel.INFO: Inside route definition function [] []
[2025-07-19T15:15:59.556471+00:00] zafkiel.INFO: Route definition executed [] []
[2025-07-19T15:15:59.556531+00:00] zafkiel.INFO: Dispatcher created [] []
[2025-07-19T15:15:59.556620+00:00] zafkiel.INFO: Request details {"method":"GET","url":"/public/img/backoffice/core/zafkiel_logo.png","path":"/public/img/backoffice/core/zafkiel_logo.png","basePath":"/zafkiel","relativePath":"/public/img/backoffice/core/zafkiel_logo.png"} []
[2025-07-19T15:15:59.556654+00:00] zafkiel.INFO: Request started {"method":"GET","uri":"/public/img/backoffice/core/zafkiel_logo.png","ip":"127.0.0.1"} []
[2025-07-19T15:15:59.556675+00:00] zafkiel.INFO: Dispatching route [] []
[2025-07-19T15:15:59.556695+00:00] zafkiel.INFO: Route dispatched {"route":[0]} []
[2025-07-19T15:15:59.556734+00:00] zafkiel.INFO: Request completed {"method":"GET","uri":"/public/img/backoffice/core/zafkiel_logo.png","status":404} []
[2025-07-19T15:16:01.324817+00:00] zafkiel.INFO: Creating dispatcher [] []
[2025-07-19T15:16:01.325106+00:00] zafkiel.INFO: Inside route definition function [] []
[2025-07-19T15:16:01.325207+00:00] zafkiel.INFO: Route definition executed [] []
[2025-07-19T15:16:01.325341+00:00] zafkiel.INFO: Dispatcher created [] []
[2025-07-19T15:16:01.325580+00:00] zafkiel.INFO: Request details {"method":"POST","url":"/zafkiel/auth/refresh","path":"/zafkiel/auth/refresh","basePath":"/zafkiel","relativePath":"/auth/refresh"} []
[2025-07-19T15:16:01.325731+00:00] zafkiel.INFO: Request started {"method":"POST","uri":"/zafkiel/auth/refresh","ip":"127.0.0.1"} []
[2025-07-19T15:16:01.325772+00:00] zafkiel.INFO: Dispatching route [] []
[2025-07-19T15:16:01.325808+00:00] zafkiel.INFO: Route dispatched {"route":[1,["Zafkiel\\Presentation\\Controllers\\AuthController","refreshToken"],[]]} []
[2025-07-19T15:16:01.325884+00:00] zafkiel.INFO: Route found {"handler":["Zafkiel\\Presentation\\Controllers\\AuthController","refreshToken"],"vars":[]} []
[2025-07-19T15:16:01.336383+00:00] zafkiel.INFO: Request completed {"method":"POST","uri":"/zafkiel/auth/refresh","status":200} []
[2025-07-19T15:16:01.358174+00:00] zafkiel.INFO: Creating dispatcher [] []
[2025-07-19T15:16:01.358384+00:00] zafkiel.INFO: Inside route definition function [] []
[2025-07-19T15:16:01.358452+00:00] zafkiel.INFO: Route definition executed [] []
[2025-07-19T15:16:01.358504+00:00] zafkiel.INFO: Dispatcher created [] []
[2025-07-19T15:16:01.358607+00:00] zafkiel.INFO: Request details {"method":"POST","url":"/slideshow/fetchPictures","path":"/slideshow/fetchPictures","basePath":"/zafkiel","relativePath":"/slideshow/fetchPictures"} []
[2025-07-19T15:16:01.358645+00:00] zafkiel.INFO: Request started {"method":"POST","uri":"/slideshow/fetchPictures","ip":"127.0.0.1"} []
[2025-07-19T15:16:01.358671+00:00] zafkiel.INFO: Dispatching route [] []
[2025-07-19T15:16:01.358694+00:00] zafkiel.INFO: Route dispatched {"route":[1,["Zafkiel\\Presentation\\Controllers\\SlideshowController","fetchPictures"],[]]} []
[2025-07-19T15:16:01.358740+00:00] zafkiel.INFO: Route found {"handler":["Zafkiel\\Presentation\\Controllers\\SlideshowController","fetchPictures"],"vars":[]} []
[2025-07-19T15:16:01.361798+00:00] zafkiel.INFO: Request completed {"method":"POST","uri":"/slideshow/fetchPictures","status":200} []
[2025-07-19T15:16:01.402962+00:00] zafkiel.INFO: Creating dispatcher [] []
[2025-07-19T15:16:01.403192+00:00] zafkiel.INFO: Inside route definition function [] []
[2025-07-19T15:16:01.403261+00:00] zafkiel.INFO: Route definition executed [] []
[2025-07-19T15:16:01.403314+00:00] zafkiel.INFO: Dispatcher created [] []
[2025-07-19T15:16:01.403420+00:00] zafkiel.INFO: Request details {"method":"GET","url":"/img/zafkiel/backgrounds/file1.jpg","path":"/img/zafkiel/backgrounds/file1.jpg","basePath":"/zafkiel","relativePath":"/img/zafkiel/backgrounds/file1.jpg"} []
[2025-07-19T15:16:01.403458+00:00] zafkiel.INFO: Request started {"method":"GET","uri":"/img/zafkiel/backgrounds/file1.jpg","ip":"127.0.0.1"} []
[2025-07-19T15:16:01.403486+00:00] zafkiel.INFO: Dispatching route [] []
[2025-07-19T15:16:01.403513+00:00] zafkiel.INFO: Route dispatched {"route":[0]} []
[2025-07-19T15:16:01.403562+00:00] zafkiel.INFO: Request completed {"method":"GET","uri":"/img/zafkiel/backgrounds/file1.jpg","status":404} []
[2025-07-19T15:16:03.045917+00:00] zafkiel.INFO: Creating dispatcher [] []
[2025-07-19T15:16:03.046385+00:00] zafkiel.INFO: Inside route definition function [] []
[2025-07-19T15:16:03.046562+00:00] zafkiel.INFO: Route definition executed [] []
[2025-07-19T15:16:03.046711+00:00] zafkiel.INFO: Dispatcher created [] []
[2025-07-19T15:16:03.047005+00:00] zafkiel.INFO: Request details {"method":"POST","url":"/zafkiel/auth/refresh","path":"/zafkiel/auth/refresh","basePath":"/zafkiel","relativePath":"/auth/refresh"} []
[2025-07-19T15:16:03.047084+00:00] zafkiel.INFO: Request started {"method":"POST","uri":"/zafkiel/auth/refresh","ip":"127.0.0.1"} []
[2025-07-19T15:16:03.047117+00:00] zafkiel.INFO: Dispatching route [] []
[2025-07-19T15:16:03.047151+00:00] zafkiel.INFO: Route dispatched {"route":[1,["Zafkiel\\Presentation\\Controllers\\AuthController","refreshToken"],[]]} []
[2025-07-19T15:16:03.047252+00:00] zafkiel.INFO: Route found {"handler":["Zafkiel\\Presentation\\Controllers\\AuthController","refreshToken"],"vars":[]} []
[2025-07-19T15:16:03.058686+00:00] zafkiel.INFO: Request completed {"method":"POST","uri":"/zafkiel/auth/refresh","status":200} []
[2025-07-19T15:16:03.079580+00:00] zafkiel.INFO: Creating dispatcher [] []
[2025-07-19T15:16:03.079873+00:00] zafkiel.INFO: Inside route definition function [] []
[2025-07-19T15:16:03.079987+00:00] zafkiel.INFO: Route definition executed [] []
[2025-07-19T15:16:03.080053+00:00] zafkiel.INFO: Dispatcher created [] []
[2025-07-19T15:16:03.080193+00:00] zafkiel.INFO: Request details {"method":"POST","url":"/slideshow/fetchPictures","path":"/slideshow/fetchPictures","basePath":"/zafkiel","relativePath":"/slideshow/fetchPictures"} []
[2025-07-19T15:16:03.080225+00:00] zafkiel.INFO: Request started {"method":"POST","uri":"/slideshow/fetchPictures","ip":"127.0.0.1"} []
[2025-07-19T15:16:03.080252+00:00] zafkiel.INFO: Dispatching route [] []
[2025-07-19T15:16:03.080275+00:00] zafkiel.INFO: Route dispatched {"route":[1,["Zafkiel\\Presentation\\Controllers\\SlideshowController","fetchPictures"],[]]} []
[2025-07-19T15:16:03.080324+00:00] zafkiel.INFO: Route found {"handler":["Zafkiel\\Presentation\\Controllers\\SlideshowController","fetchPictures"],"vars":[]} []
[2025-07-19T15:16:03.085342+00:00] zafkiel.INFO: Request completed {"method":"POST","uri":"/slideshow/fetchPictures","status":200} []
[2025-07-19T15:16:20.124132+00:00] zafkiel.INFO: Creating dispatcher [] []
[2025-07-19T15:16:20.124502+00:00] zafkiel.INFO: Inside route definition function [] []
[2025-07-19T15:16:20.124612+00:00] zafkiel.INFO: Route definition executed [] []
[2025-07-19T15:16:20.124742+00:00] zafkiel.INFO: Dispatcher created [] []
[2025-07-19T15:16:20.124940+00:00] zafkiel.INFO: Request details {"method":"GET","url":"/","path":"/","basePath":"/zafkiel","relativePath":"/"} []
[2025-07-19T15:16:20.124977+00:00] zafkiel.INFO: Request started {"method":"GET","uri":"/","ip":"127.0.0.1"} []
[2025-07-19T15:16:20.125010+00:00] zafkiel.INFO: Dispatching route [] []
[2025-07-19T15:16:20.125052+00:00] zafkiel.INFO: Route dispatched {"route":[1,["Zafkiel\\Presentation\\Controllers\\HomeController","index"],[]]} []
[2025-07-19T15:16:20.125142+00:00] zafkiel.INFO: Route found {"handler":["Zafkiel\\Presentation\\Controllers\\HomeController","index"],"vars":[]} []
[2025-07-19T15:16:20.136087+00:00] zafkiel.INFO: Request completed {"method":"GET","uri":"/","status":500} []
[2025-07-19T15:16:20.336528+00:00] zafkiel.INFO: Creating dispatcher [] []
[2025-07-19T15:16:20.336745+00:00] zafkiel.INFO: Inside route definition function [] []
[2025-07-19T15:16:20.336849+00:00] zafkiel.INFO: Route definition executed [] []
[2025-07-19T15:16:20.336922+00:00] zafkiel.INFO: Dispatcher created [] []
[2025-07-19T15:16:20.337058+00:00] zafkiel.INFO: Request details {"method":"GET","url":"/public/img/backoffice/core/zafkiel_logo.png","path":"/public/img/backoffice/core/zafkiel_logo.png","basePath":"/zafkiel","relativePath":"/public/img/backoffice/core/zafkiel_logo.png"} []
[2025-07-19T15:16:20.337101+00:00] zafkiel.INFO: Request started {"method":"GET","uri":"/public/img/backoffice/core/zafkiel_logo.png","ip":"127.0.0.1"} []
[2025-07-19T15:16:20.337136+00:00] zafkiel.INFO: Dispatching route [] []
[2025-07-19T15:16:20.337169+00:00] zafkiel.INFO: Route dispatched {"route":[0]} []
[2025-07-19T15:16:20.337229+00:00] zafkiel.INFO: Request completed {"method":"GET","uri":"/public/img/backoffice/core/zafkiel_logo.png","status":404} []
[2025-07-19T15:16:22.060465+00:00] zafkiel.INFO: Creating dispatcher [] []
[2025-07-19T15:16:22.060649+00:00] zafkiel.INFO: Inside route definition function [] []
[2025-07-19T15:16:22.060717+00:00] zafkiel.INFO: Route definition executed [] []
[2025-07-19T15:16:22.060770+00:00] zafkiel.INFO: Dispatcher created [] []
[2025-07-19T15:16:22.060874+00:00] zafkiel.INFO: Request details {"method":"POST","url":"/zafkiel/auth/refresh","path":"/zafkiel/auth/refresh","basePath":"/zafkiel","relativePath":"/auth/refresh"} []
[2025-07-19T15:16:22.060911+00:00] zafkiel.INFO: Request started {"method":"POST","uri":"/zafkiel/auth/refresh","ip":"127.0.0.1"} []
[2025-07-19T15:16:22.060938+00:00] zafkiel.INFO: Dispatching route [] []
[2025-07-19T15:16:22.060961+00:00] zafkiel.INFO: Route dispatched {"route":[1,["Zafkiel\\Presentation\\Controllers\\AuthController","refreshToken"],[]]} []
[2025-07-19T15:16:22.061005+00:00] zafkiel.INFO: Route found {"handler":["Zafkiel\\Presentation\\Controllers\\AuthController","refreshToken"],"vars":[]} []
[2025-07-19T15:16:22.068685+00:00] zafkiel.INFO: Request completed {"method":"POST","uri":"/zafkiel/auth/refresh","status":200} []
[2025-07-19T15:16:22.094298+00:00] zafkiel.INFO: Creating dispatcher [] []
[2025-07-19T15:16:22.094515+00:00] zafkiel.INFO: Inside route definition function [] []
[2025-07-19T15:16:22.094587+00:00] zafkiel.INFO: Route definition executed [] []
[2025-07-19T15:16:22.094641+00:00] zafkiel.INFO: Dispatcher created [] []
[2025-07-19T15:16:22.094748+00:00] zafkiel.INFO: Request details {"method":"POST","url":"/slideshow/fetchPictures","path":"/slideshow/fetchPictures","basePath":"/zafkiel","relativePath":"/slideshow/fetchPictures"} []
[2025-07-19T15:16:22.094787+00:00] zafkiel.INFO: Request started {"method":"POST","uri":"/slideshow/fetchPictures","ip":"127.0.0.1"} []
[2025-07-19T15:16:22.094813+00:00] zafkiel.INFO: Dispatching route [] []
[2025-07-19T15:16:22.094837+00:00] zafkiel.INFO: Route dispatched {"route":[1,["Zafkiel\\Presentation\\Controllers\\SlideshowController","fetchPictures"],[]]} []
[2025-07-19T15:16:22.094884+00:00] zafkiel.INFO: Route found {"handler":["Zafkiel\\Presentation\\Controllers\\SlideshowController","fetchPictures"],"vars":[]} []
[2025-07-19T15:16:22.098115+00:00] zafkiel.INFO: Request completed {"method":"POST","uri":"/slideshow/fetchPictures","status":200} []
[2025-07-19T15:16:22.122825+00:00] zafkiel.INFO: Creating dispatcher [] []
[2025-07-19T15:16:22.123055+00:00] zafkiel.INFO: Inside route definition function [] []
[2025-07-19T15:16:22.123128+00:00] zafkiel.INFO: Route definition executed [] []
[2025-07-19T15:16:22.123195+00:00] zafkiel.INFO: Dispatcher created [] []
[2025-07-19T15:16:22.123304+00:00] zafkiel.INFO: Request details {"method":"GET","url":"/img/zafkiel/backgrounds/file1.jpg","path":"/img/zafkiel/backgrounds/file1.jpg","basePath":"/zafkiel","relativePath":"/img/zafkiel/backgrounds/file1.jpg"} []
[2025-07-19T15:16:22.123343+00:00] zafkiel.INFO: Request started {"method":"GET","uri":"/img/zafkiel/backgrounds/file1.jpg","ip":"127.0.0.1"} []
[2025-07-19T15:16:22.123370+00:00] zafkiel.INFO: Dispatching route [] []
[2025-07-19T15:16:22.123396+00:00] zafkiel.INFO: Route dispatched {"route":[0]} []
[2025-07-19T15:16:22.123443+00:00] zafkiel.INFO: Request completed {"method":"GET","uri":"/img/zafkiel/backgrounds/file1.jpg","status":404} []
[2025-07-19T15:16:23.058510+00:00] zafkiel.INFO: Creating dispatcher [] []
[2025-07-19T15:16:23.058917+00:00] zafkiel.INFO: Inside route definition function [] []
[2025-07-19T15:16:23.059019+00:00] zafkiel.INFO: Route definition executed [] []
[2025-07-19T15:16:23.059135+00:00] zafkiel.INFO: Dispatcher created [] []
[2025-07-19T15:16:23.059355+00:00] zafkiel.INFO: Request details {"method":"POST","url":"/zafkiel/auth/refresh","path":"/zafkiel/auth/refresh","basePath":"/zafkiel","relativePath":"/auth/refresh"} []
[2025-07-19T15:16:23.059398+00:00] zafkiel.INFO: Request started {"method":"POST","uri":"/zafkiel/auth/refresh","ip":"127.0.0.1"} []
[2025-07-19T15:16:23.059429+00:00] zafkiel.INFO: Dispatching route [] []
[2025-07-19T15:16:23.059457+00:00] zafkiel.INFO: Route dispatched {"route":[1,["Zafkiel\\Presentation\\Controllers\\AuthController","refreshToken"],[]]} []
[2025-07-19T15:16:23.059541+00:00] zafkiel.INFO: Route found {"handler":["Zafkiel\\Presentation\\Controllers\\AuthController","refreshToken"],"vars":[]} []
[2025-07-19T15:16:23.070669+00:00] zafkiel.INFO: Request completed {"method":"POST","uri":"/zafkiel/auth/refresh","status":200} []
[2025-07-19T15:16:23.118246+00:00] zafkiel.INFO: Creating dispatcher [] []
[2025-07-19T15:16:23.118482+00:00] zafkiel.INFO: Inside route definition function [] []
[2025-07-19T15:16:23.118554+00:00] zafkiel.INFO: Route definition executed [] []
[2025-07-19T15:16:23.118609+00:00] zafkiel.INFO: Dispatcher created [] []
[2025-07-19T15:16:23.118720+00:00] zafkiel.INFO: Request details {"method":"POST","url":"/slideshow/fetchPictures","path":"/slideshow/fetchPictures","basePath":"/zafkiel","relativePath":"/slideshow/fetchPictures"} []
[2025-07-19T15:16:23.118785+00:00] zafkiel.INFO: Request started {"method":"POST","uri":"/slideshow/fetchPictures","ip":"127.0.0.1"} []
[2025-07-19T15:16:23.118812+00:00] zafkiel.INFO: Dispatching route [] []
[2025-07-19T15:16:23.118838+00:00] zafkiel.INFO: Route dispatched {"route":[1,["Zafkiel\\Presentation\\Controllers\\SlideshowController","fetchPictures"],[]]} []
[2025-07-19T15:16:23.118890+00:00] zafkiel.INFO: Route found {"handler":["Zafkiel\\Presentation\\Controllers\\SlideshowController","fetchPictures"],"vars":[]} []
[2025-07-19T15:16:23.127027+00:00] zafkiel.INFO: Request completed {"method":"POST","uri":"/slideshow/fetchPictures","status":200} []
[2025-07-19T15:19:42.489869+00:00] zafkiel.INFO: Creating dispatcher [] []
[2025-07-19T15:19:42.490324+00:00] zafkiel.INFO: Inside route definition function [] []
[2025-07-19T15:19:42.490440+00:00] zafkiel.INFO: Route definition executed [] []
[2025-07-19T15:19:42.490548+00:00] zafkiel.INFO: Dispatcher created [] []
[2025-07-19T15:19:42.490714+00:00] zafkiel.INFO: Request details {"method":"GET","url":"/","path":"/","basePath":"/zafkiel","relativePath":"/"} []
[2025-07-19T15:19:42.490750+00:00] zafkiel.INFO: Request started {"method":"GET","uri":"/","ip":"127.0.0.1"} []
[2025-07-19T15:19:42.490772+00:00] zafkiel.INFO: Dispatching route [] []
[2025-07-19T15:19:42.490791+00:00] zafkiel.INFO: Route dispatched {"route":[1,["Zafkiel\\Presentation\\Controllers\\HomeController","index"],[]]} []
[2025-07-19T15:19:42.490841+00:00] zafkiel.INFO: Route found {"handler":["Zafkiel\\Presentation\\Controllers\\HomeController","index"],"vars":[]} []
[2025-07-19T15:19:42.502669+00:00] zafkiel.INFO: Request completed {"method":"GET","uri":"/","status":500} []
[2025-07-19T15:19:42.710032+00:00] zafkiel.INFO: Creating dispatcher [] []
[2025-07-19T15:19:42.710281+00:00] zafkiel.INFO: Inside route definition function [] []
[2025-07-19T15:19:42.710363+00:00] zafkiel.INFO: Route definition executed [] []
[2025-07-19T15:19:42.710429+00:00] zafkiel.INFO: Dispatcher created [] []
[2025-07-19T15:19:42.710577+00:00] zafkiel.INFO: Request details {"method":"GET","url":"/public/img/backoffice/core/zafkiel_logo.png","path":"/public/img/backoffice/core/zafkiel_logo.png","basePath":"/zafkiel","relativePath":"/public/img/backoffice/core/zafkiel_logo.png"} []
[2025-07-19T15:19:42.710620+00:00] zafkiel.INFO: Request started {"method":"GET","uri":"/public/img/backoffice/core/zafkiel_logo.png","ip":"127.0.0.1"} []
[2025-07-19T15:19:42.710652+00:00] zafkiel.INFO: Dispatching route [] []
[2025-07-19T15:19:42.710681+00:00] zafkiel.INFO: Route dispatched {"route":[0]} []
[2025-07-19T15:19:42.710736+00:00] zafkiel.INFO: Request completed {"method":"GET","uri":"/public/img/backoffice/core/zafkiel_logo.png","status":404} []
[2025-07-19T15:19:45.846526+00:00] zafkiel.INFO: Creating dispatcher [] []
[2025-07-19T15:19:45.846795+00:00] zafkiel.INFO: Inside route definition function [] []
[2025-07-19T15:19:45.846865+00:00] zafkiel.INFO: Route definition executed [] []
[2025-07-19T15:19:45.846944+00:00] zafkiel.INFO: Dispatcher created [] []
[2025-07-19T15:19:45.847082+00:00] zafkiel.INFO: Request details {"method":"POST","url":"/zafkiel/auth/refresh","path":"/zafkiel/auth/refresh","basePath":"/zafkiel","relativePath":"/auth/refresh"} []
[2025-07-19T15:19:45.847112+00:00] zafkiel.INFO: Request started {"method":"POST","uri":"/zafkiel/auth/refresh","ip":"127.0.0.1"} []
[2025-07-19T15:19:45.847132+00:00] zafkiel.INFO: Dispatching route [] []
[2025-07-19T15:19:45.847150+00:00] zafkiel.INFO: Route dispatched {"route":[1,["Zafkiel\\Presentation\\Controllers\\AuthController","refreshToken"],[]]} []
[2025-07-19T15:19:45.847209+00:00] zafkiel.INFO: Route found {"handler":["Zafkiel\\Presentation\\Controllers\\AuthController","refreshToken"],"vars":[]} []
[2025-07-19T15:19:45.875000+00:00] zafkiel.INFO: Request completed {"method":"POST","uri":"/zafkiel/auth/refresh","status":200} []
[2025-07-19T15:19:45.916483+00:00] zafkiel.INFO: Creating dispatcher [] []
[2025-07-19T15:19:45.916697+00:00] zafkiel.INFO: Inside route definition function [] []
[2025-07-19T15:19:45.916771+00:00] zafkiel.INFO: Route definition executed [] []
[2025-07-19T15:19:45.916831+00:00] zafkiel.INFO: Dispatcher created [] []
[2025-07-19T15:19:45.916973+00:00] zafkiel.INFO: Request details {"method":"POST","url":"/admin/fetchAdminDetails","path":"/admin/fetchAdminDetails","basePath":"/zafkiel","relativePath":"/admin/fetchAdminDetails"} []
[2025-07-19T15:19:45.917013+00:00] zafkiel.INFO: Request started {"method":"POST","uri":"/admin/fetchAdminDetails","ip":"127.0.0.1"} []
[2025-07-19T15:19:45.917040+00:00] zafkiel.INFO: Dispatching route [] []
[2025-07-19T15:19:45.917065+00:00] zafkiel.INFO: Route dispatched {"route":[1,["Zafkiel\\Presentation\\Controllers\\AdminController","fetchAdminDetails"],[]]} []
[2025-07-19T15:19:45.917112+00:00] zafkiel.INFO: Route found {"handler":["Zafkiel\\Presentation\\Controllers\\AdminController","fetchAdminDetails"],"vars":[]} []
[2025-07-19T15:19:45.920806+00:00] zafkiel.INFO: Request completed {"method":"POST","uri":"/admin/fetchAdminDetails","status":200} []
[2025-07-19T15:23:41.314602+00:00] zafkiel.INFO: Creating dispatcher [] []
[2025-07-19T15:23:41.314875+00:00] zafkiel.INFO: Inside route definition function [] []
[2025-07-19T15:23:41.314941+00:00] zafkiel.INFO: Route definition executed [] []
[2025-07-19T15:23:41.315018+00:00] zafkiel.INFO: Dispatcher created [] []
[2025-07-19T15:23:41.315172+00:00] zafkiel.INFO: Request details {"method":"GET","url":"/","path":"/","basePath":"/zafkiel","relativePath":"/"} []
[2025-07-19T15:23:41.315204+00:00] zafkiel.INFO: Request started {"method":"GET","uri":"/","ip":"127.0.0.1"} []
[2025-07-19T15:23:41.315236+00:00] zafkiel.INFO: Dispatching route [] []
[2025-07-19T15:23:41.315281+00:00] zafkiel.INFO: Route dispatched {"route":[1,["Zafkiel\\Presentation\\Controllers\\HomeController","index"],[]]} []
[2025-07-19T15:23:41.315340+00:00] zafkiel.INFO: Route found {"handler":["Zafkiel\\Presentation\\Controllers\\HomeController","index"],"vars":[]} []
[2025-07-19T15:23:41.325152+00:00] zafkiel.INFO: Request completed {"method":"GET","uri":"/","status":500} []
[2025-07-19T15:23:41.462969+00:00] zafkiel.INFO: Creating dispatcher [] []
[2025-07-19T15:23:41.463198+00:00] zafkiel.INFO: Inside route definition function [] []
[2025-07-19T15:23:41.463274+00:00] zafkiel.INFO: Route definition executed [] []
[2025-07-19T15:23:41.463335+00:00] zafkiel.INFO: Dispatcher created [] []
[2025-07-19T15:23:41.463451+00:00] zafkiel.INFO: Request details {"method":"GET","url":"/public/img/backoffice/core/zafkiel_logo.png","path":"/public/img/backoffice/core/zafkiel_logo.png","basePath":"/zafkiel","relativePath":"/public/img/backoffice/core/zafkiel_logo.png"} []
[2025-07-19T15:23:41.463490+00:00] zafkiel.INFO: Request started {"method":"GET","uri":"/public/img/backoffice/core/zafkiel_logo.png","ip":"127.0.0.1"} []
[2025-07-19T15:23:41.463518+00:00] zafkiel.INFO: Dispatching route [] []
[2025-07-19T15:23:41.463555+00:00] zafkiel.INFO: Route dispatched {"route":[0]} []
[2025-07-19T15:23:41.463610+00:00] zafkiel.INFO: Request completed {"method":"GET","uri":"/public/img/backoffice/core/zafkiel_logo.png","status":404} []
[2025-07-19T15:23:45.526908+00:00] zafkiel.INFO: Creating dispatcher [] []
[2025-07-19T15:23:45.527152+00:00] zafkiel.INFO: Inside route definition function [] []
[2025-07-19T15:23:45.527213+00:00] zafkiel.INFO: Route definition executed [] []
[2025-07-19T15:23:45.527282+00:00] zafkiel.INFO: Dispatcher created [] []
[2025-07-19T15:23:45.527443+00:00] zafkiel.INFO: Request details {"method":"POST","url":"/zafkiel/auth/refresh","path":"/zafkiel/auth/refresh","basePath":"/zafkiel","relativePath":"/auth/refresh"} []
[2025-07-19T15:23:45.527483+00:00] zafkiel.INFO: Request started {"method":"POST","uri":"/zafkiel/auth/refresh","ip":"127.0.0.1"} []
[2025-07-19T15:23:45.527503+00:00] zafkiel.INFO: Dispatching route [] []
[2025-07-19T15:23:45.527526+00:00] zafkiel.INFO: Route dispatched {"route":[1,["Zafkiel\\Presentation\\Controllers\\AuthController","refreshToken"],[]]} []
[2025-07-19T15:23:45.527587+00:00] zafkiel.INFO: Route found {"handler":["Zafkiel\\Presentation\\Controllers\\AuthController","refreshToken"],"vars":[]} []
[2025-07-19T15:23:45.533587+00:00] zafkiel.INFO: Request completed {"method":"POST","uri":"/zafkiel/auth/refresh","status":200} []
[2025-07-19T15:23:45.547677+00:00] zafkiel.INFO: Creating dispatcher [] []
[2025-07-19T15:23:45.547816+00:00] zafkiel.INFO: Inside route definition function [] []
[2025-07-19T15:23:45.547864+00:00] zafkiel.INFO: Route definition executed [] []
[2025-07-19T15:23:45.547902+00:00] zafkiel.INFO: Dispatcher created [] []
[2025-07-19T15:23:45.547974+00:00] zafkiel.INFO: Request details {"method":"POST","url":"/admin/fetchAdminDetails","path":"/admin/fetchAdminDetails","basePath":"/zafkiel","relativePath":"/admin/fetchAdminDetails"} []
[2025-07-19T15:23:45.548000+00:00] zafkiel.INFO: Request started {"method":"POST","uri":"/admin/fetchAdminDetails","ip":"127.0.0.1"} []
[2025-07-19T15:23:45.548017+00:00] zafkiel.INFO: Dispatching route [] []
[2025-07-19T15:23:45.548032+00:00] zafkiel.INFO: Route dispatched {"route":[1,["Zafkiel\\Presentation\\Controllers\\AdminController","fetchAdminDetails"],[]]} []
[2025-07-19T15:23:45.548063+00:00] zafkiel.INFO: Route found {"handler":["Zafkiel\\Presentation\\Controllers\\AdminController","fetchAdminDetails"],"vars":[]} []
[2025-07-19T15:23:45.550748+00:00] zafkiel.INFO: Request completed {"method":"POST","uri":"/admin/fetchAdminDetails","status":200} []
[2025-07-19T15:23:59.852655+00:00] zafkiel.INFO: Creating dispatcher [] []
[2025-07-19T15:23:59.852842+00:00] zafkiel.INFO: Inside route definition function [] []
[2025-07-19T15:23:59.852904+00:00] zafkiel.INFO: Route definition executed [] []
[2025-07-19T15:23:59.852954+00:00] zafkiel.INFO: Dispatcher created [] []
[2025-07-19T15:23:59.853044+00:00] zafkiel.INFO: Request details {"method":"GET","url":"/","path":"/","basePath":"/zafkiel","relativePath":"/"} []
[2025-07-19T15:23:59.853070+00:00] zafkiel.INFO: Request started {"method":"GET","uri":"/","ip":"127.0.0.1"} []
[2025-07-19T15:23:59.853088+00:00] zafkiel.INFO: Dispatching route [] []
[2025-07-19T15:23:59.853103+00:00] zafkiel.INFO: Route dispatched {"route":[1,["Zafkiel\\Presentation\\Controllers\\HomeController","index"],[]]} []
[2025-07-19T15:23:59.853141+00:00] zafkiel.INFO: Route found {"handler":["Zafkiel\\Presentation\\Controllers\\HomeController","index"],"vars":[]} []
[2025-07-19T15:23:59.857980+00:00] zafkiel.INFO: Request completed {"method":"GET","uri":"/","status":500} []
[2025-07-19T15:24:00.018514+00:00] zafkiel.INFO: Creating dispatcher [] []
[2025-07-19T15:24:00.018717+00:00] zafkiel.INFO: Inside route definition function [] []
[2025-07-19T15:24:00.018773+00:00] zafkiel.INFO: Route definition executed [] []
[2025-07-19T15:24:00.018822+00:00] zafkiel.INFO: Dispatcher created [] []
[2025-07-19T15:24:00.018934+00:00] zafkiel.INFO: Request details {"method":"GET","url":"/public/img/backoffice/core/zafkiel_logo.png","path":"/public/img/backoffice/core/zafkiel_logo.png","basePath":"/zafkiel","relativePath":"/public/img/backoffice/core/zafkiel_logo.png"} []
[2025-07-19T15:24:00.018975+00:00] zafkiel.INFO: Request started {"method":"GET","uri":"/public/img/backoffice/core/zafkiel_logo.png","ip":"127.0.0.1"} []
[2025-07-19T15:24:00.018998+00:00] zafkiel.INFO: Dispatching route [] []
[2025-07-19T15:24:00.019016+00:00] zafkiel.INFO: Route dispatched {"route":[0]} []
[2025-07-19T15:24:00.019050+00:00] zafkiel.INFO: Request completed {"method":"GET","uri":"/public/img/backoffice/core/zafkiel_logo.png","status":404} []
[2025-07-19T15:24:02.615854+00:00] zafkiel.INFO: Creating dispatcher [] []
[2025-07-19T15:24:02.616139+00:00] zafkiel.INFO: Inside route definition function [] []
[2025-07-19T15:24:02.616200+00:00] zafkiel.INFO: Route definition executed [] []
[2025-07-19T15:24:02.616267+00:00] zafkiel.INFO: Dispatcher created [] []
[2025-07-19T15:24:02.616388+00:00] zafkiel.INFO: Request details {"method":"POST","url":"/zafkiel/auth/refresh","path":"/zafkiel/auth/refresh","basePath":"/zafkiel","relativePath":"/auth/refresh"} []
[2025-07-19T15:24:02.616415+00:00] zafkiel.INFO: Request started {"method":"POST","uri":"/zafkiel/auth/refresh","ip":"127.0.0.1"} []
[2025-07-19T15:24:02.616432+00:00] zafkiel.INFO: Dispatching route [] []
[2025-07-19T15:24:02.616447+00:00] zafkiel.INFO: Route dispatched {"route":[1,["Zafkiel\\Presentation\\Controllers\\AuthController","refreshToken"],[]]} []
[2025-07-19T15:24:02.616495+00:00] zafkiel.INFO: Route found {"handler":["Zafkiel\\Presentation\\Controllers\\AuthController","refreshToken"],"vars":[]} []
[2025-07-19T15:24:02.622610+00:00] zafkiel.INFO: Request completed {"method":"POST","uri":"/zafkiel/auth/refresh","status":200} []
[2025-07-19T15:24:02.660012+00:00] zafkiel.INFO: Creating dispatcher [] []
[2025-07-19T15:24:02.660260+00:00] zafkiel.INFO: Inside route definition function [] []
[2025-07-19T15:24:02.660341+00:00] zafkiel.INFO: Route definition executed [] []
[2025-07-19T15:24:02.660408+00:00] zafkiel.INFO: Dispatcher created [] []
[2025-07-19T15:24:02.660541+00:00] zafkiel.INFO: Request details {"method":"POST","url":"/admin/fetchAdminDetails","path":"/admin/fetchAdminDetails","basePath":"/zafkiel","relativePath":"/admin/fetchAdminDetails"} []
[2025-07-19T15:24:02.660581+00:00] zafkiel.INFO: Request started {"method":"POST","uri":"/admin/fetchAdminDetails","ip":"127.0.0.1"} []
[2025-07-19T15:24:02.660608+00:00] zafkiel.INFO: Dispatching route [] []
[2025-07-19T15:24:02.660635+00:00] zafkiel.INFO: Route dispatched {"route":[1,["Zafkiel\\Presentation\\Controllers\\AdminController","fetchAdminDetails"],[]]} []
[2025-07-19T15:24:02.660693+00:00] zafkiel.INFO: Route found {"handler":["Zafkiel\\Presentation\\Controllers\\AdminController","fetchAdminDetails"],"vars":[]} []
[2025-07-19T15:24:02.665325+00:00] zafkiel.INFO: Request completed {"method":"POST","uri":"/admin/fetchAdminDetails","status":200} []
[2025-07-19T15:24:04.133748+00:00] zafkiel.INFO: Creating dispatcher [] []
[2025-07-19T15:24:04.133992+00:00] zafkiel.INFO: Inside route definition function [] []
[2025-07-19T15:24:04.134063+00:00] zafkiel.INFO: Route definition executed [] []
[2025-07-19T15:24:04.134105+00:00] zafkiel.INFO: Dispatcher created [] []
[2025-07-19T15:24:04.134211+00:00] zafkiel.INFO: Request details {"method":"POST","url":"/zafkiel/auth/refresh","path":"/zafkiel/auth/refresh","basePath":"/zafkiel","relativePath":"/auth/refresh"} []
[2025-07-19T15:24:04.134240+00:00] zafkiel.INFO: Request started {"method":"POST","uri":"/zafkiel/auth/refresh","ip":"127.0.0.1"} []
[2025-07-19T15:24:04.134258+00:00] zafkiel.INFO: Dispatching route [] []
[2025-07-19T15:24:04.134277+00:00] zafkiel.INFO: Route dispatched {"route":[1,["Zafkiel\\Presentation\\Controllers\\AuthController","refreshToken"],[]]} []
[2025-07-19T15:24:04.134319+00:00] zafkiel.INFO: Route found {"handler":["Zafkiel\\Presentation\\Controllers\\AuthController","refreshToken"],"vars":[]} []
[2025-07-19T15:24:04.156831+00:00] zafkiel.INFO: Request completed {"method":"POST","uri":"/zafkiel/auth/refresh","status":200} []
[2025-07-19T15:24:04.199067+00:00] zafkiel.INFO: Creating dispatcher [] []
[2025-07-19T15:24:04.199331+00:00] zafkiel.INFO: Inside route definition function [] []
[2025-07-19T15:24:04.199399+00:00] zafkiel.INFO: Route definition executed [] []
[2025-07-19T15:24:04.199450+00:00] zafkiel.INFO: Dispatcher created [] []
[2025-07-19T15:24:04.199555+00:00] zafkiel.INFO: Request details {"method":"POST","url":"/admin/fetchDangerZone","path":"/admin/fetchDangerZone","basePath":"/zafkiel","relativePath":"/admin/fetchDangerZone"} []
[2025-07-19T15:24:04.199590+00:00] zafkiel.INFO: Request started {"method":"POST","uri":"/admin/fetchDangerZone","ip":"127.0.0.1"} []
[2025-07-19T15:24:04.199613+00:00] zafkiel.INFO: Dispatching route [] []
[2025-07-19T15:24:04.199633+00:00] zafkiel.INFO: Route dispatched {"route":[1,["Zafkiel\\Presentation\\Controllers\\AdminController","fetchDangerZone"],[]]} []
[2025-07-19T15:24:04.199674+00:00] zafkiel.INFO: Route found {"handler":["Zafkiel\\Presentation\\Controllers\\AdminController","fetchDangerZone"],"vars":[]} []
[2025-07-19T15:24:04.200186+00:00] zafkiel.INFO: Request completed {"method":"POST","uri":"/admin/fetchDangerZone","status":500} []
